#
# There is insufficient memory for the Java Runtime Environment to continue.
# Native memory allocation (malloc) failed to allocate 5042768 bytes for Chunk::new
# Possible reasons:
#   The system is out of physical RAM or swap space
#   The process is running with CompressedOops enabled, and the Java Heap may be blocking the growth of the native heap
# Possible solutions:
#   Reduce memory load on the system
#   Increase physical memory or swap space
#   Check if swap backing store is full
#   Decrease Java heap size (-Xmx/-Xms)
#   Decrease number of Java threads
#   Decrease Java thread stack sizes (-Xss)
#   Set larger code cache with -XX:ReservedCodeCacheSize=
#   JVM is running with Zero Based Compressed Oops mode in which the Java heap is
#     placed in the first 32GB address space. The Java Heap base address is the
#     maximum limit for the native heap growth. Please use -XX:HeapBaseMinAddress
#     to set the Java Heap base and to place the Java Heap above 32GB virtual address.
# This output file may be truncated or incomplete.
#
#  Out of Memory Error (arena.cpp:191), pid=21468, tid=7276
#
# JRE version: OpenJDK Runtime Environment Temurin-17.0.9+9 (17.0.9+9) (build 17.0.9+9)
# Java VM: OpenJDK 64-Bit Server VM Temurin-17.0.9+9 (17.0.9+9, mixed mode, sharing, tiered, compressed oops, compressed class ptrs, g1 gc, windows-amd64)
# No core dump will be written. Minidumps are not enabled by default on client versions of Windows
#

---------------  S U M M A R Y ------------

Command Line: -Dclassworlds.conf=C:\Program Files\NetBeans-20\netbeans\java\maven\bin\m2.conf -Dmaven.home=C:\Program Files\NetBeans-20\netbeans\java\maven -Dlibrary.jansi.path=C:\Program Files\NetBeans-20\netbeans\java\maven\lib\jansi-native -Dmaven.multiModuleProjectDirectory=C:\DiscoD\ProeyectoSpringBoot\scsfparent\businessdomain\sites org.codehaus.plexus.classworlds.launcher.Launcher -Dmaven.ext.class.path=C:\Program Files\NetBeans-20\netbeans\java\maven-nblib\netbeans-eventspy.jar -Dfile.encoding=UTF-8 --no-transfer-progress clean install

Host: 13th Gen Intel(R) Core(TM) i7-1355U, 12 cores, 15G,  Windows 11 , 64 bit Build 22621 (10.0.22621.3527)
Time: Mon May 20 15:53:57 2024 Hora est. Pacífico, Sudamérica elapsed time: 8.986417 seconds (0d 0h 0m 8s)

---------------  T H R E A D  ---------------

Current thread (0x0000021fa36c50b0):  JavaThread "C2 CompilerThread2" daemon [_thread_in_native, id=7276, stack(0x000000446e200000,0x000000446e300000)]


Current CompileTask:
C2:   8986 9583       4       org.codehaus.plexus.classworlds.realm.ClassRealm::loadClass (7 bytes)

Stack: [0x000000446e200000,0x000000446e300000]
Native frames: (J=compiled Java code, j=interpreted, Vv=VM code, C=native code)
V  [jvm.dll+0x67cf49]
V  [jvm.dll+0x83478a]
V  [jvm.dll+0x83624e]
V  [jvm.dll+0x8368b3]
V  [jvm.dll+0x247f1f]
V  [jvm.dll+0xac43c]
V  [jvm.dll+0xaca8c]
V  [jvm.dll+0x367067]
V  [jvm.dll+0x3313ba]
V  [jvm.dll+0x33085a]
V  [jvm.dll+0x21a5b1]
V  [jvm.dll+0x2199d1]
V  [jvm.dll+0x1a57cd]
V  [jvm.dll+0x2297ae]
V  [jvm.dll+0x22797c]
V  [jvm.dll+0x7e9877]
V  [jvm.dll+0x7e3c3a]
V  [jvm.dll+0x67be35]
C  [ucrtbase.dll+0x29333]
C  [KERNEL32.DLL+0x1257d]
C  [ntdll.dll+0x5aa48]


---------------  P R O C E S S  ---------------

Threads class SMR info:
_java_thread_list=0x0000021fa53ebce0, length=14, elements={
0x0000021f361fdff0, 0x0000021f5b639530, 0x0000021f5b63a2c0, 0x0000021f5b77eeb0,
0x0000021f5b77f980, 0x0000021f5b78b290, 0x0000021f5b78bb60, 0x0000021f5b78e770,
0x0000021f5b78f080, 0x0000021f5b7919a0, 0x0000021f5b8be9b0, 0x0000021f5b8c7b80,
0x0000021fa36c3620, 0x0000021fa36c50b0
}

Java Threads: ( => current thread )
  0x0000021f361fdff0 JavaThread "main" [_thread_in_Java, id=26776, stack(0x000000446c200000,0x000000446c300000)]
  0x0000021f5b639530 JavaThread "Reference Handler" daemon [_thread_blocked, id=26312, stack(0x000000446c900000,0x000000446ca00000)]
  0x0000021f5b63a2c0 JavaThread "Finalizer" daemon [_thread_blocked, id=22168, stack(0x000000446ca00000,0x000000446cb00000)]
  0x0000021f5b77eeb0 JavaThread "Signal Dispatcher" daemon [_thread_blocked, id=17452, stack(0x000000446cb00000,0x000000446cc00000)]
  0x0000021f5b77f980 JavaThread "Attach Listener" daemon [_thread_blocked, id=21068, stack(0x000000446cc00000,0x000000446cd00000)]
  0x0000021f5b78b290 JavaThread "Service Thread" daemon [_thread_blocked, id=24644, stack(0x000000446cd00000,0x000000446ce00000)]
  0x0000021f5b78bb60 JavaThread "Monitor Deflation Thread" daemon [_thread_blocked, id=23900, stack(0x000000446ce00000,0x000000446cf00000)]
  0x0000021f5b78e770 JavaThread "C2 CompilerThread0" daemon [_thread_in_native, id=24816, stack(0x000000446cf00000,0x000000446d000000)]
  0x0000021f5b78f080 JavaThread "C1 CompilerThread0" daemon [_thread_blocked, id=10272, stack(0x000000446d000000,0x000000446d100000)]
  0x0000021f5b7919a0 JavaThread "Sweeper thread" daemon [_thread_blocked, id=24704, stack(0x000000446d100000,0x000000446d200000)]
  0x0000021f5b8be9b0 JavaThread "Notification Thread" daemon [_thread_blocked, id=26768, stack(0x000000446d200000,0x000000446d300000)]
  0x0000021f5b8c7b80 JavaThread "Common-Cleaner" daemon [_thread_blocked, id=25180, stack(0x000000446d400000,0x000000446d500000)]
  0x0000021fa36c3620 JavaThread "C2 CompilerThread1" daemon [_thread_blocked, id=21536, stack(0x000000446d600000,0x000000446d700000)]
=>0x0000021fa36c50b0 JavaThread "C2 CompilerThread2" daemon [_thread_in_native, id=7276, stack(0x000000446e200000,0x000000446e300000)]

Other Threads:
  0x0000021f5b632a00 VMThread "VM Thread" [stack: 0x000000446c800000,0x000000446c900000] [id=6396]
  0x0000021f5b8c32c0 WatcherThread [stack: 0x000000446d300000,0x000000446d400000] [id=16908]
  0x0000021f3844b2e0 GCTaskThread "GC Thread#0" [stack: 0x000000446c300000,0x000000446c400000] [id=18572]
  0x0000021fa17fe880 GCTaskThread "GC Thread#1" [stack: 0x000000446d700000,0x000000446d800000] [id=26488]
  0x0000021fa17feb40 GCTaskThread "GC Thread#2" [stack: 0x000000446d800000,0x000000446d900000] [id=15344]
  0x0000021fa1862d20 GCTaskThread "GC Thread#3" [stack: 0x000000446d900000,0x000000446da00000] [id=25612]
  0x0000021fa1862fe0 GCTaskThread "GC Thread#4" [stack: 0x000000446da00000,0x000000446db00000] [id=22252]
  0x0000021fa1d0ce70 GCTaskThread "GC Thread#5" [stack: 0x000000446db00000,0x000000446dc00000] [id=16852]
  0x0000021fa194fcd0 GCTaskThread "GC Thread#6" [stack: 0x000000446dc00000,0x000000446dd00000] [id=20492]
  0x0000021fa194ff90 GCTaskThread "GC Thread#7" [stack: 0x000000446dd00000,0x000000446de00000] [id=1084]
  0x0000021fa1df60d0 GCTaskThread "GC Thread#8" [stack: 0x000000446de00000,0x000000446df00000] [id=10944]
  0x0000021fa1df6390 GCTaskThread "GC Thread#9" [stack: 0x000000446df00000,0x000000446e000000] [id=14212]
  0x0000021f3845bc50 ConcurrentGCThread "G1 Main Marker" [stack: 0x000000446c400000,0x000000446c500000] [id=25244]
  0x0000021f3845c580 ConcurrentGCThread "G1 Conc#0" [stack: 0x000000446c500000,0x000000446c600000] [id=24436]
  0x0000021fa2368330 ConcurrentGCThread "G1 Conc#1" [stack: 0x000000446e000000,0x000000446e100000] [id=15216]
  0x0000021fa23685f0 ConcurrentGCThread "G1 Conc#2" [stack: 0x000000446e100000,0x000000446e200000] [id=24820]
  0x0000021f5b4f05a0 ConcurrentGCThread "G1 Refine#0" [stack: 0x000000446c600000,0x000000446c700000] [id=25228]
  0x0000021fa53efca0 ConcurrentGCThread "G1 Refine#1" [stack: 0x000000446d500000,0x000000446d600000] [id=6024]
  0x0000021f5b4f0de0 ConcurrentGCThread "G1 Service" [stack: 0x000000446c700000,0x000000446c800000] [id=26992]

Threads with active compile tasks:
C2 CompilerThread0     9006 9584   !   4       org.codehaus.plexus.classworlds.realm.ClassRealm::loadClass (33 bytes)
C2 CompilerThread2     9007 9583       4       org.codehaus.plexus.classworlds.realm.ClassRealm::loadClass (7 bytes)

VM state: not at safepoint (normal execution)

VM Mutex/Monitor currently owned by a thread: None

Heap address: 0x0000000704e00000, size: 4018 MB, Compressed Oops mode: Zero based, Oop shift amount: 3

CDS archive(s) mapped at: [0x0000021f5c000000-0x0000021f5cba0000-0x0000021f5cba0000), size 12189696, SharedBaseAddress: 0x0000021f5c000000, ArchiveRelocationMode: 1.
Compressed class space mapped at: 0x0000021f5d000000-0x0000021f9d000000, reserved size: 1073741824
Narrow klass base: 0x0000021f5c000000, Narrow klass shift: 0, Narrow klass range: 0x100000000

GC Precious Log:
 CPUs: 12 total, 12 available
 Memory: 16068M
 Large Page Support: Disabled
 NUMA Support: Disabled
 Compressed Oops: Enabled (Zero based)
 Heap Region Size: 2M
 Heap Min Capacity: 8M
 Heap Initial Capacity: 252M
 Heap Max Capacity: 4018M
 Pre-touch: Disabled
 Parallel Workers: 10
 Concurrent Workers: 3
 Concurrent Refinement Workers: 10
 Periodic GC: Disabled

Heap:
 garbage-first heap   total 241664K, used 110314K [0x0000000704e00000, 0x0000000800000000)
  region size 2048K, 14 young (28672K), 3 survivors (6144K)
 Metaspace       used 35383K, committed 35840K, reserved 1114112K
  class space    used 3886K, committed 4096K, reserved 1048576K

Heap Regions: E=young(eden), S=young(survivor), O=old, HS=humongous(starts), HC=humongous(continues), CS=collection set, F=free, OA=open archive, CA=closed archive, TAMS=top-at-mark-start (previous, next)
|   0|0x0000000704e00000, 0x0000000705000000, 0x0000000705000000|100%| O|  |TAMS 0x0000000705000000, 0x0000000705000000| Untracked 
|   1|0x0000000705000000, 0x0000000705200000, 0x0000000705200000|100%| O|  |TAMS 0x00000007051a1800, 0x0000000705200000| Untracked 
|   2|0x0000000705200000, 0x0000000705400000, 0x0000000705400000|100%| O|  |TAMS 0x0000000705200000, 0x0000000705400000| Untracked 
|   3|0x0000000705400000, 0x0000000705600000, 0x0000000705600000|100%| O|  |TAMS 0x0000000705400000, 0x0000000705600000| Untracked 
|   4|0x0000000705600000, 0x0000000705800000, 0x0000000705800000|100%| O|  |TAMS 0x0000000705600000, 0x0000000705800000| Untracked 
|   5|0x0000000705800000, 0x0000000705a00000, 0x0000000705a00000|100%| O|  |TAMS 0x0000000705800000, 0x0000000705a00000| Untracked 
|   6|0x0000000705a00000, 0x0000000705c00000, 0x0000000705c00000|100%| O|  |TAMS 0x0000000705a00000, 0x0000000705c00000| Untracked 
|   7|0x0000000705c00000, 0x0000000705e00000, 0x0000000705e00000|100%| O|  |TAMS 0x0000000705c00000, 0x0000000705e00000| Untracked 
|   8|0x0000000705e00000, 0x0000000706000000, 0x0000000706000000|100%| O|  |TAMS 0x0000000705e00000, 0x0000000706000000| Untracked 
|   9|0x0000000706000000, 0x0000000706200000, 0x0000000706200000|100%| O|  |TAMS 0x0000000706000000, 0x0000000706200000| Untracked 
|  10|0x0000000706200000, 0x0000000706400000, 0x0000000706400000|100%| O|  |TAMS 0x0000000706200000, 0x0000000706400000| Untracked 
|  11|0x0000000706400000, 0x0000000706600000, 0x0000000706600000|100%| O|  |TAMS 0x0000000706400000, 0x0000000706600000| Untracked 
|  12|0x0000000706600000, 0x0000000706800000, 0x0000000706800000|100%| O|  |TAMS 0x0000000706600000, 0x0000000706800000| Untracked 
|  13|0x0000000706800000, 0x0000000706a00000, 0x0000000706a00000|100%| O|  |TAMS 0x0000000706800000, 0x0000000706a00000| Untracked 
|  14|0x0000000706a00000, 0x0000000706c00000, 0x0000000706c00000|100%| O|  |TAMS 0x0000000706a00000, 0x0000000706c00000| Untracked 
|  15|0x0000000706c00000, 0x0000000706e00000, 0x0000000706e00000|100%| O|  |TAMS 0x0000000706c00000, 0x0000000706e00000| Untracked 
|  16|0x0000000706e00000, 0x0000000707000000, 0x0000000707000000|100%| O|  |TAMS 0x0000000706e00000, 0x0000000706f00000| Untracked 
|  17|0x0000000707000000, 0x0000000707200000, 0x0000000707200000|100%| O|  |TAMS 0x0000000707000000, 0x0000000707000000| Untracked 
|  18|0x0000000707200000, 0x0000000707400000, 0x0000000707400000|100%| O|  |TAMS 0x0000000707200000, 0x0000000707200000| Untracked 
|  19|0x0000000707400000, 0x0000000707600000, 0x0000000707600000|100%|HS|  |TAMS 0x0000000707400000, 0x0000000707400000| Complete 
|  20|0x0000000707600000, 0x0000000707800000, 0x0000000707800000|100%| O|  |TAMS 0x0000000707600000, 0x0000000707800000| Untracked 
|  21|0x0000000707800000, 0x0000000707a00000, 0x0000000707a00000|100%| O|  |TAMS 0x0000000707800000, 0x0000000707a00000| Untracked 
|  22|0x0000000707a00000, 0x0000000707c00000, 0x0000000707c00000|100%| O|  |TAMS 0x0000000707a00000, 0x0000000707c00000| Untracked 
|  23|0x0000000707c00000, 0x0000000707e00000, 0x0000000707e00000|100%| O|  |TAMS 0x0000000707c00000, 0x0000000707e00000| Untracked 
|  24|0x0000000707e00000, 0x0000000708000000, 0x0000000708000000|100%| O|  |TAMS 0x0000000707e00000, 0x0000000708000000| Untracked 
|  25|0x0000000708000000, 0x0000000708200000, 0x0000000708200000|100%| O|  |TAMS 0x0000000708000000, 0x0000000708000000| Untracked 
|  26|0x0000000708200000, 0x0000000708400000, 0x0000000708400000|100%| O|  |TAMS 0x0000000708200000, 0x0000000708200000| Untracked 
|  27|0x0000000708400000, 0x0000000708600000, 0x0000000708600000|100%| O|  |TAMS 0x0000000708400000, 0x0000000708400000| Untracked 
|  28|0x0000000708600000, 0x0000000708800000, 0x0000000708800000|100%| O|  |TAMS 0x0000000708600000, 0x0000000708600000| Untracked 
|  29|0x0000000708800000, 0x0000000708a00000, 0x0000000708a00000|100%| O|  |TAMS 0x0000000708800000, 0x0000000708800000| Untracked 
|  30|0x0000000708a00000, 0x0000000708c00000, 0x0000000708c00000|100%| O|  |TAMS 0x0000000708a00000, 0x0000000708a00000| Untracked 
|  31|0x0000000708c00000, 0x0000000708e00000, 0x0000000708e00000|100%| O|  |TAMS 0x0000000708c00000, 0x0000000708c00000| Untracked 
|  32|0x0000000708e00000, 0x0000000709000000, 0x0000000709000000|100%| O|  |TAMS 0x0000000708e00000, 0x0000000708e00000| Untracked 
|  33|0x0000000709000000, 0x0000000709200000, 0x0000000709200000|100%| O|  |TAMS 0x0000000709000000, 0x0000000709000000| Untracked 
|  34|0x0000000709200000, 0x0000000709400000, 0x0000000709400000|100%| O|  |TAMS 0x0000000709200000, 0x0000000709200000| Untracked 
|  35|0x0000000709400000, 0x0000000709600000, 0x0000000709600000|100%| O|  |TAMS 0x0000000709400000, 0x0000000709400000| Untracked 
|  36|0x0000000709600000, 0x0000000709800000, 0x0000000709800000|100%| O|  |TAMS 0x0000000709600000, 0x0000000709600000| Untracked 
|  37|0x0000000709800000, 0x00000007098d3a00, 0x0000000709a00000| 41%| O|  |TAMS 0x0000000709800000, 0x0000000709800000| Untracked 
|  38|0x0000000709a00000, 0x0000000709a00000, 0x0000000709c00000|  0%| F|  |TAMS 0x0000000709a00000, 0x0000000709a00000| Untracked 
|  39|0x0000000709c00000, 0x0000000709c00000, 0x0000000709e00000|  0%| F|  |TAMS 0x0000000709c00000, 0x0000000709c00000| Untracked 
|  40|0x0000000709e00000, 0x0000000709e00000, 0x000000070a000000|  0%| F|  |TAMS 0x0000000709e00000, 0x0000000709e00000| Untracked 
|  41|0x000000070a000000, 0x000000070a000000, 0x000000070a200000|  0%| F|  |TAMS 0x000000070a000000, 0x000000070a000000| Untracked 
|  42|0x000000070a200000, 0x000000070a200000, 0x000000070a400000|  0%| F|  |TAMS 0x000000070a200000, 0x000000070a200000| Untracked 
|  43|0x000000070a400000, 0x000000070a400000, 0x000000070a600000|  0%| F|  |TAMS 0x000000070a400000, 0x000000070a400000| Untracked 
|  44|0x000000070a600000, 0x000000070a600000, 0x000000070a800000|  0%| F|  |TAMS 0x000000070a600000, 0x000000070a600000| Untracked 
|  45|0x000000070a800000, 0x000000070a800000, 0x000000070aa00000|  0%| F|  |TAMS 0x000000070a800000, 0x000000070a800000| Untracked 
|  46|0x000000070aa00000, 0x000000070aa00000, 0x000000070ac00000|  0%| F|  |TAMS 0x000000070aa00000, 0x000000070aa00000| Untracked 
|  47|0x000000070ac00000, 0x000000070ac00000, 0x000000070ae00000|  0%| F|  |TAMS 0x000000070ac00000, 0x000000070ac00000| Untracked 
|  48|0x000000070ae00000, 0x000000070ae00000, 0x000000070b000000|  0%| F|  |TAMS 0x000000070ae00000, 0x000000070ae00000| Untracked 
|  49|0x000000070b000000, 0x000000070b000000, 0x000000070b200000|  0%| F|  |TAMS 0x000000070b000000, 0x000000070b000000| Untracked 
|  50|0x000000070b200000, 0x000000070b200000, 0x000000070b400000|  0%| F|  |TAMS 0x000000070b200000, 0x000000070b200000| Untracked 
|  51|0x000000070b400000, 0x000000070b400000, 0x000000070b600000|  0%| F|  |TAMS 0x000000070b400000, 0x000000070b400000| Untracked 
|  52|0x000000070b600000, 0x000000070b600000, 0x000000070b800000|  0%| F|  |TAMS 0x000000070b600000, 0x000000070b600000| Untracked 
|  53|0x000000070b800000, 0x000000070b800000, 0x000000070ba00000|  0%| F|  |TAMS 0x000000070b800000, 0x000000070b800000| Untracked 
|  54|0x000000070ba00000, 0x000000070ba00000, 0x000000070bc00000|  0%| F|  |TAMS 0x000000070ba00000, 0x000000070ba00000| Untracked 
|  55|0x000000070bc00000, 0x000000070bc00000, 0x000000070be00000|  0%| F|  |TAMS 0x000000070bc00000, 0x000000070bc00000| Untracked 
|  56|0x000000070be00000, 0x000000070be00000, 0x000000070c000000|  0%| F|  |TAMS 0x000000070be00000, 0x000000070be00000| Untracked 
|  57|0x000000070c000000, 0x000000070c000000, 0x000000070c200000|  0%| F|  |TAMS 0x000000070c000000, 0x000000070c000000| Untracked 
|  58|0x000000070c200000, 0x000000070c200000, 0x000000070c400000|  0%| F|  |TAMS 0x000000070c200000, 0x000000070c200000| Untracked 
|  59|0x000000070c400000, 0x000000070c400000, 0x000000070c600000|  0%| F|  |TAMS 0x000000070c400000, 0x000000070c400000| Untracked 
|  60|0x000000070c600000, 0x000000070c600000, 0x000000070c800000|  0%| F|  |TAMS 0x000000070c600000, 0x000000070c600000| Untracked 
|  61|0x000000070c800000, 0x000000070c800000, 0x000000070ca00000|  0%| F|  |TAMS 0x000000070c800000, 0x000000070c800000| Untracked 
|  62|0x000000070ca00000, 0x000000070ca00000, 0x000000070cc00000|  0%| F|  |TAMS 0x000000070ca00000, 0x000000070ca00000| Untracked 
|  63|0x000000070cc00000, 0x000000070cc00000, 0x000000070ce00000|  0%| F|  |TAMS 0x000000070cc00000, 0x000000070cc00000| Untracked 
|  64|0x000000070ce00000, 0x000000070ce00000, 0x000000070d000000|  0%| F|  |TAMS 0x000000070ce00000, 0x000000070ce00000| Untracked 
|  65|0x000000070d000000, 0x000000070d000000, 0x000000070d200000|  0%| F|  |TAMS 0x000000070d000000, 0x000000070d000000| Untracked 
|  66|0x000000070d200000, 0x000000070d200000, 0x000000070d400000|  0%| F|  |TAMS 0x000000070d200000, 0x000000070d200000| Untracked 
|  67|0x000000070d400000, 0x000000070d400000, 0x000000070d600000|  0%| F|  |TAMS 0x000000070d400000, 0x000000070d400000| Untracked 
|  68|0x000000070d600000, 0x000000070d600000, 0x000000070d800000|  0%| F|  |TAMS 0x000000070d600000, 0x000000070d600000| Untracked 
|  69|0x000000070d800000, 0x000000070d800000, 0x000000070da00000|  0%| F|  |TAMS 0x000000070d800000, 0x000000070d800000| Untracked 
|  70|0x000000070da00000, 0x000000070da00000, 0x000000070dc00000|  0%| F|  |TAMS 0x000000070da00000, 0x000000070da00000| Untracked 
|  71|0x000000070dc00000, 0x000000070dc00000, 0x000000070de00000|  0%| F|  |TAMS 0x000000070dc00000, 0x000000070dc00000| Untracked 
|  72|0x000000070de00000, 0x000000070dee6e90, 0x000000070e000000| 45%| S|CS|TAMS 0x000000070de00000, 0x000000070de00000| Complete 
|  73|0x000000070e000000, 0x000000070e200000, 0x000000070e200000|100%| S|CS|TAMS 0x000000070e000000, 0x000000070e000000| Complete 
|  74|0x000000070e200000, 0x000000070e400000, 0x000000070e400000|100%| S|CS|TAMS 0x000000070e200000, 0x000000070e200000| Complete 
|  75|0x000000070e400000, 0x000000070e400000, 0x000000070e600000|  0%| F|  |TAMS 0x000000070e400000, 0x000000070e400000| Untracked 
|  76|0x000000070e600000, 0x000000070e600000, 0x000000070e800000|  0%| F|  |TAMS 0x000000070e600000, 0x000000070e600000| Untracked 
|  77|0x000000070e800000, 0x000000070e800000, 0x000000070ea00000|  0%| F|  |TAMS 0x000000070e800000, 0x000000070e800000| Untracked 
|  78|0x000000070ea00000, 0x000000070ea00000, 0x000000070ec00000|  0%| F|  |TAMS 0x000000070ea00000, 0x000000070ea00000| Untracked 
|  79|0x000000070ec00000, 0x000000070ec00000, 0x000000070ee00000|  0%| F|  |TAMS 0x000000070ec00000, 0x000000070ec00000| Untracked 
|  80|0x000000070ee00000, 0x000000070ee00000, 0x000000070f000000|  0%| F|  |TAMS 0x000000070ee00000, 0x000000070ee00000| Untracked 
|  81|0x000000070f000000, 0x000000070f000000, 0x000000070f200000|  0%| F|  |TAMS 0x000000070f000000, 0x000000070f000000| Untracked 
|  82|0x000000070f200000, 0x000000070f200000, 0x000000070f400000|  0%| F|  |TAMS 0x000000070f200000, 0x000000070f200000| Untracked 
|  83|0x000000070f400000, 0x000000070f400000, 0x000000070f600000|  0%| F|  |TAMS 0x000000070f400000, 0x000000070f400000| Untracked 
|  84|0x000000070f600000, 0x000000070f600000, 0x000000070f800000|  0%| F|  |TAMS 0x000000070f600000, 0x000000070f600000| Untracked 
|  85|0x000000070f800000, 0x000000070f800000, 0x000000070fa00000|  0%| F|  |TAMS 0x000000070f800000, 0x000000070f800000| Untracked 
|  86|0x000000070fa00000, 0x000000070fa00000, 0x000000070fc00000|  0%| F|  |TAMS 0x000000070fa00000, 0x000000070fa00000| Untracked 
|  87|0x000000070fc00000, 0x000000070fc00000, 0x000000070fe00000|  0%| F|  |TAMS 0x000000070fc00000, 0x000000070fc00000| Untracked 
|  88|0x000000070fe00000, 0x000000070fe00000, 0x0000000710000000|  0%| F|  |TAMS 0x000000070fe00000, 0x000000070fe00000| Untracked 
|  89|0x0000000710000000, 0x0000000710000000, 0x0000000710200000|  0%| F|  |TAMS 0x0000000710000000, 0x0000000710000000| Untracked 
|  90|0x0000000710200000, 0x0000000710200000, 0x0000000710400000|  0%| F|  |TAMS 0x0000000710200000, 0x0000000710200000| Untracked 
|  91|0x0000000710400000, 0x0000000710400000, 0x0000000710600000|  0%| F|  |TAMS 0x0000000710400000, 0x0000000710400000| Untracked 
|  92|0x0000000710600000, 0x0000000710600000, 0x0000000710800000|  0%| F|  |TAMS 0x0000000710600000, 0x0000000710600000| Untracked 
|  93|0x0000000710800000, 0x0000000710800000, 0x0000000710a00000|  0%| F|  |TAMS 0x0000000710800000, 0x0000000710800000| Untracked 
|  94|0x0000000710a00000, 0x0000000710a00000, 0x0000000710c00000|  0%| F|  |TAMS 0x0000000710a00000, 0x0000000710a00000| Untracked 
|  95|0x0000000710c00000, 0x0000000710c00000, 0x0000000710e00000|  0%| F|  |TAMS 0x0000000710c00000, 0x0000000710c00000| Untracked 
|  96|0x0000000710e00000, 0x0000000710e00000, 0x0000000711000000|  0%| F|  |TAMS 0x0000000710e00000, 0x0000000710e00000| Untracked 
|  97|0x0000000711000000, 0x0000000711000000, 0x0000000711200000|  0%| F|  |TAMS 0x0000000711000000, 0x0000000711000000| Untracked 
|  98|0x0000000711200000, 0x0000000711200000, 0x0000000711400000|  0%| F|  |TAMS 0x0000000711200000, 0x0000000711200000| Untracked 
|  99|0x0000000711400000, 0x0000000711400000, 0x0000000711600000|  0%| F|  |TAMS 0x0000000711400000, 0x0000000711400000| Untracked 
| 100|0x0000000711600000, 0x0000000711600000, 0x0000000711800000|  0%| F|  |TAMS 0x0000000711600000, 0x0000000711600000| Untracked 
| 101|0x0000000711800000, 0x0000000711800000, 0x0000000711a00000|  0%| F|  |TAMS 0x0000000711800000, 0x0000000711800000| Untracked 
| 102|0x0000000711a00000, 0x0000000711a00000, 0x0000000711c00000|  0%| F|  |TAMS 0x0000000711a00000, 0x0000000711a00000| Untracked 
| 103|0x0000000711c00000, 0x0000000711d08940, 0x0000000711e00000| 51%| E|  |TAMS 0x0000000711c00000, 0x0000000711c00000| Complete 
| 104|0x0000000711e00000, 0x0000000712000000, 0x0000000712000000|100%| E|CS|TAMS 0x0000000711e00000, 0x0000000711e00000| Complete 
| 105|0x0000000712000000, 0x0000000712200000, 0x0000000712200000|100%| E|CS|TAMS 0x0000000712000000, 0x0000000712000000| Complete 
| 106|0x0000000712200000, 0x0000000712400000, 0x0000000712400000|100%| E|CS|TAMS 0x0000000712200000, 0x0000000712200000| Complete 
| 107|0x0000000712400000, 0x0000000712600000, 0x0000000712600000|100%| E|CS|TAMS 0x0000000712400000, 0x0000000712400000| Complete 
| 108|0x0000000712600000, 0x0000000712800000, 0x0000000712800000|100%| E|CS|TAMS 0x0000000712600000, 0x0000000712600000| Complete 
| 109|0x0000000712800000, 0x0000000712a00000, 0x0000000712a00000|100%| E|CS|TAMS 0x0000000712800000, 0x0000000712800000| Complete 
| 110|0x0000000712a00000, 0x0000000712c00000, 0x0000000712c00000|100%| E|CS|TAMS 0x0000000712a00000, 0x0000000712a00000| Complete 
| 111|0x0000000712c00000, 0x0000000712e00000, 0x0000000712e00000|100%| E|CS|TAMS 0x0000000712c00000, 0x0000000712c00000| Complete 
| 112|0x0000000712e00000, 0x0000000713000000, 0x0000000713000000|100%| E|CS|TAMS 0x0000000712e00000, 0x0000000712e00000| Complete 
| 125|0x0000000714800000, 0x0000000714a00000, 0x0000000714a00000|100%| E|CS|TAMS 0x0000000714800000, 0x0000000714800000| Complete 
|2005|0x00000007ff800000, 0x00000007ffa00000, 0x00000007ffa00000|100%| O|  |TAMS 0x00000007ff800000, 0x00000007ffa00000| Untracked 
|2006|0x00000007ffa00000, 0x00000007ffc00000, 0x00000007ffc00000|100%| O|  |TAMS 0x00000007ffa00000, 0x00000007ffc00000| Untracked 
|2007|0x00000007ffc00000, 0x00000007ffe00000, 0x00000007ffe00000|100%| O|  |TAMS 0x00000007ffc00000, 0x00000007ffe00000| Untracked 
|2008|0x00000007ffe00000, 0x0000000800000000, 0x0000000800000000|100%| O|  |TAMS 0x00000007ffe00000, 0x0000000800000000| Untracked 

Card table byte_map: [0x0000021f4fc30000,0x0000021f50410000] _byte_map_base: 0x0000021f4c409000

Marking Bits (Prev, Next): (CMBitMap*) 0x0000021f3844b850, (CMBitMap*) 0x0000021f3844b810
 Prev Bits: [0x0000021f54ac0000, 0x0000021f58988000)
 Next Bits: [0x0000021f50bf0000, 0x0000021f54ab8000)

Polling page: 0x0000021f37b90000

Metaspace:

Usage:
  Non-class:     30.76 MB used.
      Class:      3.80 MB used.
       Both:     34.55 MB used.

Virtual space:
  Non-class space:       64.00 MB reserved,      31.00 MB ( 48%) committed,  1 nodes.
      Class space:        1.00 GB reserved,       4.00 MB ( <1%) committed,  1 nodes.
             Both:        1.06 GB reserved,      35.00 MB (  3%) committed. 

Chunk freelists:
   Non-Class:  352.00 KB
       Class:  11.97 MB
        Both:  12.31 MB

MaxMetaspaceSize: unlimited
CompressedClassSpaceSize: 1.00 GB
Initial GC threshold: 21.00 MB
Current GC threshold: 35.31 MB
CDS: on
MetaspaceReclaimPolicy: balanced
 - commit_granule_bytes: 65536.
 - commit_granule_words: 8192.
 - virtual_space_node_default_size: 8388608.
 - enlarge_chunks_in_place: 1.
 - new_chunks_are_fully_committed: 0.
 - uncommit_free_chunks: 1.
 - use_allocation_guard: 0.
 - handle_deallocations: 1.


Internal statistics:

num_allocs_failed_limit: 3.
num_arena_births: 280.
num_arena_deaths: 0.
num_vsnodes_births: 2.
num_vsnodes_deaths: 0.
num_space_committed: 560.
num_space_uncommitted: 0.
num_chunks_returned_to_freelist: 3.
num_chunks_taken_from_freelist: 1609.
num_chunk_merges: 3.
num_chunk_splits: 1103.
num_chunks_enlarged: 830.
num_inconsistent_stats: 0.

CodeHeap 'non-profiled nmethods': size=120000Kb used=5886Kb max_used=5886Kb free=114113Kb
 bounds [0x0000021f479c0000, 0x0000021f47f80000, 0x0000021f4eef0000]
CodeHeap 'profiled nmethods': size=120000Kb used=17306Kb max_used=17306Kb free=102693Kb
 bounds [0x0000021f3fef0000, 0x0000021f40fe0000, 0x0000021f47420000]
CodeHeap 'non-nmethods': size=5760Kb used=1244Kb max_used=1326Kb free=4515Kb
 bounds [0x0000021f47420000, 0x0000021f47690000, 0x0000021f479c0000]
 total_blobs=8477 nmethods=7923 adapters=466
 compilation: enabled
              stopped_count=0, restarted_count=0
 full_count=0

Compilation events (20 events):
Event: 8.477 Thread 0x0000021f5b78f080 nmethod 9580 0x0000021f40fd3010 code [0x0000021f40fd31a0, 0x0000021f40fd32d8]
Event: 8.477 Thread 0x0000021f5b78e770 9581       4       java.nio.CharBuffer::hasArray (20 bytes)
Event: 8.477 Thread 0x0000021f5b78e770 nmethod 9581 0x0000021f47f5db90 code [0x0000021f47f5dd00, 0x0000021f47f5ddb8]
Event: 8.481 Thread 0x0000021f5b78f080 9582       3       java.io.OutputStream::flush (1 bytes)
Event: 8.481 Thread 0x0000021f5b78f080 nmethod 9582 0x0000021f40fd3390 code [0x0000021f40fd3520, 0x0000021f40fd3638]
Event: 8.482 Thread 0x0000021fa36c50b0 9583       4       org.codehaus.plexus.classworlds.realm.ClassRealm::loadClass (7 bytes)
Event: 8.482 Thread 0x0000021f5b78e770 9584   !   4       org.codehaus.plexus.classworlds.realm.ClassRealm::loadClass (33 bytes)
Event: 8.484 Thread 0x0000021f5b78f080 9585       3       java.io.FilterOutputStream::flush (8 bytes)
Event: 8.484 Thread 0x0000021f5b78f080 nmethod 9585 0x0000021f40fd3710 code [0x0000021f40fd38c0, 0x0000021f40fd3aa8]
Event: 8.484 Thread 0x0000021f5b78f080 9586       3       org.fusesource.jansi.io.FastBufferedOutputStream::flush (12 bytes)
Event: 8.484 Thread 0x0000021f5b78f080 nmethod 9586 0x0000021f40fd3b90 code [0x0000021f40fd3d40, 0x0000021f40fd40b8]
Event: 8.484 Thread 0x0000021f5b78f080 9587       1       java.util.concurrent.atomic.AtomicInteger::get (5 bytes)
Event: 8.485 Thread 0x0000021f5b78f080 nmethod 9587 0x0000021f47f5de90 code [0x0000021f47f5e020, 0x0000021f47f5e0f8]
Event: 8.488 Thread 0x0000021f5b78f080 9588       3       java.lang.StringBuilder::append (8 bytes)
Event: 8.488 Thread 0x0000021f5b78f080 nmethod 9588 0x0000021f40fd4210 code [0x0000021f40fd43a0, 0x0000021f40fd44e8]
Event: 8.489 Thread 0x0000021f5b78f080 9590       3       java.io.FilterOutputStream::write (51 bytes)
Event: 8.489 Thread 0x0000021f5b78f080 nmethod 9590 0x0000021f40fd4590 code [0x0000021f40fd4760, 0x0000021f40fd4b58]
Event: 8.489 Thread 0x0000021f5b78f080 9589       3       org.netbeans.shaded.json.simple.JSONValue::toJSONString (191 bytes)
Event: 8.490 Thread 0x0000021f5b78f080 nmethod 9589 0x0000021f40fd4d10 code [0x0000021f40fd51a0, 0x0000021f40fd7b18]
Event: 8.658 Thread 0x0000021fa36c3620 nmethod 9383 0x0000021f47f5e190 code [0x0000021f47f5eca0, 0x0000021f47f71ab0]

GC Heap History (20 events):
Event: 1.944 GC heap before
{Heap before GC invocations=2 (full 0):
 garbage-first heap   total 258048K, used 156969K [0x0000000704e00000, 0x0000000800000000)
  region size 2048K, 75 young (153600K), 1 survivors (2048K)
 Metaspace       used 16087K, committed 16320K, reserved 1114112K
  class space    used 1842K, committed 1920K, reserved 1048576K
}
Event: 1.956 GC heap after
{Heap after GC invocations=3 (full 0):
 garbage-first heap   total 258048K, used 20354K [0x0000000704e00000, 0x0000000800000000)
  region size 2048K, 9 young (18432K), 9 survivors (18432K)
 Metaspace       used 16087K, committed 16320K, reserved 1114112K
  class space    used 1842K, committed 1920K, reserved 1048576K
}
Event: 2.881 GC heap before
{Heap before GC invocations=3 (full 0):
 garbage-first heap   total 258048K, used 92034K [0x0000000704e00000, 0x0000000800000000)
  region size 2048K, 46 young (94208K), 9 survivors (18432K)
 Metaspace       used 21239K, committed 21504K, reserved 1114112K
  class space    used 2467K, committed 2624K, reserved 1048576K
}
Event: 2.894 GC heap after
{Heap after GC invocations=4 (full 0):
 garbage-first heap   total 258048K, used 26579K [0x0000000704e00000, 0x0000000800000000)
  region size 2048K, 4 young (8192K), 4 survivors (8192K)
 Metaspace       used 21239K, committed 21504K, reserved 1114112K
  class space    used 2467K, committed 2624K, reserved 1048576K
}
Event: 3.775 GC heap before
{Heap before GC invocations=5 (full 0):
 garbage-first heap   total 102400K, used 77779K [0x0000000704e00000, 0x0000000800000000)
  region size 2048K, 30 young (61440K), 4 survivors (8192K)
 Metaspace       used 25299K, committed 25664K, reserved 1114112K
  class space    used 2870K, committed 3072K, reserved 1048576K
}
Event: 3.788 GC heap after
{Heap after GC invocations=6 (full 0):
 garbage-first heap   total 110592K, used 47607K [0x0000000704e00000, 0x0000000800000000)
  region size 2048K, 4 young (8192K), 4 survivors (8192K)
 Metaspace       used 25299K, committed 25664K, reserved 1114112K
  class space    used 2870K, committed 3072K, reserved 1048576K
}
Event: 3.792 GC heap before
{Heap before GC invocations=6 (full 0):
 garbage-first heap   total 110592K, used 49655K [0x0000000704e00000, 0x0000000800000000)
  region size 2048K, 5 young (10240K), 4 survivors (8192K)
 Metaspace       used 25310K, committed 25664K, reserved 1114112K
  class space    used 2870K, committed 3072K, reserved 1048576K
}
Event: 3.797 GC heap after
{Heap after GC invocations=7 (full 0):
 garbage-first heap   total 110592K, used 50379K [0x0000000704e00000, 0x0000000800000000)
  region size 2048K, 1 young (2048K), 1 survivors (2048K)
 Metaspace       used 25310K, committed 25664K, reserved 1114112K
  class space    used 2870K, committed 3072K, reserved 1048576K
}
Event: 4.216 GC heap before
{Heap before GC invocations=7 (full 0):
 garbage-first heap   total 110592K, used 79051K [0x0000000704e00000, 0x0000000800000000)
  region size 2048K, 15 young (30720K), 1 survivors (2048K)
 Metaspace       used 26037K, committed 26368K, reserved 1114112K
  class space    used 2939K, committed 3072K, reserved 1048576K
}
Event: 4.225 GC heap after
{Heap after GC invocations=8 (full 0):
 garbage-first heap   total 110592K, used 56320K [0x0000000704e00000, 0x0000000800000000)
  region size 2048K, 2 young (4096K), 2 survivors (4096K)
 Metaspace       used 26037K, committed 26368K, reserved 1114112K
  class space    used 2939K, committed 3072K, reserved 1048576K
}
Event: 4.400 GC heap before
{Heap before GC invocations=8 (full 0):
 garbage-first heap   total 110592K, used 72704K [0x0000000704e00000, 0x0000000800000000)
  region size 2048K, 11 young (22528K), 2 survivors (4096K)
 Metaspace       used 26275K, committed 26624K, reserved 1114112K
  class space    used 2953K, committed 3136K, reserved 1048576K
}
Event: 4.410 GC heap after
{Heap after GC invocations=9 (full 0):
 garbage-first heap   total 241664K, used 60883K [0x0000000704e00000, 0x0000000800000000)
  region size 2048K, 2 young (4096K), 2 survivors (4096K)
 Metaspace       used 26275K, committed 26624K, reserved 1114112K
  class space    used 2953K, committed 3136K, reserved 1048576K
}
Event: 5.582 GC heap before
{Heap before GC invocations=9 (full 0):
 garbage-first heap   total 241664K, used 165331K [0x0000000704e00000, 0x0000000800000000)
  region size 2048K, 52 young (106496K), 2 survivors (4096K)
 Metaspace       used 28948K, committed 29248K, reserved 1114112K
  class space    used 3220K, committed 3392K, reserved 1048576K
}
Event: 5.590 GC heap after
{Heap after GC invocations=10 (full 0):
 garbage-first heap   total 241664K, used 66116K [0x0000000704e00000, 0x0000000800000000)
  region size 2048K, 4 young (8192K), 4 survivors (8192K)
 Metaspace       used 28948K, committed 29248K, reserved 1114112K
  class space    used 3220K, committed 3392K, reserved 1048576K
}
Event: 6.022 GC heap before
{Heap before GC invocations=10 (full 0):
 garbage-first heap   total 241664K, used 170564K [0x0000000704e00000, 0x0000000800000000)
  region size 2048K, 55 young (112640K), 4 survivors (8192K)
 Metaspace       used 29505K, committed 29888K, reserved 1114112K
  class space    used 3274K, committed 3456K, reserved 1048576K
}
Event: 6.030 GC heap after
{Heap after GC invocations=11 (full 0):
 garbage-first heap   total 241664K, used 67255K [0x0000000704e00000, 0x0000000800000000)
  region size 2048K, 5 young (10240K), 5 survivors (10240K)
 Metaspace       used 29505K, committed 29888K, reserved 1114112K
  class space    used 3274K, committed 3456K, reserved 1048576K
}
Event: 7.174 GC heap before
{Heap before GC invocations=11 (full 0):
 garbage-first heap   total 241664K, used 173751K [0x0000000704e00000, 0x0000000800000000)
  region size 2048K, 58 young (118784K), 5 survivors (10240K)
 Metaspace       used 31186K, committed 31552K, reserved 1114112K
  class space    used 3429K, committed 3584K, reserved 1048576K
}
Event: 7.192 GC heap after
{Heap after GC invocations=12 (full 0):
 garbage-first heap   total 241664K, used 92841K [0x0000000704e00000, 0x0000000800000000)
  region size 2048K, 8 young (16384K), 8 survivors (16384K)
 Metaspace       used 31186K, committed 31552K, reserved 1114112K
  class space    used 3429K, committed 3584K, reserved 1048576K
}
Event: 8.100 GC heap before
{Heap before GC invocations=12 (full 0):
 garbage-first heap   total 241664K, used 172713K [0x0000000704e00000, 0x0000000800000000)
  region size 2048K, 47 young (96256K), 8 survivors (16384K)
 Metaspace       used 33081K, committed 33408K, reserved 1114112K
  class space    used 3631K, committed 3776K, reserved 1048576K
}
Event: 8.106 GC heap after
{Heap after GC invocations=13 (full 0):
 garbage-first heap   total 241664K, used 89834K [0x0000000704e00000, 0x0000000800000000)
  region size 2048K, 3 young (6144K), 3 survivors (6144K)
 Metaspace       used 33081K, committed 33408K, reserved 1114112K
  class space    used 3631K, committed 3776K, reserved 1048576K
}

Dll operation events (8 events):
Event: 0.004 Loaded shared library C:\Program Files\java\jdk-17.0.9+9\bin\java.dll
Event: 0.014 Loaded shared library C:\Program Files\java\jdk-17.0.9+9\bin\jsvml.dll
Event: 0.028 Loaded shared library C:\Program Files\java\jdk-17.0.9+9\bin\net.dll
Event: 0.029 Loaded shared library C:\Program Files\java\jdk-17.0.9+9\bin\nio.dll
Event: 0.031 Loaded shared library C:\Program Files\java\jdk-17.0.9+9\bin\zip.dll
Event: 0.081 Loaded shared library C:\Program Files\java\jdk-17.0.9+9\bin\jimage.dll
Event: 0.093 Loaded shared library C:\Program Files\NetBeans-20\netbeans\java\maven\lib\jansi-native\Windows\x86_64\jansi.dll
Event: 0.101 Loaded shared library C:\Program Files\java\jdk-17.0.9+9\bin\verify.dll

Deoptimization events (20 events):
Event: 8.367 Thread 0x0000021f361fdff0 DEOPT PACKING pc=0x0000021f47bd2f70 sp=0x000000446c2fd2c0
Event: 8.367 Thread 0x0000021f361fdff0 DEOPT UNPACKING pc=0x0000021f474769a3 sp=0x000000446c2fd228 mode 2
Event: 8.388 Thread 0x0000021fa4e37c50 Uncommon trap: trap_request=0xffffff45 fr.pc=0x0000021f47f4fa6c relative=0x000000000000052c
Event: 8.388 Thread 0x0000021fa4e37c50 Uncommon trap: reason=unstable_if action=reinterpret pc=0x0000021f47f4fa6c method=java.lang.String.getBytes([BIIBI)V @ 6 c2
Event: 8.388 Thread 0x0000021fa4e37c50 DEOPT PACKING pc=0x0000021f47f4fa6c sp=0x000000446e6fed30
Event: 8.388 Thread 0x0000021fa4e37c50 DEOPT UNPACKING pc=0x0000021f474769a3 sp=0x000000446e6feb30 mode 2
Event: 8.388 Thread 0x0000021fa4e37c50 Uncommon trap: trap_request=0xffffff45 fr.pc=0x0000021f47b8be84 relative=0x0000000000000084
Event: 8.388 Thread 0x0000021fa4e37c50 Uncommon trap: reason=unstable_if action=reinterpret pc=0x0000021f47b8be84 method=java.lang.String.codePointAt(I)I @ 4 c2
Event: 8.388 Thread 0x0000021fa4e37c50 DEOPT PACKING pc=0x0000021f47b8be84 sp=0x000000446e6fecb0
Event: 8.388 Thread 0x0000021fa4e37c50 DEOPT UNPACKING pc=0x0000021f474769a3 sp=0x000000446e6fec48 mode 2
Event: 8.388 Thread 0x0000021fa4e37c50 Uncommon trap: trap_request=0xffffff45 fr.pc=0x0000021f47f3ba18 relative=0x0000000000003c58
Event: 8.388 Thread 0x0000021fa4e37c50 Uncommon trap: reason=unstable_if action=reinterpret pc=0x0000021f47f3ba18 method=sun.nio.cs.StreamDecoder.readBytes()I @ 12 c2
Event: 8.388 Thread 0x0000021fa4e37c50 DEOPT PACKING pc=0x0000021f47f3ba18 sp=0x000000446e6fec70
Event: 8.388 Thread 0x0000021fa4e37c50 DEOPT UNPACKING pc=0x0000021f474769a3 sp=0x000000446e6febb0 mode 2
Event: 8.479 Thread 0x0000021fa4e38670 DEOPT PACKING pc=0x0000021f4087afb9 sp=0x000000446e8ff410
Event: 8.479 Thread 0x0000021fa4e38670 DEOPT UNPACKING pc=0x0000021f47477143 sp=0x000000446e8fe868 mode 3
Event: 8.480 Thread 0x0000021f361fdff0 Uncommon trap: trap_request=0xffffff45 fr.pc=0x0000021f47b923b4 relative=0x0000000000000034
Event: 8.480 Thread 0x0000021f361fdff0 Uncommon trap: reason=unstable_if action=reinterpret pc=0x0000021f47b923b4 method=java.util.concurrent.locks.AbstractQueuedSynchronizer.signalNext(Ljava/util/concurrent/locks/AbstractQueuedSynchronizer$Node;)V @ 1 c2
Event: 8.480 Thread 0x0000021f361fdff0 DEOPT PACKING pc=0x0000021f47b923b4 sp=0x000000446c2fd410
Event: 8.480 Thread 0x0000021f361fdff0 DEOPT UNPACKING pc=0x0000021f474769a3 sp=0x000000446c2fd3a8 mode 2

Classes unloaded (0 events):
No events

Classes redefined (0 events):
No events

Internal exceptions (20 events):
Event: 7.826 Thread 0x0000021f361fdff0 Exception <a 'sun/nio/fs/WindowsException'{0x00000007101782c0}> (0x00000007101782c0) 
thrown [s\src\hotspot\share\prims\jni.cpp, line 516]
Event: 7.830 Thread 0x0000021f361fdff0 Exception <a 'sun/nio/fs/WindowsException'{0x0000000710195818}> (0x0000000710195818) 
thrown [s\src\hotspot\share\prims\jni.cpp, line 516]
Event: 7.830 Thread 0x0000021f361fdff0 Exception <a 'sun/nio/fs/WindowsException'{0x0000000710195f98}> (0x0000000710195f98) 
thrown [s\src\hotspot\share\prims\jni.cpp, line 516]
Event: 7.830 Thread 0x0000021f361fdff0 Exception <a 'sun/nio/fs/WindowsException'{0x0000000710196558}> (0x0000000710196558) 
thrown [s\src\hotspot\share\prims\jni.cpp, line 516]
Event: 7.830 Thread 0x0000021f361fdff0 Exception <a 'sun/nio/fs/WindowsException'{0x0000000710196cc8}> (0x0000000710196cc8) 
thrown [s\src\hotspot\share\prims\jni.cpp, line 516]
Event: 7.830 Thread 0x0000021f361fdff0 Exception <a 'sun/nio/fs/WindowsException'{0x0000000710197048}> (0x0000000710197048) 
thrown [s\src\hotspot\share\prims\jni.cpp, line 516]
Event: 7.830 Thread 0x0000021f361fdff0 Exception <a 'sun/nio/fs/WindowsException'{0x0000000710197d20}> (0x0000000710197d20) 
thrown [s\src\hotspot\share\prims\jni.cpp, line 516]
Event: 7.830 Thread 0x0000021f361fdff0 Exception <a 'sun/nio/fs/WindowsException'{0x0000000710198080}> (0x0000000710198080) 
thrown [s\src\hotspot\share\prims\jni.cpp, line 516]
Event: 7.830 Thread 0x0000021f361fdff0 Exception <a 'sun/nio/fs/WindowsException'{0x0000000710198d48}> (0x0000000710198d48) 
thrown [s\src\hotspot\share\prims\jni.cpp, line 516]
Event: 7.830 Thread 0x0000021f361fdff0 Exception <a 'sun/nio/fs/WindowsException'{0x0000000710199090}> (0x0000000710199090) 
thrown [s\src\hotspot\share\prims\jni.cpp, line 516]
Event: 7.830 Thread 0x0000021f361fdff0 Exception <a 'sun/nio/fs/WindowsException'{0x0000000710199d50}> (0x0000000710199d50) 
thrown [s\src\hotspot\share\prims\jni.cpp, line 516]
Event: 7.830 Thread 0x0000021f361fdff0 Exception <a 'sun/nio/fs/WindowsException'{0x000000071019a080}> (0x000000071019a080) 
thrown [s\src\hotspot\share\prims\jni.cpp, line 516]
Event: 7.830 Thread 0x0000021f361fdff0 Exception <a 'sun/nio/fs/WindowsException'{0x000000071019ad40}> (0x000000071019ad40) 
thrown [s\src\hotspot\share\prims\jni.cpp, line 516]
Event: 8.154 Thread 0x0000021fa4e37740 Exception <a 'java/lang/NoSuchMethodError'{0x0000000712e3a6e8}: 'java.lang.Object java.lang.invoke.DirectMethodHandle$Holder.invokeStaticInit(java.lang.Object, java.lang.Object, long, java.lang.Object)'> (0x0000000712e3a6e8) 
thrown [s\src\hotspot\share\interpreter\linkResolver.cpp, line 759]
Event: 8.155 Thread 0x0000021fa4e37740 Exception <a 'java/lang/NoSuchMethodError'{0x0000000712e40e28}: 'java.lang.Object java.lang.invoke.DirectMethodHandle$Holder.newInvokeSpecial(java.lang.Object, java.lang.Object, long)'> (0x0000000712e40e28) 
thrown [s\src\hotspot\share\interpreter\linkResolver.cpp, line 759]
Event: 8.156 Thread 0x0000021fa4e37740 Exception <a 'java/lang/NoSuchMethodError'{0x0000000712e44998}: 'java.lang.Object java.lang.invoke.Invokers$Holder.linkToTargetMethod(java.lang.Object, long, java.lang.Object)'> (0x0000000712e44998) 
thrown [s\src\hotspot\share\interpreter\linkResolver.cpp, line 759]
Event: 8.247 Thread 0x0000021f361fdff0 Exception <a 'java/lang/NoSuchMethodError'{0x0000000712a8c500}: 'java.lang.Object java.lang.invoke.DirectMethodHandle$Holder.invokeStaticInit(java.lang.Object, java.lang.Object, int, int, int, int)'> (0x0000000712a8c500) 
thrown [s\src\hotspot\share\interpreter\linkResolver.cpp, line 759]
Event: 8.374 Thread 0x0000021f361fdff0 Exception <a 'java/lang/NoSuchMethodError'{0x000000071202de18}: 'void java.lang.invoke.DirectMethodHandle$Holder.invokeStatic(java.lang.Object, long)'> (0x000000071202de18) 
thrown [s\src\hotspot\share\interpreter\linkResolver.cpp, line 759]
Event: 8.374 Thread 0x0000021f361fdff0 Exception <a 'java/lang/NoSuchMethodError'{0x0000000712033468}: 'java.lang.Object java.lang.invoke.DirectMethodHandle$Holder.newInvokeSpecial(java.lang.Object, long)'> (0x0000000712033468) 
thrown [s\src\hotspot\share\interpreter\linkResolver.cpp, line 759]
Event: 8.485 Thread 0x0000021f361fdff0 Exception <a 'sun/nio/fs/WindowsException'{0x00000007121fa0f0}> (0x00000007121fa0f0) 
thrown [s\src\hotspot\share\prims\jni.cpp, line 516]

VM Operations (20 events):
Event: 8.025 Executing VM operation: ICBufferFull
Event: 8.025 Executing VM operation: ICBufferFull done
Event: 8.100 Executing VM operation: G1CollectForAllocation
Event: 8.106 Executing VM operation: G1CollectForAllocation done
Event: 8.123 Executing VM operation: HandshakeAllThreads
Event: 8.123 Executing VM operation: HandshakeAllThreads done
Event: 8.130 Executing VM operation: HandshakeAllThreads
Event: 8.130 Executing VM operation: HandshakeAllThreads done
Event: 8.155 Executing VM operation: HandshakeAllThreads
Event: 8.155 Executing VM operation: HandshakeAllThreads done
Event: 8.205 Executing VM operation: HandshakeAllThreads
Event: 8.205 Executing VM operation: HandshakeAllThreads done
Event: 8.314 Executing VM operation: HandshakeAllThreads
Event: 8.314 Executing VM operation: HandshakeAllThreads done
Event: 8.361 Executing VM operation: HandshakeAllThreads
Event: 8.361 Executing VM operation: HandshakeAllThreads done
Event: 8.376 Executing VM operation: HandshakeAllThreads
Event: 8.376 Executing VM operation: HandshakeAllThreads done
Event: 8.379 Executing VM operation: HandshakeAllThreads
Event: 8.379 Executing VM operation: HandshakeAllThreads done

Events (20 events):
Event: 8.388 loading class java/util/Scanner$PatternLRUCache done
Event: 8.395 Thread 0x0000021fa4e38670 Thread added: 0x0000021fa4e38670
Event: 8.470 loading class java/util/concurrent/atomic/Striped64$1
Event: 8.470 loading class java/util/concurrent/atomic/Striped64$1 done
Event: 8.476 Thread 0x0000021fa4e37c50 Thread exited: 0x0000021fa4e37c50
Event: 8.479 Thread 0x0000021fa4e37740 Thread exited: 0x0000021fa4e37740
Event: 8.480 Thread 0x0000021fa4e38670 Thread exited: 0x0000021fa4e38670
Event: 8.480 Thread 0x0000021fa4e39090 Thread exited: 0x0000021fa4e39090
Event: 8.483 loading class java/util/concurrent/ConcurrentSkipListMap$KeySet
Event: 8.483 loading class java/util/concurrent/ConcurrentSkipListMap$KeySet done
Event: 8.483 loading class java/util/concurrent/ConcurrentSkipListMap$KeyIterator
Event: 8.483 loading class java/util/concurrent/ConcurrentSkipListMap$Iter
Event: 8.483 loading class java/util/concurrent/ConcurrentSkipListMap$Iter done
Event: 8.483 loading class java/util/concurrent/ConcurrentSkipListMap$KeyIterator done
Event: 8.484 Thread 0x0000021fa4e395a0 Thread exited: 0x0000021fa4e395a0
Event: 8.484 Thread 0x0000021fa4e38b80 Thread exited: 0x0000021fa4e38b80
Event: 8.487 loading class java/lang/Throwable$WrappedPrintWriter
Event: 8.487 loading class java/lang/Throwable$PrintStreamOrWriter
Event: 8.487 loading class java/lang/Throwable$PrintStreamOrWriter done
Event: 8.487 loading class java/lang/Throwable$WrappedPrintWriter done


Dynamic libraries:
0x00007ff6858d0000 - 0x00007ff6858de000 	C:\Program Files\java\jdk-17.0.9+9\bin\java.exe
0x00007ffcf3570000 - 0x00007ffcf3787000 	C:\Windows\SYSTEM32\ntdll.dll
0x00007ffcf2a70000 - 0x00007ffcf2b34000 	C:\Windows\System32\KERNEL32.DLL
0x00007ffcf0ce0000 - 0x00007ffcf1087000 	C:\Windows\System32\KERNELBASE.dll
0x00007ffcf0890000 - 0x00007ffcf09a1000 	C:\Windows\System32\ucrtbase.dll
0x00007ffceb070000 - 0x00007ffceb08b000 	C:\Program Files\java\jdk-17.0.9+9\bin\VCRUNTIME140.dll
0x00007ffcd4c00000 - 0x00007ffcd4c17000 	C:\Program Files\java\jdk-17.0.9+9\bin\jli.dll
0x00007ffcf2270000 - 0x00007ffcf241e000 	C:\Windows\System32\USER32.dll
0x00007ffcf0cb0000 - 0x00007ffcf0cd6000 	C:\Windows\System32\win32u.dll
0x00007ffcf1cd0000 - 0x00007ffcf1cf9000 	C:\Windows\System32\GDI32.dll
0x00007ffcf0b90000 - 0x00007ffcf0ca9000 	C:\Windows\System32\gdi32full.dll
0x00007ffcf1090000 - 0x00007ffcf112a000 	C:\Windows\System32\msvcp_win.dll
0x00007ffcc2600000 - 0x00007ffcc2893000 	C:\Windows\WinSxS\amd64_microsoft.windows.common-controls_6595b64144ccf1df_6.0.22621.3527_none_270e469b73872a76\COMCTL32.dll
0x00007ffcf28a0000 - 0x00007ffcf2947000 	C:\Windows\System32\msvcrt.dll
0x00007ffcf21b0000 - 0x00007ffcf21e1000 	C:\Windows\System32\IMM32.DLL
0x00007ffceb060000 - 0x00007ffceb06c000 	C:\Program Files\java\jdk-17.0.9+9\bin\vcruntime140_1.dll
0x00007ffcd47c0000 - 0x00007ffcd484d000 	C:\Program Files\java\jdk-17.0.9+9\bin\msvcp140.dll
0x00007ffc7c870000 - 0x00007ffc7d4d1000 	C:\Program Files\java\jdk-17.0.9+9\bin\server\jvm.dll
0x00007ffcf3470000 - 0x00007ffcf3522000 	C:\Windows\System32\ADVAPI32.dll
0x00007ffcf2050000 - 0x00007ffcf20f8000 	C:\Windows\System32\sechost.dll
0x00007ffcf0a70000 - 0x00007ffcf0a98000 	C:\Windows\System32\bcrypt.dll
0x00007ffcf1eb0000 - 0x00007ffcf1fc5000 	C:\Windows\System32\RPCRT4.dll
0x00007ffcf06a0000 - 0x00007ffcf06ed000 	C:\Windows\SYSTEM32\POWRPROF.dll
0x00007ffce4fc0000 - 0x00007ffce4ff4000 	C:\Windows\SYSTEM32\WINMM.dll
0x00007ffcc2470000 - 0x00007ffcc2479000 	C:\Windows\SYSTEM32\WSOCK32.dll
0x00007ffcf21f0000 - 0x00007ffcf2261000 	C:\Windows\System32\WS2_32.dll
0x00007ffce5230000 - 0x00007ffce523a000 	C:\Windows\SYSTEM32\VERSION.dll
0x00007ffcf0580000 - 0x00007ffcf0593000 	C:\Windows\SYSTEM32\UMPDC.dll
0x00007ffcef870000 - 0x00007ffcef888000 	C:\Windows\SYSTEM32\kernel.appcore.dll
0x00007ffceb050000 - 0x00007ffceb05a000 	C:\Program Files\java\jdk-17.0.9+9\bin\jimage.dll
0x00007ffcedf90000 - 0x00007ffcee1c2000 	C:\Windows\SYSTEM32\DBGHELP.DLL
0x00007ffcf2510000 - 0x00007ffcf2898000 	C:\Windows\System32\combase.dll
0x00007ffcf2420000 - 0x00007ffcf24f7000 	C:\Windows\System32\OLEAUT32.dll
0x00007ffcdd2f0000 - 0x00007ffcdd322000 	C:\Windows\SYSTEM32\dbgcore.DLL
0x00007ffcf0aa0000 - 0x00007ffcf0b19000 	C:\Windows\System32\bcryptPrimitives.dll
0x00007ffcd8b50000 - 0x00007ffcd8b75000 	C:\Program Files\java\jdk-17.0.9+9\bin\java.dll
0x00007ffcd6920000 - 0x00007ffcd69f7000 	C:\Program Files\java\jdk-17.0.9+9\bin\jsvml.dll
0x00007ffcf1470000 - 0x00007ffcf1ccc000 	C:\Windows\System32\SHELL32.dll
0x00007ffcee6d0000 - 0x00007ffceefc6000 	C:\Windows\SYSTEM32\windows.storage.dll
0x00007ffcee590000 - 0x00007ffcee6ce000 	C:\Windows\SYSTEM32\wintypes.dll
0x00007ffcf2950000 - 0x00007ffcf2a45000 	C:\Windows\System32\SHCORE.dll
0x00007ffcf2bc0000 - 0x00007ffcf2c1e000 	C:\Windows\System32\shlwapi.dll
0x00007ffcf07c0000 - 0x00007ffcf07e1000 	C:\Windows\SYSTEM32\profapi.dll
0x00007ffcd8c20000 - 0x00007ffcd8c39000 	C:\Program Files\java\jdk-17.0.9+9\bin\net.dll
0x00007ffce7860000 - 0x00007ffce7996000 	C:\Windows\SYSTEM32\WINHTTP.dll
0x00007ffcefcd0000 - 0x00007ffcefd39000 	C:\Windows\system32\mswsock.dll
0x00007ffcd8b30000 - 0x00007ffcd8b46000 	C:\Program Files\java\jdk-17.0.9+9\bin\nio.dll
0x00007ffcd8b10000 - 0x00007ffcd8b28000 	C:\Program Files\java\jdk-17.0.9+9\bin\zip.dll
0x0000000069ac0000 - 0x0000000069ae4000 	C:\Program Files\NetBeans-20\netbeans\java\maven\lib\jansi-native\Windows\x86_64\jansi.dll
0x00007ffceb040000 - 0x00007ffceb050000 	C:\Program Files\java\jdk-17.0.9+9\bin\verify.dll
0x00007ffcef890000 - 0x00007ffcef8c4000 	C:\Windows\SYSTEM32\ntmarta.dll
0x00007ffceffc0000 - 0x00007ffceffdb000 	C:\Windows\SYSTEM32\CRYPTSP.dll
0x00007ffcef7d0000 - 0x00007ffcef805000 	C:\Windows\system32\rsaenh.dll
0x00007ffcefd70000 - 0x00007ffcefd98000 	C:\Windows\SYSTEM32\USERENV.dll
0x00007ffceffa0000 - 0x00007ffceffac000 	C:\Windows\SYSTEM32\CRYPTBASE.dll
0x00007ffcef0f0000 - 0x00007ffcef11d000 	C:\Windows\SYSTEM32\IPHLPAPI.DLL
0x00007ffcf2d20000 - 0x00007ffcf2d29000 	C:\Windows\System32\NSI.dll
0x00007ffce7790000 - 0x00007ffce77a9000 	C:\Windows\SYSTEM32\dhcpcsvc6.DLL
0x00007ffce6da0000 - 0x00007ffce6dbf000 	C:\Windows\SYSTEM32\dhcpcsvc.DLL
0x00007ffcef120000 - 0x00007ffcef218000 	C:\Windows\SYSTEM32\DNSAPI.dll

dbghelp: loaded successfully - version: 4.0.5 - missing functions: none
symbol engine: initialized successfully - sym options: 0x614 - pdb path: .;C:\Program Files\java\jdk-17.0.9+9\bin;C:\Windows\SYSTEM32;C:\Windows\WinSxS\amd64_microsoft.windows.common-controls_6595b64144ccf1df_6.0.22621.3527_none_270e469b73872a76;C:\Program Files\java\jdk-17.0.9+9\bin\server;C:\Program Files\NetBeans-20\netbeans\java\maven\lib\jansi-native\Windows\x86_64

VM Arguments:
jvm_args: -Dclassworlds.conf=C:\Program Files\NetBeans-20\netbeans\java\maven\bin\m2.conf -Dmaven.home=C:\Program Files\NetBeans-20\netbeans\java\maven -Dlibrary.jansi.path=C:\Program Files\NetBeans-20\netbeans\java\maven\lib\jansi-native -Dmaven.multiModuleProjectDirectory=C:\DiscoD\ProeyectoSpringBoot\scsfparent\businessdomain\sites 
java_command: org.codehaus.plexus.classworlds.launcher.Launcher -Dmaven.ext.class.path=C:\Program Files\NetBeans-20\netbeans\java\maven-nblib\netbeans-eventspy.jar -Dfile.encoding=UTF-8 --no-transfer-progress clean install
java_class_path (initial): C:\Program Files\NetBeans-20\netbeans\java\maven\boot\plexus-classworlds-2.7.0.jar
Launcher Type: SUN_STANDARD

[Global flags]
     intx CICompilerCount                          = 4                                         {product} {ergonomic}
     uint ConcGCThreads                            = 3                                         {product} {ergonomic}
     uint G1ConcRefinementThreads                  = 10                                        {product} {ergonomic}
   size_t G1HeapRegionSize                         = 2097152                                   {product} {ergonomic}
    uintx GCDrainStackTargetSize                   = 64                                        {product} {ergonomic}
   size_t InitialHeapSize                          = 264241152                                 {product} {ergonomic}
   size_t MarkStackSize                            = 4194304                                   {product} {ergonomic}
   size_t MaxHeapSize                              = 4213178368                                {product} {ergonomic}
   size_t MaxNewSize                               = 2527068160                                {product} {ergonomic}
   size_t MinHeapDeltaBytes                        = 2097152                                   {product} {ergonomic}
   size_t MinHeapSize                              = 8388608                                   {product} {ergonomic}
    uintx NonNMethodCodeHeapSize                   = 5839372                                {pd product} {ergonomic}
    uintx NonProfiledCodeHeapSize                  = 122909434                              {pd product} {ergonomic}
    uintx ProfiledCodeHeapSize                     = 122909434                              {pd product} {ergonomic}
    uintx ReservedCodeCacheSize                    = 251658240                              {pd product} {ergonomic}
     bool SegmentedCodeCache                       = true                                      {product} {ergonomic}
   size_t SoftMaxHeapSize                          = 4213178368                             {manageable} {ergonomic}
     bool UseCompressedClassPointers               = true                           {product lp64_product} {ergonomic}
     bool UseCompressedOops                        = true                           {product lp64_product} {ergonomic}
     bool UseG1GC                                  = true                                      {product} {ergonomic}
     bool UseLargePagesIndividualAllocation        = false                                  {pd product} {ergonomic}

Logging:
Log output configuration:
 #0: stdout all=warning uptime,level,tags
 #1: stderr all=off uptime,level,tags

Environment Variables:
JAVA_HOME=C:\Program Files\java\jdk-17.0.9+9
PATH=C:\DevSuiteHome_1\jdk\jre\bin\classic;C:\DevSuiteHome_1\jdk\jre\bin;C:\DevSuiteHome_1\jdk\jre\bin\client;C:\DevSuiteHome_1\jlib;C:\DevSuiteHome_1\bin;C:\DevSuiteHome_1\jre\1.4.2\bin\client;C:\DevSuiteHome_1\jre\1.4.2\bin;C:\Program Files (x86)\Common Files\Oracle\Java\javapath;C:\Windows\system32;C:\Windows;C:\Windows\System32\Wbem;C:\Windows\System32\WindowsPowerShell\v1.0\;C:\Windows\System32\OpenSSH\;C:\Program Files\dotnet\;C:\Program Files\java\jdk-11.0.0.1\bin;C:\Users\yessenia.gonzalez\AppData\Roaming\nvm;C:\ambiente\node;C:\Program Files\nodejs\;C:\Program Files\PuTTY\;C:\Program Files\Git\cmd;C:\Users\yessenia.gonzalez\AppData\Local\Microsoft\WindowsApps;C:\Program Files\java\jdk-11.0.0.1\bin;C:\Users\yessenia.gonzalez\apache-maven-3.9.6;C:\Program Files\JetBrains\IntelliJ IDEA 2023.3.3\bin;;C:\Users\yessenia.gonzalez\AppData\Local\Programs\Microsoft VS Code\bin;C:\Users\yessenia.gonzalez\AppData\Roaming\nvm;C:\ambiente\node;C:\Users\yessenia.gonzalez\AppData\Roaming\npm;C:\Program Files\nodejs;
USERNAME=yessenia.gonzalez
OS=Windows_NT
PROCESSOR_IDENTIFIER=Intel64 Family 6 Model 186 Stepping 3, GenuineIntel
TMP=C:\Users\YESSEN~1.GON\AppData\Local\Temp
TEMP=C:\Users\YESSEN~1.GON\AppData\Local\Temp



Periodic native trim disabled


---------------  S Y S T E M  ---------------

OS:
 Windows 11 , 64 bit Build 22621 (10.0.22621.3527)
OS uptime: 3 days 8:08 hours
Hyper-V role detected

CPU: total 12 (initial active 12) (6 cores per cpu, 2 threads per core) family 6 model 186 stepping 3 microcode 0x4114, cx8, cmov, fxsr, ht, mmx, 3dnowpref, sse, sse2, sse3, ssse3, sse4.1, sse4.2, popcnt, lzcnt, tsc, tscinvbit, avx, avx2, aes, erms, clmul, bmi1, bmi2, adx, sha, fma, vzeroupper, clflush, clflushopt, clwb, hv
Processor Information for processor 0
  Max Mhz: 1700, Current Mhz: 1700, Mhz Limit: 1700
Processor Information for processor 1
  Max Mhz: 1700, Current Mhz: 1700, Mhz Limit: 1700
Processor Information for processor 2
  Max Mhz: 1700, Current Mhz: 1700, Mhz Limit: 1700
Processor Information for processor 3
  Max Mhz: 1700, Current Mhz: 1700, Mhz Limit: 1700
Processor Information for processor 4
  Max Mhz: 1700, Current Mhz: 1200, Mhz Limit: 1190
Processor Information for processor 5
  Max Mhz: 1700, Current Mhz: 1200, Mhz Limit: 1190
Processor Information for processor 6
  Max Mhz: 1700, Current Mhz: 1200, Mhz Limit: 1190
Processor Information for processor 7
  Max Mhz: 1700, Current Mhz: 1200, Mhz Limit: 1190
Processor Information for processor 8
  Max Mhz: 1700, Current Mhz: 1200, Mhz Limit: 1190
Processor Information for processor 9
  Max Mhz: 1700, Current Mhz: 1200, Mhz Limit: 1190
Processor Information for processor 10
  Max Mhz: 1700, Current Mhz: 1200, Mhz Limit: 1190
Processor Information for processor 11
  Max Mhz: 1700, Current Mhz: 1200, Mhz Limit: 1190

Memory: 4k page, system-wide physical 16068M (1596M free)
TotalPageFile size 19012M (AvailPageFile size 5M)
current process WorkingSet (physical memory assigned to process): 477M, peak: 479M
current process commit charge ("private bytes"): 539M, peak: 544M

vm_info: OpenJDK 64-Bit Server VM (17.0.9+9) for windows-amd64 JRE (17.0.9+9), built on Oct 26 2023 14:01:42 by "admin" with MS VC++ 16.10 / 16.11 (VS2019)

END.
