#
# There is insufficient memory for the Java Runtime Environment to continue.
# Native memory allocation (mmap) failed to map 264241152 bytes for G1 virtual space
# Possible reasons:
#   The system is out of physical RAM or swap space
#   The process is running with CompressedOops enabled, and the Java Heap may be blocking the growth of the native heap
# Possible solutions:
#   Reduce memory load on the system
#   Increase physical memory or swap space
#   Check if swap backing store is full
#   Decrease Java heap size (-Xmx/-Xms)
#   Decrease number of Java threads
#   Decrease Java thread stack sizes (-Xss)
#   Set larger code cache with -XX:ReservedCodeCacheSize=
#   JVM is running with Zero Based Compressed Oops mode in which the Java heap is
#     placed in the first 32GB address space. The Java Heap base address is the
#     maximum limit for the native heap growth. Please use -XX:HeapBaseMinAddress
#     to set the Java Heap base and to place the Java Heap above 32GB virtual address.
# This output file may be truncated or incomplete.
#
#  Out of Memory Error (os_windows.cpp:3613), pid=15536, tid=27552
#
# JRE version:  (17.0.9+9) (build )
# Java VM: OpenJDK 64-Bit Server VM (17.0.9+9, mixed mode, emulated-client, sharing, tiered, compressed oops, compressed class ptrs, g1 gc, windows-amd64)
# No core dump will be written. Minidumps are not enabled by default on client versions of Windows
#

---------------  S U M M A R Y ------------

Command Line: -XX:TieredStopAtLevel=1 ec.gob.mdi.scsf.sites.SitesApplication

Host: 13th Gen Intel(R) Core(TM) i7-1355U, 12 cores, 15G,  Windows 11 , 64 bit Build 22621 (10.0.22621.3527)
Time: Mon May 20 15:53:44 2024 Hora est. Pacífico, Sudamérica elapsed time: 0.011241 seconds (0d 0h 0m 0s)

---------------  T H R E A D  ---------------

Current thread (0x00000279aee7e690):  JavaThread "Unknown thread" [_thread_in_vm, id=27552, stack(0x0000007bb6900000,0x0000007bb6a00000)]

Stack: [0x0000007bb6900000,0x0000007bb6a00000]
Native frames: (J=compiled Java code, j=interpreted, Vv=VM code, C=native code)
V  [jvm.dll+0x67cf49]
V  [jvm.dll+0x83478a]
V  [jvm.dll+0x83624e]
V  [jvm.dll+0x8368b3]
V  [jvm.dll+0x247f1f]
V  [jvm.dll+0x679d69]
V  [jvm.dll+0x66e6ba]
V  [jvm.dll+0x307e5b]
V  [jvm.dll+0x30f306]
V  [jvm.dll+0x35f0ce]
V  [jvm.dll+0x35f2ff]
V  [jvm.dll+0x2dea58]
V  [jvm.dll+0x2df9c4]
V  [jvm.dll+0x806031]
V  [jvm.dll+0x36cf31]
V  [jvm.dll+0x7e4aac]
V  [jvm.dll+0x3f07af]
V  [jvm.dll+0x3f23e1]
C  [jli.dll+0x528f]
C  [ucrtbase.dll+0x29333]
C  [KERNEL32.DLL+0x1257d]
C  [ntdll.dll+0x5aa48]


---------------  P R O C E S S  ---------------

Threads class SMR info:
_java_thread_list=0x00007ffc7d39ee98, length=0, elements={
}

Java Threads: ( => current thread )

Other Threads:
  0x00000279b10a5850 GCTaskThread "GC Thread#0" [stack: 0x0000007bb6a00000,0x0000007bb6b00000] [id=9640]
  0x00000279b10b62b0 ConcurrentGCThread "G1 Main Marker" [stack: 0x0000007bb6b00000,0x0000007bb6c00000] [id=10628]
  0x00000279b10b7ce0 ConcurrentGCThread "G1 Conc#0" [stack: 0x0000007bb6c00000,0x0000007bb6d00000] [id=26952]

[error occurred during error reporting (printing all threads), id 0xc0000005, EXCEPTION_ACCESS_VIOLATION (0xc0000005) at pc=0x00007ffc7cb5f497]

VM state: not at safepoint (not fully initialized)

VM Mutex/Monitor currently owned by a thread:  ([mutex/lock_event])
[0x00000279b1037950] Heap_lock - owner thread: 0x00000279aee7e690

Heap address: 0x0000000704e00000, size: 4018 MB, Compressed Oops mode: Zero based, Oop shift amount: 3

CDS archive(s) mapped at: [0x0000000000000000-0x0000000000000000-0x0000000000000000), size 0, SharedBaseAddress: 0x0000000800000000, ArchiveRelocationMode: 1.
Narrow klass base: 0x0000000000000000, Narrow klass shift: 0, Narrow klass range: 0x0

GC Precious Log:
<Empty>

Heap:
 garbage-first heap   total 0K, used 0K [0x0000000704e00000, 0x0000000800000000)
  region size 2048K, 0 young (0K), 0 survivors (0K)

[error occurred during error reporting (printing heap information), id 0xc0000005, EXCEPTION_ACCESS_VIOLATION (0xc0000005) at pc=0x00007ffc7cf46c79]

GC Heap History (0 events):
No events

Dll operation events (1 events):
Event: 0.007 Loaded shared library C:\Program Files\java\jdk-17.0.9+9\bin\java.dll

Deoptimization events (0 events):
No events

Classes unloaded (0 events):
No events

Classes redefined (0 events):
No events

Internal exceptions (0 events):
No events

VM Operations (0 events):
No events

Events (0 events):
No events


Dynamic libraries:
0x00007ff6858d0000 - 0x00007ff6858de000 	C:\Program Files\java\jdk-17.0.9+9\bin\java.exe
0x00007ffcf3570000 - 0x00007ffcf3787000 	C:\Windows\SYSTEM32\ntdll.dll
0x00007ffcf2a70000 - 0x00007ffcf2b34000 	C:\Windows\System32\KERNEL32.DLL
0x00007ffcf0ce0000 - 0x00007ffcf1087000 	C:\Windows\System32\KERNELBASE.dll
0x00007ffcf0890000 - 0x00007ffcf09a1000 	C:\Windows\System32\ucrtbase.dll
0x00007ffceb070000 - 0x00007ffceb08b000 	C:\Program Files\java\jdk-17.0.9+9\bin\VCRUNTIME140.dll
0x00007ffcd4c00000 - 0x00007ffcd4c17000 	C:\Program Files\java\jdk-17.0.9+9\bin\jli.dll
0x00007ffcf2270000 - 0x00007ffcf241e000 	C:\Windows\System32\USER32.dll
0x00007ffcf0cb0000 - 0x00007ffcf0cd6000 	C:\Windows\System32\win32u.dll
0x00007ffcf1cd0000 - 0x00007ffcf1cf9000 	C:\Windows\System32\GDI32.dll
0x00007ffcf0b90000 - 0x00007ffcf0ca9000 	C:\Windows\System32\gdi32full.dll
0x00007ffcf1090000 - 0x00007ffcf112a000 	C:\Windows\System32\msvcp_win.dll
0x00007ffcc2600000 - 0x00007ffcc2893000 	C:\Windows\WinSxS\amd64_microsoft.windows.common-controls_6595b64144ccf1df_6.0.22621.3527_none_270e469b73872a76\COMCTL32.dll
0x00007ffcf28a0000 - 0x00007ffcf2947000 	C:\Windows\System32\msvcrt.dll
0x00007ffcf21b0000 - 0x00007ffcf21e1000 	C:\Windows\System32\IMM32.DLL
0x00007ffceb060000 - 0x00007ffceb06c000 	C:\Program Files\java\jdk-17.0.9+9\bin\vcruntime140_1.dll
0x00007ffcd47c0000 - 0x00007ffcd484d000 	C:\Program Files\java\jdk-17.0.9+9\bin\msvcp140.dll
0x00007ffc7c870000 - 0x00007ffc7d4d1000 	C:\Program Files\java\jdk-17.0.9+9\bin\server\jvm.dll
0x00007ffcf3470000 - 0x00007ffcf3522000 	C:\Windows\System32\ADVAPI32.dll
0x00007ffcf2050000 - 0x00007ffcf20f8000 	C:\Windows\System32\sechost.dll
0x00007ffcf0a70000 - 0x00007ffcf0a98000 	C:\Windows\System32\bcrypt.dll
0x00007ffcf1eb0000 - 0x00007ffcf1fc5000 	C:\Windows\System32\RPCRT4.dll
0x00007ffcc2470000 - 0x00007ffcc2479000 	C:\Windows\SYSTEM32\WSOCK32.dll
0x00007ffcf06a0000 - 0x00007ffcf06ed000 	C:\Windows\SYSTEM32\POWRPROF.dll
0x00007ffce5230000 - 0x00007ffce523a000 	C:\Windows\SYSTEM32\VERSION.dll
0x00007ffcf21f0000 - 0x00007ffcf2261000 	C:\Windows\System32\WS2_32.dll
0x00007ffce4fc0000 - 0x00007ffce4ff4000 	C:\Windows\SYSTEM32\WINMM.dll
0x00007ffcf0580000 - 0x00007ffcf0593000 	C:\Windows\SYSTEM32\UMPDC.dll
0x00007ffcef870000 - 0x00007ffcef888000 	C:\Windows\SYSTEM32\kernel.appcore.dll
0x00007ffceb050000 - 0x00007ffceb05a000 	C:\Program Files\java\jdk-17.0.9+9\bin\jimage.dll
0x00007ffcedf90000 - 0x00007ffcee1c2000 	C:\Windows\SYSTEM32\DBGHELP.DLL
0x00007ffcf2510000 - 0x00007ffcf2898000 	C:\Windows\System32\combase.dll
0x00007ffcf2420000 - 0x00007ffcf24f7000 	C:\Windows\System32\OLEAUT32.dll
0x00007ffcdd2f0000 - 0x00007ffcdd322000 	C:\Windows\SYSTEM32\dbgcore.DLL
0x00007ffcf0aa0000 - 0x00007ffcf0b19000 	C:\Windows\System32\bcryptPrimitives.dll
0x00007ffcd8b50000 - 0x00007ffcd8b75000 	C:\Program Files\java\jdk-17.0.9+9\bin\java.dll

dbghelp: loaded successfully - version: 4.0.5 - missing functions: none
symbol engine: initialized successfully - sym options: 0x614 - pdb path: .;C:\Program Files\java\jdk-17.0.9+9\bin;C:\Windows\SYSTEM32;C:\Windows\WinSxS\amd64_microsoft.windows.common-controls_6595b64144ccf1df_6.0.22621.3527_none_270e469b73872a76;C:\Program Files\java\jdk-17.0.9+9\bin\server

VM Arguments:
jvm_args: -XX:TieredStopAtLevel=1 
java_command: ec.gob.mdi.scsf.sites.SitesApplication
java_class_path (initial): C:\DiscoD\ProeyectoSpringBoot\scsfparent\businessdomain\sites\target\classes;C:\Users\yessenia.gonzalez\.m2\repository\com\fasterxml\jackson\datatype\jackson-datatype-jdk8\2.15.4\jackson-datatype-jdk8-2.15.4.jar;C:\Users\yessenia.gonzalez\.m2\repository\com\fasterxml\jackson\datatype\jackson-datatype-jsr310\2.15.4\jackson-datatype-jsr310-2.15.4.jar;C:\Users\yessenia.gonzalez\.m2\repository\com\fasterxml\jackson\module\jackson-module-parameter-names\2.15.4\jackson-module-parameter-names-2.15.4.jar;C:\Users\yessenia.gonzalez\.m2\repository\io\projectreactor\netty\reactor-netty-http\1.1.17\reactor-netty-http-1.1.17.jar;C:\Users\yessenia.gonzalez\.m2\repository\io\netty\netty-codec-http\4.1.107.Final\netty-codec-http-4.1.107.Final.jar;C:\Users\yessenia.gonzalez\.m2\repository\io\netty\netty-common\4.1.107.Final\netty-common-4.1.107.Final.jar;C:\Users\yessenia.gonzalez\.m2\repository\io\netty\netty-buffer\4.1.107.Final\netty-buffer-4.1.107.Final.jar;C:\Users\yessenia.gonzalez\.m2\repository\io\netty\netty-transport\4.1.107.Final\netty-transport-4.1.107.Final.jar;C:\Users\yessenia.gonzalez\.m2\repository\io\netty\netty-codec\4.1.107.Final\netty-codec-4.1.107.Final.jar;C:\Users\yessenia.gonzalez\.m2\repository\io\netty\netty-handler\4.1.107.Final\netty-handler-4.1.107.Final.jar;C:\Users\yessenia.gonzalez\.m2\repository\io\netty\netty-codec-http2\4.1.107.Final\netty-codec-http2-4.1.107.Final.jar;C:\Users\yessenia.gonzalez\.m2\repository\io\netty\netty-resolver-dns\4.1.107.Final\netty-resolver-dns-4.1.107.Final.jar;C:\Users\yessenia.gonzalez\.m2\repository\io\netty\netty-resolver\4.1.107.Final\netty-resolver-4.1.107.Final.jar;C:\Users\yessenia.gonzalez\.m2\repository\io\netty\netty-codec-dns\4.1.107.Final\netty-codec-dns-4.1.107.Final.jar;C:\Users\yessenia.gonzalez\.m2\repository\io\netty\netty-resolver-dns-native-macos\4.1.107.Final\netty-resolver-dns-native-macos-4.1.107.Final-osx-x86_64.jar;C:\Users\yessenia.gonzalez\.m2\repository\io\netty\ne
Launcher Type: SUN_STANDARD

[Global flags]
     intx CICompilerCount                          = 4                                         {product} {ergonomic}
     uint ConcGCThreads                            = 3                                         {product} {ergonomic}
     uint G1ConcRefinementThreads                  = 10                                        {product} {ergonomic}
   size_t G1HeapRegionSize                         = 2097152                                   {product} {ergonomic}
    uintx GCDrainStackTargetSize                   = 64                                        {product} {ergonomic}
   size_t InitialHeapSize                          = 264241152                                 {product} {ergonomic}
   size_t MarkStackSize                            = 4194304                                   {product} {ergonomic}
   size_t MaxHeapSize                              = 4213178368                                {product} {ergonomic}
   size_t MinHeapDeltaBytes                        = 2097152                                   {product} {ergonomic}
   size_t MinHeapSize                              = 8388608                                   {product} {ergonomic}
    uintx NonProfiledCodeHeapSize                  = 0                                      {pd product} {ergonomic}
     bool ProfileInterpreter                       = false                                  {pd product} {command line}
    uintx ProfiledCodeHeapSize                     = 0                                      {pd product} {ergonomic}
   size_t SoftMaxHeapSize                          = 4213178368                             {manageable} {ergonomic}
     intx TieredStopAtLevel                        = 1                                         {product} {command line}
     bool UseCompressedClassPointers               = true                           {product lp64_product} {ergonomic}
     bool UseCompressedOops                        = true                           {product lp64_product} {ergonomic}
     bool UseG1GC                                  = true                                      {product} {ergonomic}
     bool UseLargePagesIndividualAllocation        = false                                  {pd product} {ergonomic}

Logging:
Log output configuration:
 #0: stdout all=warning uptime,level,tags
 #1: stderr all=off uptime,level,tags

Environment Variables:
JAVA_HOME=C:\Program Files\java\jdk-17.0.9+9
PATH=C:\DevSuiteHome_1\jdk\jre\bin\classic;C:\DevSuiteHome_1\jdk\jre\bin;C:\DevSuiteHome_1\jdk\jre\bin\client;C:\DevSuiteHome_1\jlib;C:\DevSuiteHome_1\bin;C:\DevSuiteHome_1\jre\1.4.2\bin\client;C:\DevSuiteHome_1\jre\1.4.2\bin;C:\Program Files (x86)\Common Files\Oracle\Java\javapath;C:\Windows\system32;C:\Windows;C:\Windows\System32\Wbem;C:\Windows\System32\WindowsPowerShell\v1.0\;C:\Windows\System32\OpenSSH\;C:\Program Files\dotnet\;C:\Program Files\java\jdk-11.0.0.1\bin;C:\Users\yessenia.gonzalez\AppData\Roaming\nvm;C:\ambiente\node;C:\Program Files\nodejs\;C:\Program Files\PuTTY\;C:\Program Files\Git\cmd;C:\Users\yessenia.gonzalez\AppData\Local\Microsoft\WindowsApps;C:\Program Files\java\jdk-11.0.0.1\bin;C:\Users\yessenia.gonzalez\apache-maven-3.9.6;C:\Program Files\JetBrains\IntelliJ IDEA 2023.3.3\bin;;C:\Users\yessenia.gonzalez\AppData\Local\Programs\Microsoft VS Code\bin;C:\Users\yessenia.gonzalez\AppData\Roaming\nvm;C:\ambiente\node;C:\Users\yessenia.gonzalez\AppData\Roaming\npm;C:\Program Files\nodejs;
USERNAME=yessenia.gonzalez
OS=Windows_NT
PROCESSOR_IDENTIFIER=Intel64 Family 6 Model 186 Stepping 3, GenuineIntel
TMP=C:\Users\YESSEN~1.GON\AppData\Local\Temp
TEMP=C:\Users\YESSEN~1.GON\AppData\Local\Temp



Periodic native trim disabled


---------------  S Y S T E M  ---------------

OS:
 Windows 11 , 64 bit Build 22621 (10.0.22621.3527)
OS uptime: 3 days 8:08 hours
Hyper-V role detected

CPU: total 12 (initial active 12) (6 cores per cpu, 2 threads per core) family 6 model 186 stepping 3 microcode 0x4114, cx8, cmov, fxsr, ht, mmx, 3dnowpref, sse, sse2, sse3, ssse3, sse4.1, sse4.2, popcnt, lzcnt, tsc, tscinvbit, avx, avx2, aes, erms, clmul, bmi1, bmi2, adx, sha, fma, vzeroupper, clflush, clflushopt, clwb, hv
Processor Information for processor 0
  Max Mhz: 1700, Current Mhz: 1700, Mhz Limit: 1700
Processor Information for processor 1
  Max Mhz: 1700, Current Mhz: 1700, Mhz Limit: 1700
Processor Information for processor 2
  Max Mhz: 1700, Current Mhz: 1700, Mhz Limit: 1700
Processor Information for processor 3
  Max Mhz: 1700, Current Mhz: 1700, Mhz Limit: 1700
Processor Information for processor 4
  Max Mhz: 1700, Current Mhz: 1200, Mhz Limit: 1190
Processor Information for processor 5
  Max Mhz: 1700, Current Mhz: 1200, Mhz Limit: 1190
Processor Information for processor 6
  Max Mhz: 1700, Current Mhz: 1200, Mhz Limit: 1190
Processor Information for processor 7
  Max Mhz: 1700, Current Mhz: 1200, Mhz Limit: 1190
Processor Information for processor 8
  Max Mhz: 1700, Current Mhz: 1200, Mhz Limit: 1190
Processor Information for processor 9
  Max Mhz: 1700, Current Mhz: 1200, Mhz Limit: 1190
Processor Information for processor 10
  Max Mhz: 1700, Current Mhz: 1200, Mhz Limit: 1190
Processor Information for processor 11
  Max Mhz: 1700, Current Mhz: 1200, Mhz Limit: 1190

Memory: 4k page, system-wide physical 16068M (1695M free)
TotalPageFile size 19012M (AvailPageFile size 116M)
current process WorkingSet (physical memory assigned to process): 11M, peak: 11M
current process commit charge ("private bytes"): 59M, peak: 311M

vm_info: OpenJDK 64-Bit Server VM (17.0.9+9) for windows-amd64 JRE (17.0.9+9), built on Oct 26 2023 14:01:42 by "admin" with MS VC++ 16.10 / 16.11 (VS2019)

END.
