#
# There is insufficient memory for the Java Runtime Environment to continue.
# Native memory allocation (mmap) failed to map 29360128 bytes for G1 virtual space
# Possible reasons:
#   The system is out of physical RAM or swap space
#   The process is running with CompressedOops enabled, and the Java Heap may be blocking the growth of the native heap
# Possible solutions:
#   Reduce memory load on the system
#   Increase physical memory or swap space
#   Check if swap backing store is full
#   Decrease Java heap size (-Xmx/-Xms)
#   Decrease number of Java threads
#   Decrease Java thread stack sizes (-Xss)
#   Set larger code cache with -XX:ReservedCodeCacheSize=
#   JVM is running with Zero Based Compressed Oops mode in which the Java heap is
#     placed in the first 32GB address space. The Java Heap base address is the
#     maximum limit for the native heap growth. Please use -XX:HeapBaseMinAddress
#     to set the Java Heap base and to place the Java Heap above 32GB virtual address.
# This output file may be truncated or incomplete.
#
#  Out of Memory Error (os_windows.cpp:3613), pid=3228, tid=13304
#
# JRE version: OpenJDK Runtime Environment Temurin-17.0.9+9 (17.0.9+9) (build 17.0.9+9)
# Java VM: OpenJDK 64-Bit Server VM Temurin-17.0.9+9 (17.0.9+9, mixed mode, emulated-client, sharing, tiered, compressed oops, compressed class ptrs, g1 gc, windows-amd64)
# No core dump will be written. Minidumps are not enabled by default on client versions of Windows
#

---------------  S U M M A R Y ------------

Command Line: -XX:TieredStopAtLevel=1 ec.gob.mdi.scsf.qualificationsrenewals.QualificationsRenewalsApplication

Host: 13th Gen Intel(R) Core(TM) i7-1355U, 12 cores, 15G,  Windows 11 , 64 bit Build 22621 (10.0.22621.3374)
Time: Wed May  8 15:09:47 2024 Hora est. Pacífico, Sudamérica elapsed time: 11284.940797 seconds (0d 3h 8m 4s)

---------------  T H R E A D  ---------------

Current thread (0x00000246b424f660):  VMThread "VM Thread" [stack: 0x0000009696100000,0x0000009696200000] [id=13304]

Stack: [0x0000009696100000,0x0000009696200000]
Native frames: (J=compiled Java code, j=interpreted, Vv=VM code, C=native code)
V  [jvm.dll+0x67cf49]
V  [jvm.dll+0x83478a]
V  [jvm.dll+0x83624e]
V  [jvm.dll+0x8368b3]
V  [jvm.dll+0x247f1f]
V  [jvm.dll+0x679d69]
V  [jvm.dll+0x66e6ba]
V  [jvm.dll+0x307e5b]
V  [jvm.dll+0x30f306]
V  [jvm.dll+0x35f0ce]
V  [jvm.dll+0x35f2ff]
V  [jvm.dll+0x2dea58]
V  [jvm.dll+0x2dcc34]
V  [jvm.dll+0x2dc23c]
V  [jvm.dll+0x3202bb]
V  [jvm.dll+0x83adab]
V  [jvm.dll+0x83baf1]
V  [jvm.dll+0x83c00d]
V  [jvm.dll+0x83c3e4]
V  [jvm.dll+0x83c4b0]
V  [jvm.dll+0x7e3c3a]
V  [jvm.dll+0x67be35]
C  [ucrtbase.dll+0x29333]
C  [KERNEL32.DLL+0x1257d]
C  [ntdll.dll+0x5aa48]

VM_Operation (0x0000009697ffe8e0): G1CollectForAllocation, mode: safepoint, requested by thread 0x00000246fda00480


---------------  P R O C E S S  ---------------

Threads class SMR info:
_java_thread_list=0x00000246fca55920, length=37, elements={
0x00000246b4254670, 0x00000246b4255b00, 0x00000246b426c6e0, 0x00000246b426d2a0,
0x00000246b4273c80, 0x00000246b4278b50, 0x00000246b42795c0, 0x00000246b427afd0,
0x00000246b4914d80, 0x00000246b4917cd0, 0x00000246fc27f3c0, 0x00000246fa540ec0,
0x00000246fa5404a0, 0x00000246fa5418e0, 0x00000246fa542300, 0x00000246fa5409b0,
0x00000246fa542810, 0x00000246fa53f570, 0x00000246fa53fa80, 0x00000246fda03720,
0x00000246fda04b60, 0x00000246fda02d00, 0x00000246fda022e0, 0x00000246fda00ea0,
0x00000246fda013b0, 0x00000246fda018c0, 0x00000246fd9ff550, 0x00000246fd9fe110,
0x00000246fd9ffa60, 0x00000246fda01dd0, 0x00000246fda027f0, 0x00000246fda03210,
0x00000246fda03c30, 0x00000246fda04650, 0x00000246fda04140, 0x00000246fda05070,
0x00000246fda00480
}

Java Threads: ( => current thread )
  0x00000246b4254670 JavaThread "Reference Handler" daemon [_thread_blocked, id=7364, stack(0x0000009696200000,0x0000009696300000)]
  0x00000246b4255b00 JavaThread "Finalizer" daemon [_thread_blocked, id=11420, stack(0x0000009696300000,0x0000009696400000)]
  0x00000246b426c6e0 JavaThread "Signal Dispatcher" daemon [_thread_blocked, id=8900, stack(0x0000009696400000,0x0000009696500000)]
  0x00000246b426d2a0 JavaThread "Attach Listener" daemon [_thread_blocked, id=21540, stack(0x0000009696500000,0x0000009696600000)]
  0x00000246b4273c80 JavaThread "Service Thread" daemon [_thread_blocked, id=5012, stack(0x0000009696600000,0x0000009696700000)]
  0x00000246b4278b50 JavaThread "Monitor Deflation Thread" daemon [_thread_blocked, id=17252, stack(0x0000009696700000,0x0000009696800000)]
  0x00000246b42795c0 JavaThread "C1 CompilerThread0" daemon [_thread_blocked, id=11312, stack(0x0000009696800000,0x0000009696900000)]
  0x00000246b427afd0 JavaThread "Sweeper thread" daemon [_thread_blocked, id=7436, stack(0x0000009696900000,0x0000009696a00000)]
  0x00000246b4914d80 JavaThread "Notification Thread" daemon [_thread_blocked, id=12636, stack(0x0000009696c00000,0x0000009696d00000)]
  0x00000246b4917cd0 JavaThread "Common-Cleaner" daemon [_thread_blocked, id=5704, stack(0x0000009696e00000,0x0000009696f00000)]
  0x00000246fc27f3c0 JavaThread "PostgreSQL-JDBC-Cleaner" daemon [_thread_blocked, id=13964, stack(0x0000009698200000,0x0000009698300000)]
  0x00000246fa540ec0 JavaThread "DestroyJavaVM" [_thread_blocked, id=15272, stack(0x0000009695b00000,0x0000009695c00000)]
  0x00000246fa5404a0 JavaThread "Keep-Alive-Timer" daemon [_thread_blocked, id=18168, stack(0x0000009695900000,0x0000009695a00000)]
  0x00000246fa5418e0 JavaThread "Catalina-utility-1" [_thread_blocked, id=16512, stack(0x0000009697400000,0x0000009697500000)]
  0x00000246fa542300 JavaThread "Catalina-utility-2" [_thread_blocked, id=21156, stack(0x0000009697500000,0x0000009697600000)]
  0x00000246fa5409b0 JavaThread "container-0" [_thread_blocked, id=24768, stack(0x0000009697600000,0x0000009697700000)]
  0x00000246fa542810 JavaThread "HikariPool-4 housekeeper" daemon [_thread_blocked, id=22644, stack(0x0000009697700000,0x0000009697800000)]
  0x00000246fa53f570 JavaThread "spring.cloud.inetutils" daemon [_thread_blocked, id=9680, stack(0x0000009698300000,0x0000009698400000)]
  0x00000246fa53fa80 JavaThread "File Watcher" daemon [_thread_blocked, id=24852, stack(0x0000009698400000,0x0000009698500000)]
  0x00000246fda03720 JavaThread "AsyncResolver-bootstrap-0" daemon [_thread_blocked, id=9608, stack(0x0000009698500000,0x0000009698600000)]
  0x00000246fda04b60 JavaThread "DiscoveryClient-0" daemon [_thread_blocked, id=21464, stack(0x0000009698600000,0x0000009698700000)]
  0x00000246fda02d00 JavaThread "DiscoveryClient-1" daemon [_thread_blocked, id=7528, stack(0x0000009698700000,0x0000009698800000)]
  0x00000246fda022e0 JavaThread "DiscoveryClient-InstanceInfoReplicator-0" daemon [_thread_blocked, id=21568, stack(0x0000009698800000,0x0000009698900000)]
  0x00000246fda00ea0 JavaThread "http-nio-8088-exec-1" daemon [_thread_blocked, id=1036, stack(0x0000009698900000,0x0000009698a00000)]
  0x00000246fda013b0 JavaThread "http-nio-8088-exec-2" daemon [_thread_blocked, id=25312, stack(0x0000009698a00000,0x0000009698b00000)]
  0x00000246fda018c0 JavaThread "http-nio-8088-exec-3" daemon [_thread_blocked, id=23272, stack(0x0000009698b00000,0x0000009698c00000)]
  0x00000246fd9ff550 JavaThread "http-nio-8088-exec-4" daemon [_thread_blocked, id=12908, stack(0x0000009698c00000,0x0000009698d00000)]
  0x00000246fd9fe110 JavaThread "http-nio-8088-exec-5" daemon [_thread_blocked, id=2604, stack(0x0000009698d00000,0x0000009698e00000)]
  0x00000246fd9ffa60 JavaThread "http-nio-8088-exec-6" daemon [_thread_blocked, id=9840, stack(0x0000009698e00000,0x0000009698f00000)]
  0x00000246fda01dd0 JavaThread "http-nio-8088-exec-7" daemon [_thread_blocked, id=4028, stack(0x0000009698f00000,0x0000009699000000)]
  0x00000246fda027f0 JavaThread "http-nio-8088-exec-8" daemon [_thread_blocked, id=17352, stack(0x0000009699000000,0x0000009699100000)]
  0x00000246fda03210 JavaThread "http-nio-8088-exec-9" daemon [_thread_blocked, id=6056, stack(0x0000009699100000,0x0000009699200000)]
  0x00000246fda03c30 JavaThread "http-nio-8088-exec-10" daemon [_thread_blocked, id=19988, stack(0x0000009699200000,0x0000009699300000)]
  0x00000246fda04650 JavaThread "http-nio-8088-Poller" daemon [_thread_in_native, id=17676, stack(0x0000009699300000,0x0000009699400000)]
  0x00000246fda04140 JavaThread "http-nio-8088-Acceptor" daemon [_thread_in_native, id=10632, stack(0x0000009699400000,0x0000009699500000)]
  0x00000246fda05070 JavaThread "DiscoveryClient-CacheRefreshExecutor-0" daemon [_thread_blocked, id=2904, stack(0x0000009697800000,0x0000009697900000)]
  0x00000246fda00480 JavaThread "DiscoveryClient-HeartbeatExecutor-0" daemon [_thread_blocked, id=1824, stack(0x0000009697f00000,0x0000009698000000)]

Other Threads:
=>0x00000246b424f660 VMThread "VM Thread" [stack: 0x0000009696100000,0x0000009696200000] [id=13304]
  0x00000246b4917270 WatcherThread [stack: 0x0000009696d00000,0x0000009696e00000] [id=2560]
  0x000002469d6d3a70 GCTaskThread "GC Thread#0" [stack: 0x0000009695c00000,0x0000009695d00000] [id=22620]
  0x00000246fa728a80 GCTaskThread "GC Thread#1" [stack: 0x0000009696f00000,0x0000009697000000] [id=13328]
  0x00000246fa70af30 GCTaskThread "GC Thread#2" [stack: 0x0000009697000000,0x0000009697100000] [id=17848]
  0x00000246fa70b1f0 GCTaskThread "GC Thread#3" [stack: 0x0000009697100000,0x0000009697200000] [id=15164]
  0x00000246fa70b4b0 GCTaskThread "GC Thread#4" [stack: 0x0000009697200000,0x0000009697300000] [id=5804]
  0x00000246fa70b770 GCTaskThread "GC Thread#5" [stack: 0x0000009697300000,0x0000009697400000] [id=2696]
  0x00000246fad5dec0 GCTaskThread "GC Thread#6" [stack: 0x0000009697a00000,0x0000009697b00000] [id=9296]
  0x00000246fad67250 GCTaskThread "GC Thread#7" [stack: 0x0000009697b00000,0x0000009697c00000] [id=22500]
  0x00000246faca6c40 GCTaskThread "GC Thread#8" [stack: 0x0000009697c00000,0x0000009697d00000] [id=21656]
  0x00000246fad8b670 GCTaskThread "GC Thread#9" [stack: 0x0000009697d00000,0x0000009697e00000] [id=11112]
  0x000002469d6e44d0 ConcurrentGCThread "G1 Main Marker" [stack: 0x0000009695d00000,0x0000009695e00000] [id=1612]
  0x000002469d6e4ef0 ConcurrentGCThread "G1 Conc#0" [stack: 0x0000009695e00000,0x0000009695f00000] [id=20880]
  0x00000246fb04e540 ConcurrentGCThread "G1 Conc#1" [stack: 0x0000009697900000,0x0000009697a00000] [id=1504]
  0x00000246fb04e800 ConcurrentGCThread "G1 Conc#2" [stack: 0x0000009697e00000,0x0000009697f00000] [id=19876]
  0x00000246b416da50 ConcurrentGCThread "G1 Refine#0" [stack: 0x0000009695f00000,0x0000009696000000] [id=6632]
  0x00000246fd577010 ConcurrentGCThread "G1 Refine#1" [stack: 0x0000009695800000,0x0000009695900000] [id=13452]
  0x00000246b416f490 ConcurrentGCThread "G1 Service" [stack: 0x0000009696000000,0x0000009696100000] [id=13916]

Threads with active compile tasks:

VM state: at safepoint (normal execution)

VM Mutex/Monitor currently owned by a thread:  ([mutex/lock_event])
[0x000002469d665620] Threads_lock - owner thread: 0x00000246b424f660
[0x000002469d664660] Heap_lock - owner thread: 0x00000246fda00480

Heap address: 0x0000000704e00000, size: 4018 MB, Compressed Oops mode: Zero based, Oop shift amount: 3

CDS archive(s) mapped at: [0x00000246b5000000-0x00000246b5ba0000-0x00000246b5ba0000), size 12189696, SharedBaseAddress: 0x00000246b5000000, ArchiveRelocationMode: 1.
Compressed class space mapped at: 0x00000246b6000000-0x00000246f6000000, reserved size: 1073741824
Narrow klass base: 0x00000246b5000000, Narrow klass shift: 0, Narrow klass range: 0x100000000

GC Precious Log:
 CPUs: 12 total, 12 available
 Memory: 16068M
 Large Page Support: Disabled
 NUMA Support: Disabled
 Compressed Oops: Enabled (Zero based)
 Heap Region Size: 2M
 Heap Min Capacity: 8M
 Heap Initial Capacity: 252M
 Heap Max Capacity: 4018M
 Pre-touch: Disabled
 Parallel Workers: 10
 Concurrent Workers: 3
 Concurrent Refinement Workers: 10
 Periodic GC: Disabled

Heap:
 garbage-first heap   total 143360K, used 58584K [0x0000000704e00000, 0x0000000800000000)
  region size 2048K, 4 young (8192K), 4 survivors (8192K)
 Metaspace       used 80099K, committed 80768K, reserved 1179648K
  class space    used 11518K, committed 11840K, reserved 1048576K

Heap Regions: E=young(eden), S=young(survivor), O=old, HS=humongous(starts), HC=humongous(continues), CS=collection set, F=free, OA=open archive, CA=closed archive, TAMS=top-at-mark-start (previous, next)
|   0|0x0000000704e00000, 0x0000000704ffff80, 0x0000000705000000| 99%| O|  |TAMS 0x0000000704ffff80, 0x0000000704e00000| Untracked 
|   1|0x0000000705000000, 0x0000000705200000, 0x0000000705200000|100%| O|  |TAMS 0x0000000705200000, 0x0000000705000000| Untracked 
|   2|0x0000000705200000, 0x00000007053fe8a8, 0x0000000705400000| 99%| O|  |TAMS 0x00000007053fe8a8, 0x0000000705200000| Untracked 
|   3|0x0000000705400000, 0x0000000705600000, 0x0000000705600000|100%| O|  |TAMS 0x0000000705600000, 0x0000000705400000| Untracked 
|   4|0x0000000705600000, 0x00000007057ffff0, 0x0000000705800000| 99%| O|  |TAMS 0x00000007057ffff0, 0x0000000705600000| Untracked 
|   5|0x0000000705800000, 0x0000000705a00000, 0x0000000705a00000|100%| O|  |TAMS 0x0000000705a00000, 0x0000000705800000| Untracked 
|   6|0x0000000705a00000, 0x0000000705c00000, 0x0000000705c00000|100%| O|  |TAMS 0x0000000705c00000, 0x0000000705a00000| Untracked 
|   7|0x0000000705c00000, 0x0000000705dffff0, 0x0000000705e00000| 99%| O|  |TAMS 0x0000000705c00000, 0x0000000705c00000| Untracked 
|   8|0x0000000705e00000, 0x0000000706000000, 0x0000000706000000|100%| O|  |TAMS 0x0000000706000000, 0x0000000705e00000| Untracked 
|   9|0x0000000706000000, 0x00000007061fffc8, 0x0000000706200000| 99%| O|  |TAMS 0x00000007061fffc8, 0x0000000706000000| Untracked 
|  10|0x0000000706200000, 0x00000007063ffff8, 0x0000000706400000| 99%| O|  |TAMS 0x00000007063ffff8, 0x0000000706200000| Untracked 
|  11|0x0000000706400000, 0x00000007065ffff0, 0x0000000706600000| 99%| O|  |TAMS 0x00000007065ffff0, 0x0000000706400000| Untracked 
|  12|0x0000000706600000, 0x00000007067fffb0, 0x0000000706800000| 99%| O|  |TAMS 0x00000007067fffb0, 0x0000000706600000| Untracked 
|  13|0x0000000706800000, 0x00000007069e1850, 0x0000000706a00000| 94%| O|  |TAMS 0x0000000706800000, 0x0000000706800000| Untracked 
|  14|0x0000000706a00000, 0x0000000706b9a770, 0x0000000706c00000| 80%| O|  |TAMS 0x0000000706a00000, 0x0000000706a00000| Untracked 
|  15|0x0000000706c00000, 0x0000000706dfffa8, 0x0000000706e00000| 99%| O|  |TAMS 0x0000000706dfffa8, 0x0000000706c00000| Untracked 
|  16|0x0000000706e00000, 0x0000000706fffff8, 0x0000000707000000| 99%| O|  |TAMS 0x0000000706e00000, 0x0000000706e00000| Untracked 
|  17|0x0000000707000000, 0x0000000707200000, 0x0000000707200000|100%| O|  |TAMS 0x0000000707000000, 0x0000000707000000| Untracked 
|  18|0x0000000707200000, 0x0000000707400000, 0x0000000707400000|100%| O|  |TAMS 0x0000000707200000, 0x0000000707200000| Untracked 
|  19|0x0000000707400000, 0x000000070758adb8, 0x0000000707600000| 77%| O|  |TAMS 0x0000000707400000, 0x0000000707400000| Untracked 
|  20|0x0000000707600000, 0x0000000707800000, 0x0000000707800000|100%| O|  |TAMS 0x0000000707600000, 0x0000000707600000| Untracked 
|  21|0x0000000707800000, 0x0000000707a00000, 0x0000000707a00000|100%| O|  |TAMS 0x0000000707800000, 0x0000000707800000| Untracked 
|  22|0x0000000707a00000, 0x0000000707c00000, 0x0000000707c00000|100%| O|  |TAMS 0x0000000707a00000, 0x0000000707a00000| Untracked 
|  23|0x0000000707c00000, 0x0000000707d2f600, 0x0000000707e00000| 59%| O|  |TAMS 0x0000000707c00000, 0x0000000707c00000| Untracked 
|  24|0x0000000707e00000, 0x0000000707e00000, 0x0000000708000000|  0%| F|  |TAMS 0x0000000707e00000, 0x0000000707e00000| Untracked 
|  25|0x0000000708000000, 0x00000007081fffe8, 0x0000000708200000| 99%| O|  |TAMS 0x0000000708000000, 0x0000000708000000| Untracked 
|  26|0x0000000708200000, 0x00000007082e7a50, 0x0000000708400000| 45%| O|  |TAMS 0x0000000708200000, 0x0000000708200000| Untracked 
|  27|0x0000000708400000, 0x000000070841f388, 0x0000000708600000|  6%| O|  |TAMS 0x0000000708400000, 0x0000000708400000| Untracked 
|  28|0x0000000708600000, 0x0000000708600000, 0x0000000708800000|  0%| F|  |TAMS 0x0000000708600000, 0x0000000708600000| Untracked 
|  29|0x0000000708800000, 0x0000000708800000, 0x0000000708a00000|  0%| F|  |TAMS 0x0000000708800000, 0x0000000708800000| Untracked 
|  30|0x0000000708a00000, 0x0000000708a00000, 0x0000000708c00000|  0%| F|  |TAMS 0x0000000708a00000, 0x0000000708a00000| Untracked 
|  31|0x0000000708c00000, 0x0000000708c00000, 0x0000000708e00000|  0%| F|  |TAMS 0x0000000708c00000, 0x0000000708c00000| Untracked 
|  32|0x0000000708e00000, 0x0000000708e00000, 0x0000000709000000|  0%| F|  |TAMS 0x0000000708e00000, 0x0000000708e00000| Untracked 
|  33|0x0000000709000000, 0x0000000709000000, 0x0000000709200000|  0%| F|  |TAMS 0x0000000709000000, 0x0000000709000000| Untracked 
|  34|0x0000000709200000, 0x0000000709200000, 0x0000000709400000|  0%| F|  |TAMS 0x0000000709200000, 0x0000000709200000| Untracked 
|  35|0x0000000709400000, 0x0000000709400000, 0x0000000709600000|  0%| F|  |TAMS 0x0000000709400000, 0x0000000709400000| Untracked 
|  36|0x0000000709600000, 0x0000000709600000, 0x0000000709800000|  0%| F|  |TAMS 0x0000000709600000, 0x0000000709600000| Untracked 
|  37|0x0000000709800000, 0x00000007099fa9a0, 0x0000000709a00000| 98%| S|CS|TAMS 0x0000000709800000, 0x0000000709800000| Complete 
|  38|0x0000000709a00000, 0x0000000709c00000, 0x0000000709c00000|100%| S|CS|TAMS 0x0000000709a00000, 0x0000000709a00000| Complete 
|  39|0x0000000709c00000, 0x0000000709e00000, 0x0000000709e00000|100%| S|CS|TAMS 0x0000000709c00000, 0x0000000709c00000| Complete 
|  40|0x0000000709e00000, 0x000000070a000000, 0x000000070a000000|100%| S|CS|TAMS 0x0000000709e00000, 0x0000000709e00000| Complete 
|  41|0x000000070a000000, 0x000000070a000000, 0x000000070a200000|  0%| F|  |TAMS 0x000000070a000000, 0x000000070a000000| Untracked 
|  42|0x000000070a200000, 0x000000070a200000, 0x000000070a400000|  0%| F|  |TAMS 0x000000070a200000, 0x000000070a200000| Untracked 
|  43|0x000000070a400000, 0x000000070a400000, 0x000000070a600000|  0%| F|  |TAMS 0x000000070a400000, 0x000000070a400000| Untracked 
|  44|0x000000070a600000, 0x000000070a600000, 0x000000070a800000|  0%| F|  |TAMS 0x000000070a600000, 0x000000070a600000| Untracked 
|  45|0x000000070a800000, 0x000000070a800000, 0x000000070aa00000|  0%| F|  |TAMS 0x000000070a800000, 0x000000070a800000| Untracked 
|  46|0x000000070aa00000, 0x000000070aa00000, 0x000000070ac00000|  0%| F|  |TAMS 0x000000070aa00000, 0x000000070aa00000| Untracked 
|  47|0x000000070ac00000, 0x000000070ac00000, 0x000000070ae00000|  0%| F|  |TAMS 0x000000070ac00000, 0x000000070ac00000| Untracked 
|  48|0x000000070ae00000, 0x000000070ae00000, 0x000000070b000000|  0%| F|  |TAMS 0x000000070ae00000, 0x000000070ae00000| Untracked 
|  49|0x000000070b000000, 0x000000070b000000, 0x000000070b200000|  0%| F|  |TAMS 0x000000070b000000, 0x000000070b000000| Untracked 
|  50|0x000000070b200000, 0x000000070b200000, 0x000000070b400000|  0%| F|  |TAMS 0x000000070b200000, 0x000000070b200000| Untracked 
|  51|0x000000070b400000, 0x000000070b400000, 0x000000070b600000|  0%| F|  |TAMS 0x000000070b400000, 0x000000070b400000| Untracked 
|  52|0x000000070b600000, 0x000000070b600000, 0x000000070b800000|  0%| F|  |TAMS 0x000000070b600000, 0x000000070b600000| Untracked 
|  53|0x000000070b800000, 0x000000070b800000, 0x000000070ba00000|  0%| F|  |TAMS 0x000000070b800000, 0x000000070b800000| Untracked 
|  54|0x000000070ba00000, 0x000000070ba00000, 0x000000070bc00000|  0%| F|  |TAMS 0x000000070ba00000, 0x000000070ba00000| Untracked 
|  55|0x000000070bc00000, 0x000000070bc00000, 0x000000070be00000|  0%| F|  |TAMS 0x000000070bc00000, 0x000000070bc00000| Untracked 
|  56|0x000000070be00000, 0x000000070be00000, 0x000000070c000000|  0%| F|  |TAMS 0x000000070be00000, 0x000000070be00000| Untracked 
|  57|0x000000070c000000, 0x000000070c000000, 0x000000070c200000|  0%| F|  |TAMS 0x000000070c000000, 0x000000070c000000| Untracked 
|  58|0x000000070c200000, 0x000000070c200000, 0x000000070c400000|  0%| F|  |TAMS 0x000000070c200000, 0x000000070c200000| Untracked 
|  59|0x000000070c400000, 0x000000070c400000, 0x000000070c600000|  0%| F|  |TAMS 0x000000070c400000, 0x000000070c400000| Untracked 
|  60|0x000000070c600000, 0x000000070c600000, 0x000000070c800000|  0%| F|  |TAMS 0x000000070c600000, 0x000000070c600000| Untracked 
|  61|0x000000070c800000, 0x000000070c800000, 0x000000070ca00000|  0%| F|  |TAMS 0x000000070c800000, 0x000000070c800000| Untracked 
|  62|0x000000070ca00000, 0x000000070ca00000, 0x000000070cc00000|  0%| F|  |TAMS 0x000000070ca00000, 0x000000070ca00000| Untracked 
|  63|0x000000070cc00000, 0x000000070cc00000, 0x000000070ce00000|  0%| F|  |TAMS 0x000000070cc00000, 0x000000070cc00000| Untracked 
|  64|0x000000070ce00000, 0x000000070ce00000, 0x000000070d000000|  0%| F|  |TAMS 0x000000070ce00000, 0x000000070ce00000| Untracked 
|  65|0x000000070d000000, 0x000000070d000000, 0x000000070d200000|  0%| F|  |TAMS 0x000000070d000000, 0x000000070d000000| Untracked 
|  66|0x000000070d200000, 0x000000070d200000, 0x000000070d400000|  0%| F|  |TAMS 0x000000070d200000, 0x000000070d200000| Untracked 
|  67|0x000000070d400000, 0x000000070d400000, 0x000000070d600000|  0%| F|  |TAMS 0x000000070d400000, 0x000000070d400000| Untracked 
|  68|0x000000070d600000, 0x000000070d600000, 0x000000070d800000|  0%| F|  |TAMS 0x000000070d600000, 0x000000070d600000| Untracked 
|  69|0x000000070d800000, 0x000000070d800000, 0x000000070da00000|  0%| F|  |TAMS 0x000000070d800000, 0x000000070d800000| Untracked 

Card table byte_map: [0x00000246a8c70000,0x00000246a9450000] _byte_map_base: 0x00000246a5449000

Marking Bits (Prev, Next): (CMBitMap*) 0x000002469d6d4090, (CMBitMap*) 0x000002469d6d40d0
 Prev Bits: [0x00000246a9c30000, 0x00000246adaf8000)
 Next Bits: [0x00000246adb00000, 0x00000246b19c8000)

Polling page: 0x000002469b600000

Metaspace:

Usage:
  Non-class:     66.97 MB used.
      Class:     11.25 MB used.
       Both:     78.22 MB used.

Virtual space:
  Non-class space:      128.00 MB reserved,      67.31 MB ( 53%) committed,  2 nodes.
      Class space:        1.00 GB reserved,      11.56 MB (  1%) committed,  1 nodes.
             Both:        1.12 GB reserved,      78.88 MB (  7%) committed. 

Chunk freelists:
   Non-Class:  12.70 MB
       Class:  4.34 MB
        Both:  17.04 MB

MaxMetaspaceSize: unlimited
CompressedClassSpaceSize: 1.00 GB
Initial GC threshold: 21.00 MB
Current GC threshold: 130.75 MB
CDS: on
MetaspaceReclaimPolicy: balanced
 - commit_granule_bytes: 65536.
 - commit_granule_words: 8192.
 - virtual_space_node_default_size: 8388608.
 - enlarge_chunks_in_place: 1.
 - new_chunks_are_fully_committed: 0.
 - uncommit_free_chunks: 1.
 - use_allocation_guard: 0.
 - handle_deallocations: 1.


Internal statistics:

num_allocs_failed_limit: 9.
num_arena_births: 1224.
num_arena_deaths: 360.
num_vsnodes_births: 3.
num_vsnodes_deaths: 0.
num_space_committed: 1262.
num_space_uncommitted: 0.
num_chunks_returned_to_freelist: 441.
num_chunks_taken_from_freelist: 4478.
num_chunk_merges: 123.
num_chunk_splits: 2936.
num_chunks_enlarged: 2176.
num_inconsistent_stats: 0.

CodeCache: size=49152Kb used=23706Kb max_used=25397Kb free=25445Kb
 bounds [0x00000246a5160000, 0x00000246a6a30000, 0x00000246a8160000]
 total_blobs=14278 nmethods=13583 adapters=621
 compilation: enabled
              stopped_count=0, restarted_count=0
 full_count=0

Compilation events (20 events):
Event: 11254.935 Thread 0x00000246fa4a8590 13752       1       org.apache.hc.core5.http.config.NamedElementChain$Node::getPrevious (23 bytes)
Event: 11254.936 Thread 0x00000246fa4a8ae0 nmethod 13750 0x00000246a6a2a210 code [0x00000246a6a2a3a0, 0x00000246a6a2a458]
Event: 11254.936 Thread 0x00000246fa4a6b00 nmethod 13751 0x00000246a6a2a510 code [0x00000246a6a2a6a0, 0x00000246a6a2a818]
Event: 11254.936 Thread 0x00000246fa4a8590 nmethod 13752 0x00000246a6a2a890 code [0x00000246a6a2aa20, 0x00000246a6a2ab18]
Event: 11254.937 Thread 0x00000246fa4a6b00 13753       1       jdk.xml.internal.JdkXmlFeatures$XmlFeature::values (10 bytes)
Event: 11254.937 Thread 0x00000246b42795c0 13754       1       com.sun.org.apache.xalan.internal.utils.XMLSecurityPropertyManager$Property::defaultValue (5 bytes)
Event: 11254.937 Thread 0x00000246b42795c0 nmethod 13754 0x00000246a6a2ac10 code [0x00000246a6a2ada0, 0x00000246a6a2ae78]
Event: 11254.937 Thread 0x00000246fa4a6b00 nmethod 13753 0x00000246a6a2af10 code [0x00000246a6a2b0a0, 0x00000246a6a2b1a8]
Event: 11254.939 Thread 0x00000246fa4a6b00 13755       1       com.fasterxml.jackson.core.json.UTF8JsonGenerator::_verifyValueWrite (143 bytes)
Event: 11254.939 Thread 0x00000246fa4a8ae0 13756       1       com.fasterxml.jackson.core.io.CharTypes::get7BitOutputEscapes (4 bytes)
Event: 11254.939 Thread 0x00000246fa4a8ae0 nmethod 13756 0x00000246a6a2b290 code [0x00000246a6a2b420, 0x00000246a6a2b4d8]
Event: 11254.940 Thread 0x00000246fa4a6b00 nmethod 13755 0x00000246a6a2b590 code [0x00000246a6a2b820, 0x00000246a6a2c238]
Event: 11255.049 Thread 0x00000246fa4a6b00 13757       1       org.springframework.core.OrderComparator$$Lambda$673/0x00000246b64a5060::compare (14 bytes)
Event: 11255.049 Thread 0x00000246fa4a8ae0 13758       1       org.springframework.core.OrderComparator::lambda$withSourceProvider$0 (8 bytes)
Event: 11255.049 Thread 0x00000246fa4a8ae0 nmethod 13758 0x00000246a6a2c710 code [0x00000246a6a2c8a0, 0x00000246a6a2c988]
Event: 11255.049 Thread 0x00000246fa4a6b00 nmethod 13757 0x00000246a6a2ca10 code [0x00000246a6a2cba0, 0x00000246a6a2cca8]
Event: 11255.050 Thread 0x00000246fa4a6b00 13759       1       org.springframework.boot.autoconfigure.BackgroundPreinitializer::getOrder (3 bytes)
Event: 11255.050 Thread 0x00000246fa4a6b00 nmethod 13759 0x00000246a6a2cd90 code [0x00000246a6a2cf20, 0x00000246a6a2cff8]
Event: 11255.051 Thread 0x00000246fa4a6b00 13760       1       io.micrometer.core.instrument.Gauge::builder (12 bytes)
Event: 11255.051 Thread 0x00000246fa4a6b00 nmethod 13760 0x00000246a6a2d090 code [0x00000246a6a2d220, 0x00000246a6a2d368]

GC Heap History (20 events):
Event: 7563.256 GC heap after
{Heap after GC invocations=33 (full 2):
 garbage-first heap   total 151552K, used 51075K [0x0000000704e00000, 0x0000000800000000)
  region size 2048K, 4 young (8192K), 4 survivors (8192K)
 Metaspace       used 79527K, committed 80256K, reserved 1179648K
  class space    used 11469K, committed 11840K, reserved 1048576K
}
Event: 7563.851 GC heap before
{Heap before GC invocations=33 (full 2):
 garbage-first heap   total 151552K, used 114563K [0x0000000704e00000, 0x0000000800000000)
  region size 2048K, 35 young (71680K), 4 survivors (8192K)
 Metaspace       used 79557K, committed 80256K, reserved 1179648K
  class space    used 11471K, committed 11840K, reserved 1048576K
}
Event: 7563.856 GC heap after
{Heap after GC invocations=34 (full 2):
 garbage-first heap   total 151552K, used 55051K [0x0000000704e00000, 0x0000000800000000)
  region size 2048K, 4 young (8192K), 4 survivors (8192K)
 Metaspace       used 79557K, committed 80256K, reserved 1179648K
  class space    used 11471K, committed 11840K, reserved 1048576K
}
Event: 7894.472 GC heap before
{Heap before GC invocations=34 (full 2):
 garbage-first heap   total 151552K, used 116491K [0x0000000704e00000, 0x0000000800000000)
  region size 2048K, 34 young (69632K), 4 survivors (8192K)
 Metaspace       used 79576K, committed 80320K, reserved 1179648K
  class space    used 11475K, committed 11840K, reserved 1048576K
}
Event: 7894.486 GC heap after
{Heap after GC invocations=35 (full 2):
 garbage-first heap   total 151552K, used 57708K [0x0000000704e00000, 0x0000000800000000)
  region size 2048K, 4 young (8192K), 4 survivors (8192K)
 Metaspace       used 79576K, committed 80320K, reserved 1179648K
  class space    used 11475K, committed 11840K, reserved 1048576K
}
Event: 9345.274 GC heap before
{Heap before GC invocations=35 (full 2):
 garbage-first heap   total 151552K, used 115052K [0x0000000704e00000, 0x0000000800000000)
  region size 2048K, 32 young (65536K), 4 survivors (8192K)
 Metaspace       used 79577K, committed 80320K, reserved 1179648K
  class space    used 11476K, committed 11840K, reserved 1048576K
}
Event: 9345.290 GC heap after
{Heap after GC invocations=36 (full 2):
 garbage-first heap   total 151552K, used 58230K [0x0000000704e00000, 0x0000000800000000)
  region size 2048K, 3 young (6144K), 3 survivors (6144K)
 Metaspace       used 79577K, committed 80320K, reserved 1179648K
  class space    used 11476K, committed 11840K, reserved 1048576K
}
Event: 10865.505 GC heap before
{Heap before GC invocations=36 (full 2):
 garbage-first heap   total 151552K, used 115574K [0x0000000704e00000, 0x0000000800000000)
  region size 2048K, 31 young (63488K), 3 survivors (6144K)
 Metaspace       used 79577K, committed 80320K, reserved 1179648K
  class space    used 11476K, committed 11840K, reserved 1048576K
}
Event: 10865.508 GC heap after
{Heap after GC invocations=37 (full 2):
 garbage-first heap   total 151552K, used 58210K [0x0000000704e00000, 0x0000000800000000)
  region size 2048K, 3 young (6144K), 3 survivors (6144K)
 Metaspace       used 79577K, committed 80320K, reserved 1179648K
  class space    used 11476K, committed 11840K, reserved 1048576K
}
Event: 11251.549 GC heap before
{Heap before GC invocations=37 (full 2):
 garbage-first heap   total 151552K, used 78690K [0x0000000704e00000, 0x0000000800000000)
  region size 2048K, 14 young (28672K), 3 survivors (6144K)
 Metaspace       used 79579K, committed 80320K, reserved 1179648K
  class space    used 11477K, committed 11840K, reserved 1048576K
}
Event: 11251.669 GC heap after
{Heap after GC invocations=38 (full 3):
 garbage-first heap   total 143360K, used 38960K [0x0000000704e00000, 0x0000000800000000)
  region size 2048K, 0 young (0K), 0 survivors (0K)
 Metaspace       used 79516K, committed 80320K, reserved 1179648K
  class space    used 11466K, committed 11840K, reserved 1048576K
}
Event: 11252.454 GC heap before
{Heap before GC invocations=38 (full 3):
 garbage-first heap   total 143360K, used 112688K [0x0000000704e00000, 0x0000000800000000)
  region size 2048K, 36 young (73728K), 0 survivors (0K)
 Metaspace       used 79626K, committed 80320K, reserved 1179648K
  class space    used 11479K, committed 11840K, reserved 1048576K
}
Event: 11252.461 GC heap after
{Heap after GC invocations=39 (full 3):
 garbage-first heap   total 143360K, used 44413K [0x0000000704e00000, 0x0000000800000000)
  region size 2048K, 3 young (6144K), 3 survivors (6144K)
 Metaspace       used 79626K, committed 80320K, reserved 1179648K
  class space    used 11479K, committed 11840K, reserved 1048576K
}
Event: 11253.299 GC heap before
{Heap before GC invocations=39 (full 3):
 garbage-first heap   total 143360K, used 111997K [0x0000000704e00000, 0x0000000800000000)
  region size 2048K, 36 young (73728K), 3 survivors (6144K)
 Metaspace       used 79756K, committed 80448K, reserved 1179648K
  class space    used 11490K, committed 11840K, reserved 1048576K
}
Event: 11253.309 GC heap after
{Heap after GC invocations=40 (full 3):
 garbage-first heap   total 143360K, used 48240K [0x0000000704e00000, 0x0000000800000000)
  region size 2048K, 3 young (6144K), 3 survivors (6144K)
 Metaspace       used 79756K, committed 80448K, reserved 1179648K
  class space    used 11490K, committed 11840K, reserved 1048576K
}
Event: 11253.790 GC heap before
{Heap before GC invocations=40 (full 3):
 garbage-first heap   total 143360K, used 109680K [0x0000000704e00000, 0x0000000800000000)
  region size 2048K, 33 young (67584K), 3 survivors (6144K)
 Metaspace       used 80037K, committed 80704K, reserved 1179648K
  class space    used 11511K, committed 11840K, reserved 1048576K
}
Event: 11253.794 GC heap after
{Heap after GC invocations=41 (full 3):
 garbage-first heap   total 143360K, used 50899K [0x0000000704e00000, 0x0000000800000000)
  region size 2048K, 4 young (8192K), 4 survivors (8192K)
 Metaspace       used 80037K, committed 80704K, reserved 1179648K
  class space    used 11511K, committed 11840K, reserved 1048576K
}
Event: 11254.439 GC heap before
{Heap before GC invocations=41 (full 3):
 garbage-first heap   total 143360K, used 112339K [0x0000000704e00000, 0x0000000800000000)
  region size 2048K, 34 young (69632K), 4 survivors (8192K)
 Metaspace       used 80076K, committed 80768K, reserved 1179648K
  class space    used 11515K, committed 11840K, reserved 1048576K
}
Event: 11254.447 GC heap after
{Heap after GC invocations=42 (full 3):
 garbage-first heap   total 143360K, used 54780K [0x0000000704e00000, 0x0000000800000000)
  region size 2048K, 4 young (8192K), 4 survivors (8192K)
 Metaspace       used 80076K, committed 80768K, reserved 1179648K
  class space    used 11515K, committed 11840K, reserved 1048576K
}
Event: 11284.932 GC heap before
{Heap before GC invocations=42 (full 3):
 garbage-first heap   total 143360K, used 114172K [0x0000000704e00000, 0x0000000800000000)
  region size 2048K, 33 young (67584K), 4 survivors (8192K)
 Metaspace       used 80099K, committed 80768K, reserved 1179648K
  class space    used 11518K, committed 11840K, reserved 1048576K
}

Dll operation events (10 events):
Event: 0.008 Loaded shared library C:\Program Files\java\jdk-17.0.9+9\bin\java.dll
Event: 0.021 Loaded shared library C:\Program Files\java\jdk-17.0.9+9\bin\jsvml.dll
Event: 0.079 Loaded shared library C:\Program Files\java\jdk-17.0.9+9\bin\net.dll
Event: 0.080 Loaded shared library C:\Program Files\java\jdk-17.0.9+9\bin\nio.dll
Event: 0.081 Loaded shared library C:\Program Files\java\jdk-17.0.9+9\bin\zip.dll
Event: 0.141 Loaded shared library C:\Program Files\java\jdk-17.0.9+9\bin\jimage.dll
Event: 0.298 Loaded shared library C:\Program Files\java\jdk-17.0.9+9\bin\management.dll
Event: 0.299 Loaded shared library C:\Program Files\java\jdk-17.0.9+9\bin\management_ext.dll
Event: 0.848 Loaded shared library C:\Program Files\java\jdk-17.0.9+9\bin\sunmscapi.dll
Event: 3.048 Loaded shared library C:\Program Files\java\jdk-17.0.9+9\bin\verify.dll

Deoptimization events (20 events):
Event: 2.138 Thread 0x00000246fa865a80 DEOPT PACKING pc=0x00000246a597066c sp=0x00000096976fc6a0
Event: 2.138 Thread 0x00000246fa865a80 DEOPT UNPACKING pc=0x00000246a51b7143 sp=0x00000096976fbb58 mode 0
Event: 2.254 Thread 0x00000246fa865a80 DEOPT PACKING pc=0x00000246a5a8300a sp=0x00000096976fd1f0
Event: 2.254 Thread 0x00000246fa865a80 DEOPT UNPACKING pc=0x00000246a51b7143 sp=0x00000096976fc788 mode 0
Event: 4.025 Thread 0x00000246fa865a80 DEOPT PACKING pc=0x00000246a57c36d4 sp=0x00000096976fc640
Event: 4.025 Thread 0x00000246fa865a80 DEOPT UNPACKING pc=0x00000246a51b7143 sp=0x00000096976fbb98 mode 0
Event: 4.236 Thread 0x00000246fa865a80 DEOPT PACKING pc=0x00000246a57414e2 sp=0x00000096976fa2e0
Event: 4.236 Thread 0x00000246fa865a80 DEOPT UNPACKING pc=0x00000246a51b7143 sp=0x00000096976f97e8 mode 3
Event: 4.236 Thread 0x00000246fa865a80 DEOPT PACKING pc=0x00000246a56c98e5 sp=0x00000096976fa2a0
Event: 4.236 Thread 0x00000246fa865a80 DEOPT UNPACKING pc=0x00000246a51b7143 sp=0x00000096976f97e8 mode 3
Event: 5.395 Thread 0x00000246fa865a80 DEOPT PACKING pc=0x00000246a5bfeb25 sp=0x00000096976fa860
Event: 5.395 Thread 0x00000246fa865a80 DEOPT UNPACKING pc=0x00000246a51b7143 sp=0x00000096976f9dc8 mode 3
Event: 5280.004 Thread 0x00000246b48c9bf0 DEOPT PACKING pc=0x00000246a6228288 sp=0x0000009698afd960
Event: 5280.004 Thread 0x00000246b48c9bf0 DEOPT UNPACKING pc=0x00000246a51b7143 sp=0x0000009698afcf30 mode 3
Event: 5889.409 Thread 0x00000246fa53f060 DEOPT PACKING pc=0x00000246a53da4f9 sp=0x00000096959f98d0
Event: 5889.409 Thread 0x00000246fa53f060 DEOPT UNPACKING pc=0x00000246a51b7143 sp=0x00000096959f8db0 mode 3
Event: 11248.485 Thread 0x00000246fda02d00 DEOPT PACKING pc=0x00000246a669091b sp=0x00000096988fd960
Event: 11248.485 Thread 0x00000246fda02d00 DEOPT UNPACKING pc=0x00000246a51b7143 sp=0x00000096988fce88 mode 3
Event: 11254.939 Thread 0x00000246fda022e0 DEOPT PACKING pc=0x00000246a668f207 sp=0x00000096988fdd70
Event: 11254.939 Thread 0x00000246fda022e0 DEOPT UNPACKING pc=0x00000246a51b7143 sp=0x00000096988fd2f8 mode 3

Classes unloaded (20 events):
Event: 11251.584 Thread 0x00000246b424f660 Unloading class 0x00000246b62f2400 'jdk/internal/reflect/GeneratedConstructorAccessor120'
Event: 11251.585 Thread 0x00000246b424f660 Unloading class 0x00000246b6018400 'jdk/internal/reflect/GeneratedConstructorAccessor119'
Event: 11251.585 Thread 0x00000246b424f660 Unloading class 0x00000246b6018800 'jdk/internal/reflect/GeneratedConstructorAccessor118'
Event: 11251.585 Thread 0x00000246b424f660 Unloading class 0x00000246b6038400 'jdk/internal/reflect/GeneratedConstructorAccessor117'
Event: 11251.585 Thread 0x00000246b424f660 Unloading class 0x00000246b6b85c00 'jdk/internal/reflect/GeneratedSerializationConstructorAccessor6'
Event: 11251.585 Thread 0x00000246b424f660 Unloading class 0x00000246b6a59000 'jdk/internal/reflect/GeneratedSerializationConstructorAccessor5'
Event: 11251.585 Thread 0x00000246b424f660 Unloading class 0x00000246b6a58800 'jdk/internal/reflect/GeneratedConstructorAccessor112'
Event: 11251.585 Thread 0x00000246b424f660 Unloading class 0x00000246b6a44000 'jdk/internal/reflect/GeneratedConstructorAccessor111'
Event: 11251.585 Thread 0x00000246b424f660 Unloading class 0x00000246b6571000 'jdk/internal/reflect/GeneratedConstructorAccessor108'
Event: 11251.585 Thread 0x00000246b424f660 Unloading class 0x00000246b6570c00 'jdk/internal/reflect/GeneratedConstructorAccessor107'
Event: 11251.585 Thread 0x00000246b424f660 Unloading class 0x00000246b641f400 'jdk/internal/reflect/GeneratedConstructorAccessor106'
Event: 11251.585 Thread 0x00000246b424f660 Unloading class 0x00000246b641d000 'jdk/internal/reflect/GeneratedConstructorAccessor105'
Event: 11251.585 Thread 0x00000246b424f660 Unloading class 0x00000246b641c800 'jdk/internal/reflect/GeneratedConstructorAccessor104'
Event: 11251.585 Thread 0x00000246b424f660 Unloading class 0x00000246b641c000 'jdk/internal/reflect/GeneratedConstructorAccessor103'
Event: 11251.585 Thread 0x00000246b424f660 Unloading class 0x00000246b62fd000 'jdk/internal/reflect/GeneratedMethodAccessor104'
Event: 11251.585 Thread 0x00000246b424f660 Unloading class 0x00000246b62fdc00 'jdk/internal/reflect/GeneratedMethodAccessor103'
Event: 11251.585 Thread 0x00000246b424f660 Unloading class 0x00000246b6308000 'jdk/internal/reflect/GeneratedConstructorAccessor102'
Event: 11251.585 Thread 0x00000246b424f660 Unloading class 0x00000246b6418000 'jdk/internal/reflect/GeneratedMethodAccessor102'
Event: 11251.585 Thread 0x00000246b424f660 Unloading class 0x00000246b641b400 'jdk/internal/reflect/GeneratedConstructorAccessor101'
Event: 11251.585 Thread 0x00000246b424f660 Unloading class 0x00000246b6580800 'org/apache/catalina/loader/JdbcLeakPrevention'

Classes redefined (0 events):
No events

Internal exceptions (20 events):
Event: 11252.541 Thread 0x00000246fa5413d0 Exception <a 'java/lang/NoClassDefFoundError'{0x000000070d22bf40}: org/flywaydb/core/Flyway> (0x000000070d22bf40) 
thrown [s\src\hotspot\share\oops\constantPool.cpp, line 835]
Event: 11252.541 Thread 0x00000246fa5413d0 Exception <a 'java/lang/NoClassDefFoundError'{0x000000070d22c590}: liquibase/integration/spring/SpringLiquibase> (0x000000070d22c590) 
thrown [s\src\hotspot\share\oops\constantPool.cpp, line 835]
Event: 11252.550 Thread 0x00000246fa5413d0 Exception <a 'java/lang/NoClassDefFoundError'{0x000000070d3319b0}: org/jooq/DSLContext> (0x000000070d3319b0) 
thrown [s\src\hotspot\share\oops\constantPool.cpp, line 835]
Event: 11252.550 Thread 0x00000246fa5413d0 Exception <a 'java/lang/NoClassDefFoundError'{0x000000070d34c5a8}: org/springframework/batch/core/repository/JobRepository> (0x000000070d34c5a8) 
thrown [s\src\hotspot\share\oops\constantPool.cpp, line 835]
Event: 11252.550 Thread 0x00000246fa5413d0 Exception <a 'java/lang/NoClassDefFoundError'{0x000000070d34cbf0}: org/quartz/Scheduler> (0x000000070d34cbf0) 
thrown [s\src\hotspot\share\oops\constantPool.cpp, line 835]
Event: 11252.550 Thread 0x00000246fa5413d0 Exception <a 'java/lang/NoClassDefFoundError'{0x000000070d34d260}: org/springframework/session/jdbc/JdbcIndexedSessionRepository> (0x000000070d34d260) 
thrown [s\src\hotspot\share\oops\constantPool.cpp, line 835]
Event: 11252.568 Thread 0x00000246fa5413d0 Exception <a 'java/lang/ArrayIndexOutOfBoundsException'{0x000000070d134870}> (0x000000070d134870) 
thrown [s\src\hotspot\share\runtime\sharedRuntime.cpp, line 631]
Event: 11252.568 Thread 0x00000246fa5413d0 Exception <a 'java/lang/ArrayIndexOutOfBoundsException'{0x000000070d134e38}> (0x000000070d134e38) 
thrown [s\src\hotspot\share\runtime\sharedRuntime.cpp, line 631]
Event: 11252.577 Thread 0x00000246fa5413d0 Exception <a 'java/lang/ArrayIndexOutOfBoundsException'{0x000000070d1bcac0}> (0x000000070d1bcac0) 
thrown [s\src\hotspot\share\runtime\sharedRuntime.cpp, line 631]
Event: 11252.577 Thread 0x00000246fa5413d0 Exception <a 'java/lang/ArrayIndexOutOfBoundsException'{0x000000070d1bd088}> (0x000000070d1bd088) 
thrown [s\src\hotspot\share\runtime\sharedRuntime.cpp, line 631]
Event: 11252.805 Thread 0x00000246fa5413d0 Exception <a 'sun/nio/fs/WindowsException'{0x000000070b643bb0}> (0x000000070b643bb0) 
thrown [s\src\hotspot\share\prims\jni.cpp, line 516]
Event: 11252.806 Thread 0x00000246fa5413d0 Exception <a 'sun/nio/fs/WindowsException'{0x000000070b644268}> (0x000000070b644268) 
thrown [s\src\hotspot\share\prims\jni.cpp, line 516]
Event: 11252.806 Thread 0x00000246fa5413d0 Exception <a 'sun/nio/fs/WindowsException'{0x000000070b6449a0}> (0x000000070b6449a0) 
thrown [s\src\hotspot\share\prims\jni.cpp, line 516]
Event: 11252.836 Thread 0x00000246fa5413d0 Exception <a 'java/io/FileNotFoundException'{0x000000070b6b03d8}> (0x000000070b6b03d8) 
thrown [s\src\hotspot\share\prims\jni.cpp, line 516]
Event: 11253.073 Thread 0x00000246fa5413d0 Exception <a 'java/io/FileNotFoundException'{0x000000070a68b8d8}> (0x000000070a68b8d8) 
thrown [s\src\hotspot\share\prims\jni.cpp, line 516]
Event: 11253.170 Thread 0x00000246fa5413d0 Exception <a 'sun/nio/fs/WindowsException'{0x0000000709f2eba0}> (0x0000000709f2eba0) 
thrown [s\src\hotspot\share\prims\jni.cpp, line 516]
Event: 11253.687 Thread 0x00000246fa5413d0 Exception <a 'sun/nio/fs/WindowsException'{0x000000070aa39520}> (0x000000070aa39520) 
thrown [s\src\hotspot\share\prims\jni.cpp, line 516]
Event: 11253.844 Thread 0x00000246fa5413d0 Exception <a 'sun/nio/fs/WindowsException'{0x000000070d1eeec8}> (0x000000070d1eeec8) 
thrown [s\src\hotspot\share\prims\jni.cpp, line 516]
Event: 11254.757 Thread 0x00000246fa5413d0 Exception <a 'java/net/BindException'{0x000000070b8f8aa0}: Address already in use: bind> (0x000000070b8f8aa0) 
thrown [s\src\hotspot\share\prims\jni.cpp, line 535]
Event: 11254.757 Thread 0x00000246fa5413d0 Exception <a 'java/net/SocketException'{0x000000070b8f9080}: Socket is not connected: shutdown> (0x000000070b8f9080) 
thrown [s\src\hotspot\share\prims\jni.cpp, line 535]

VM Operations (20 events):
Event: 10987.417 Executing VM operation: Cleanup done
Event: 10988.419 Executing VM operation: Cleanup
Event: 10988.419 Executing VM operation: Cleanup done
Event: 11249.272 Executing VM operation: Cleanup
Event: 11249.272 Executing VM operation: Cleanup done
Event: 11251.549 Executing VM operation: G1CollectFull
Event: 11251.669 Executing VM operation: G1CollectFull done
Event: 11252.454 Executing VM operation: G1CollectForAllocation
Event: 11252.461 Executing VM operation: G1CollectForAllocation done
Event: 11253.299 Executing VM operation: G1CollectForAllocation
Event: 11253.309 Executing VM operation: G1CollectForAllocation done
Event: 11253.790 Executing VM operation: G1CollectForAllocation
Event: 11253.794 Executing VM operation: G1CollectForAllocation done
Event: 11254.439 Executing VM operation: G1CollectForAllocation
Event: 11254.447 Executing VM operation: G1CollectForAllocation done
Event: 11255.452 Executing VM operation: Cleanup
Event: 11255.452 Executing VM operation: Cleanup done
Event: 11262.858 Executing VM operation: HandshakeAllThreads
Event: 11262.858 Executing VM operation: HandshakeAllThreads done
Event: 11284.932 Executing VM operation: G1CollectForAllocation

Events (20 events):
Event: 11254.934 Thread 0x00000246fda00ea0 Thread added: 0x00000246fda00ea0
Event: 11254.934 Thread 0x00000246fda013b0 Thread added: 0x00000246fda013b0
Event: 11254.934 Thread 0x00000246fda018c0 Thread added: 0x00000246fda018c0
Event: 11254.934 Thread 0x00000246fd9ff550 Thread added: 0x00000246fd9ff550
Event: 11254.934 Thread 0x00000246fd9fe110 Thread added: 0x00000246fd9fe110
Event: 11254.934 Thread 0x00000246fd9ffa60 Thread added: 0x00000246fd9ffa60
Event: 11254.934 Thread 0x00000246fda01dd0 Thread added: 0x00000246fda01dd0
Event: 11254.935 Thread 0x00000246fda027f0 Thread added: 0x00000246fda027f0
Event: 11254.935 Thread 0x00000246fda03210 Thread added: 0x00000246fda03210
Event: 11254.935 Thread 0x00000246fda03c30 Thread added: 0x00000246fda03c30
Event: 11254.936 Thread 0x00000246fda04650 Thread added: 0x00000246fda04650
Event: 11254.936 Thread 0x00000246fda04140 Thread added: 0x00000246fda04140
Event: 11255.053 Thread 0x00000246fa5413d0 Thread exited: 0x00000246fa5413d0
Event: 11255.053 Thread 0x00000246fa53ff90 Thread exited: 0x00000246fa53ff90
Event: 11259.189 Thread 0x00000246fa53f060 Thread exited: 0x00000246fa53f060
Event: 11260.053 Thread 0x00000246fa4a6b00 Thread exited: 0x00000246fa4a6b00
Event: 11260.053 Thread 0x00000246fa4a8ae0 Thread exited: 0x00000246fa4a8ae0
Event: 11265.054 Thread 0x00000246fa4a8590 Thread exited: 0x00000246fa4a8590
Event: 11284.932 Thread 0x00000246fda05070 Thread added: 0x00000246fda05070
Event: 11284.932 Thread 0x00000246fda00480 Thread added: 0x00000246fda00480


Dynamic libraries:
0x00007ff6b20b0000 - 0x00007ff6b20be000 	C:\Program Files\java\jdk-17.0.9+9\bin\java.exe
0x00007ffcd5f10000 - 0x00007ffcd6126000 	C:\Windows\SYSTEM32\ntdll.dll
0x00007ffcd4470000 - 0x00007ffcd4534000 	C:\Windows\System32\KERNEL32.DLL
0x00007ffcd3740000 - 0x00007ffcd3ae7000 	C:\Windows\System32\KERNELBASE.dll
0x00007ffcd3af0000 - 0x00007ffcd3c01000 	C:\Windows\System32\ucrtbase.dll
0x00007ffccf420000 - 0x00007ffccf43b000 	C:\Program Files\java\jdk-17.0.9+9\bin\VCRUNTIME140.dll
0x00007ffcbfe10000 - 0x00007ffcbfe27000 	C:\Program Files\java\jdk-17.0.9+9\bin\jli.dll
0x00007ffcd3e00000 - 0x00007ffcd3fae000 	C:\Windows\System32\USER32.dll
0x00007ffcd3c10000 - 0x00007ffcd3c36000 	C:\Windows\System32\win32u.dll
0x00007ffcd3d90000 - 0x00007ffcd3db9000 	C:\Windows\System32\GDI32.dll
0x00007ffcd3620000 - 0x00007ffcd3739000 	C:\Windows\System32\gdi32full.dll
0x00007ffcd33d0000 - 0x00007ffcd346a000 	C:\Windows\System32\msvcp_win.dll
0x00007ffca32c0000 - 0x00007ffca3553000 	C:\Windows\WinSxS\amd64_microsoft.windows.common-controls_6595b64144ccf1df_6.0.22621.3235_none_270f74e173860f98\COMCTL32.dll
0x00007ffcd3c40000 - 0x00007ffcd3ce7000 	C:\Windows\System32\msvcrt.dll
0x00007ffcd3dc0000 - 0x00007ffcd3df1000 	C:\Windows\System32\IMM32.DLL
0x00007ffccf410000 - 0x00007ffccf41c000 	C:\Program Files\java\jdk-17.0.9+9\bin\vcruntime140_1.dll
0x00007ffc79c60000 - 0x00007ffc79ced000 	C:\Program Files\java\jdk-17.0.9+9\bin\msvcp140.dll
0x00007ffc19050000 - 0x00007ffc19cb1000 	C:\Program Files\java\jdk-17.0.9+9\bin\server\jvm.dll
0x00007ffcd5840000 - 0x00007ffcd58f2000 	C:\Windows\System32\ADVAPI32.dll
0x00007ffcd5e20000 - 0x00007ffcd5ec8000 	C:\Windows\System32\sechost.dll
0x00007ffcd3230000 - 0x00007ffcd3258000 	C:\Windows\System32\bcrypt.dll
0x00007ffcd4260000 - 0x00007ffcd4375000 	C:\Windows\System32\RPCRT4.dll
0x00007ffcd3050000 - 0x00007ffcd309d000 	C:\Windows\SYSTEM32\POWRPROF.dll
0x00007ffc8c0b0000 - 0x00007ffc8c0b9000 	C:\Windows\SYSTEM32\WSOCK32.dll
0x00007ffcc3500000 - 0x00007ffcc350a000 	C:\Windows\SYSTEM32\VERSION.dll
0x00007ffcc7c30000 - 0x00007ffcc7c64000 	C:\Windows\SYSTEM32\WINMM.dll
0x00007ffcd3cf0000 - 0x00007ffcd3d61000 	C:\Windows\System32\WS2_32.dll
0x00007ffcd2f30000 - 0x00007ffcd2f43000 	C:\Windows\SYSTEM32\UMPDC.dll
0x00007ffcd2230000 - 0x00007ffcd2248000 	C:\Windows\SYSTEM32\kernel.appcore.dll
0x00007ffcc9e60000 - 0x00007ffcc9e6a000 	C:\Program Files\java\jdk-17.0.9+9\bin\jimage.dll
0x00007ffcd0950000 - 0x00007ffcd0b83000 	C:\Windows\SYSTEM32\DBGHELP.DLL
0x00007ffcd5a90000 - 0x00007ffcd5e18000 	C:\Windows\System32\combase.dll
0x00007ffcd4380000 - 0x00007ffcd4457000 	C:\Windows\System32\OLEAUT32.dll
0x00007ffcc1640000 - 0x00007ffcc1672000 	C:\Windows\SYSTEM32\dbgcore.DLL
0x00007ffcd3470000 - 0x00007ffcd34e9000 	C:\Windows\System32\bcryptPrimitives.dll
0x00007ffccf3e0000 - 0x00007ffccf405000 	C:\Program Files\java\jdk-17.0.9+9\bin\java.dll
0x00007ffc87ad0000 - 0x00007ffc87ba7000 	C:\Program Files\java\jdk-17.0.9+9\bin\jsvml.dll
0x00007ffcd4e20000 - 0x00007ffcd567c000 	C:\Windows\System32\SHELL32.dll
0x00007ffcd0f30000 - 0x00007ffcd1829000 	C:\Windows\SYSTEM32\windows.storage.dll
0x00007ffcd1860000 - 0x00007ffcd199e000 	C:\Windows\SYSTEM32\wintypes.dll
0x00007ffcd5690000 - 0x00007ffcd5783000 	C:\Windows\System32\SHCORE.dll
0x00007ffcd5a10000 - 0x00007ffcd5a6e000 	C:\Windows\System32\shlwapi.dll
0x00007ffcd3160000 - 0x00007ffcd3181000 	C:\Windows\SYSTEM32\profapi.dll
0x00007ffc7a260000 - 0x00007ffc7a279000 	C:\Program Files\java\jdk-17.0.9+9\bin\net.dll
0x00007ffcca6e0000 - 0x00007ffcca816000 	C:\Windows\SYSTEM32\WINHTTP.dll
0x00007ffcd2690000 - 0x00007ffcd26f9000 	C:\Windows\system32\mswsock.dll
0x00007ffc79e60000 - 0x00007ffc79e76000 	C:\Program Files\java\jdk-17.0.9+9\bin\nio.dll
0x00007ffc79e40000 - 0x00007ffc79e58000 	C:\Program Files\java\jdk-17.0.9+9\bin\zip.dll
0x00007ffcc9e20000 - 0x00007ffcc9e29000 	C:\Program Files\java\jdk-17.0.9+9\bin\management.dll
0x00007ffcc9e10000 - 0x00007ffcc9e1b000 	C:\Program Files\java\jdk-17.0.9+9\bin\management_ext.dll
0x00007ffcd5680000 - 0x00007ffcd5688000 	C:\Windows\System32\PSAPI.DLL
0x00007ffcd1ab0000 - 0x00007ffcd1add000 	C:\Windows\SYSTEM32\IPHLPAPI.DLL
0x00007ffcd4460000 - 0x00007ffcd4469000 	C:\Windows\System32\NSI.dll
0x00007ffcca310000 - 0x00007ffcca329000 	C:\Windows\SYSTEM32\dhcpcsvc6.DLL
0x00007ffcca110000 - 0x00007ffcca12f000 	C:\Windows\SYSTEM32\dhcpcsvc.DLL
0x00007ffcd1ae0000 - 0x00007ffcd1bd9000 	C:\Windows\SYSTEM32\DNSAPI.dll
0x00007ffcc7d50000 - 0x00007ffcc7d5a000 	C:\Windows\System32\rasadhlp.dll
0x00007ffcc95e0000 - 0x00007ffcc9663000 	C:\Windows\System32\fwpuclnt.dll
0x00007ffc79c50000 - 0x00007ffc79c5e000 	C:\Program Files\java\jdk-17.0.9+9\bin\sunmscapi.dll
0x00007ffcd3260000 - 0x00007ffcd33c7000 	C:\Windows\System32\CRYPT32.dll
0x00007ffcd2aa0000 - 0x00007ffcd2ace000 	C:\Windows\SYSTEM32\ncrypt.dll
0x00007ffcd2a60000 - 0x00007ffcd2a97000 	C:\Windows\SYSTEM32\NTASN1.dll
0x00007ffcd2980000 - 0x00007ffcd299b000 	C:\Windows\SYSTEM32\CRYPTSP.dll
0x00007ffcd2190000 - 0x00007ffcd21c5000 	C:\Windows\system32\rsaenh.dll
0x00007ffcd2730000 - 0x00007ffcd2758000 	C:\Windows\SYSTEM32\USERENV.dll
0x00007ffcd2960000 - 0x00007ffcd296c000 	C:\Windows\SYSTEM32\CRYPTBASE.dll
0x00007ffc79d90000 - 0x00007ffc79da0000 	C:\Program Files\java\jdk-17.0.9+9\bin\verify.dll
0x00007ffcc06a0000 - 0x00007ffcc06a8000 	C:\Windows\system32\wshunix.dll

dbghelp: loaded successfully - version: 4.0.5 - missing functions: none
symbol engine: initialized successfully - sym options: 0x614 - pdb path: .;C:\Program Files\java\jdk-17.0.9+9\bin;C:\Windows\SYSTEM32;C:\Windows\WinSxS\amd64_microsoft.windows.common-controls_6595b64144ccf1df_6.0.22621.3235_none_270f74e173860f98;C:\Program Files\java\jdk-17.0.9+9\bin\server

VM Arguments:
jvm_args: -XX:TieredStopAtLevel=1 
java_command: ec.gob.mdi.scsf.qualificationsrenewals.QualificationsRenewalsApplication
java_class_path (initial): C:\DiscoD\ProeyectoSpringBoot\scsfparent\businessdomain\qualificationsrenewals\target\classes;C:\Users\yessenia.gonzalez\.m2\repository\com\fasterxml\jackson\datatype\jackson-datatype-jdk8\2.15.4\jackson-datatype-jdk8-2.15.4.jar;C:\Users\yessenia.gonzalez\.m2\repository\com\fasterxml\jackson\datatype\jackson-datatype-jsr310\2.15.4\jackson-datatype-jsr310-2.15.4.jar;C:\Users\yessenia.gonzalez\.m2\repository\com\fasterxml\jackson\module\jackson-module-parameter-names\2.15.4\jackson-module-parameter-names-2.15.4.jar;C:\Users\yessenia.gonzalez\.m2\repository\io\projectreactor\netty\reactor-netty-http\1.1.17\reactor-netty-http-1.1.17.jar;C:\Users\yessenia.gonzalez\.m2\repository\io\netty\netty-codec-http\4.1.107.Final\netty-codec-http-4.1.107.Final.jar;C:\Users\yessenia.gonzalez\.m2\repository\io\netty\netty-common\4.1.107.Final\netty-common-4.1.107.Final.jar;C:\Users\yessenia.gonzalez\.m2\repository\io\netty\netty-buffer\4.1.107.Final\netty-buffer-4.1.107.Final.jar;C:\Users\yessenia.gonzalez\.m2\repository\io\netty\netty-transport\4.1.107.Final\netty-transport-4.1.107.Final.jar;C:\Users\yessenia.gonzalez\.m2\repository\io\netty\netty-codec\4.1.107.Final\netty-codec-4.1.107.Final.jar;C:\Users\yessenia.gonzalez\.m2\repository\io\netty\netty-handler\4.1.107.Final\netty-handler-4.1.107.Final.jar;C:\Users\yessenia.gonzalez\.m2\repository\io\netty\netty-codec-http2\4.1.107.Final\netty-codec-http2-4.1.107.Final.jar;C:\Users\yessenia.gonzalez\.m2\repository\io\netty\netty-resolver-dns\4.1.107.Final\netty-resolver-dns-4.1.107.Final.jar;C:\Users\yessenia.gonzalez\.m2\repository\io\netty\netty-resolver\4.1.107.Final\netty-resolver-4.1.107.Final.jar;C:\Users\yessenia.gonzalez\.m2\repository\io\netty\netty-codec-dns\4.1.107.Final\netty-codec-dns-4.1.107.Final.jar;C:\Users\yessenia.gonzalez\.m2\repository\io\netty\netty-resolver-dns-native-macos\4.1.107.Final\netty-resolver-dns-native-macos-4.1.107.Final-osx-x86_64.jar;C:\Users\yessenia.gonzalez\.m2\repos
Launcher Type: SUN_STANDARD

[Global flags]
     intx CICompilerCount                          = 4                                         {product} {ergonomic}
     uint ConcGCThreads                            = 3                                         {product} {ergonomic}
     uint G1ConcRefinementThreads                  = 10                                        {product} {ergonomic}
   size_t G1HeapRegionSize                         = 2097152                                   {product} {ergonomic}
    uintx GCDrainStackTargetSize                   = 64                                        {product} {ergonomic}
   size_t InitialHeapSize                          = 264241152                                 {product} {ergonomic}
   size_t MarkStackSize                            = 4194304                                   {product} {ergonomic}
   size_t MaxHeapSize                              = 4213178368                                {product} {ergonomic}
   size_t MaxNewSize                               = 2527068160                                {product} {ergonomic}
   size_t MinHeapDeltaBytes                        = 2097152                                   {product} {ergonomic}
   size_t MinHeapSize                              = 8388608                                   {product} {ergonomic}
    uintx NonProfiledCodeHeapSize                  = 0                                      {pd product} {ergonomic}
     bool ProfileInterpreter                       = false                                  {pd product} {command line}
    uintx ProfiledCodeHeapSize                     = 0                                      {pd product} {ergonomic}
   size_t SoftMaxHeapSize                          = 4213178368                             {manageable} {ergonomic}
     intx TieredStopAtLevel                        = 1                                         {product} {command line}
     bool UseCompressedClassPointers               = true                           {product lp64_product} {ergonomic}
     bool UseCompressedOops                        = true                           {product lp64_product} {ergonomic}
     bool UseG1GC                                  = true                                      {product} {ergonomic}
     bool UseLargePagesIndividualAllocation        = false                                  {pd product} {ergonomic}

Logging:
Log output configuration:
 #0: stdout all=warning uptime,level,tags
 #1: stderr all=off uptime,level,tags

Environment Variables:
JAVA_HOME=C:\Program Files\java\jdk-17.0.9+9
PATH=C:\DevSuiteHome_1\jdk\jre\bin\classic;C:\DevSuiteHome_1\jdk\jre\bin;C:\DevSuiteHome_1\jdk\jre\bin\client;C:\DevSuiteHome_1\jlib;C:\DevSuiteHome_1\bin;C:\DevSuiteHome_1\jre\1.4.2\bin\client;C:\DevSuiteHome_1\jre\1.4.2\bin;C:\Program Files (x86)\Common Files\Oracle\Java\javapath;C:\Windows\system32;C:\Windows;C:\Windows\System32\Wbem;C:\Windows\System32\WindowsPowerShell\v1.0\;C:\Windows\System32\OpenSSH\;C:\Program Files\dotnet\;C:\Program Files\java\jdk-11.0.0.1\bin;C:\Users\yessenia.gonzalez\AppData\Roaming\nvm;C:\ambiente\node;C:\Program Files\nodejs\;C:\Program Files\PuTTY\;C:\Program Files\Git\cmd;C:\Users\yessenia.gonzalez\AppData\Local\Microsoft\WindowsApps;C:\Program Files\java\jdk-11.0.0.1\bin;C:\Users\yessenia.gonzalez\apache-maven-3.9.6;C:\Program Files\JetBrains\IntelliJ IDEA 2023.3.3\bin;;C:\Users\yessenia.gonzalez\AppData\Local\Programs\Microsoft VS Code\bin;C:\Users\yessenia.gonzalez\AppData\Roaming\nvm;C:\ambiente\node;C:\Users\yessenia.gonzalez\AppData\Roaming\npm;C:\Program Files\nodejs;
USERNAME=yessenia.gonzalez
OS=Windows_NT
PROCESSOR_IDENTIFIER=Intel64 Family 6 Model 186 Stepping 3, GenuineIntel
TMP=C:\Users\YESSEN~1.GON\AppData\Local\Temp
TEMP=C:\Users\YESSEN~1.GON\AppData\Local\Temp



Periodic native trim disabled


---------------  S Y S T E M  ---------------

OS:
 Windows 11 , 64 bit Build 22621 (10.0.22621.3374)
OS uptime: 0 days 7:07 hours
Hyper-V role detected

CPU: total 12 (initial active 12) (6 cores per cpu, 2 threads per core) family 6 model 186 stepping 3 microcode 0x4114, cx8, cmov, fxsr, ht, mmx, 3dnowpref, sse, sse2, sse3, ssse3, sse4.1, sse4.2, popcnt, lzcnt, tsc, tscinvbit, avx, avx2, aes, erms, clmul, bmi1, bmi2, adx, sha, fma, vzeroupper, clflush, clflushopt, clwb, hv
Processor Information for processor 0
  Max Mhz: 1700, Current Mhz: 1700, Mhz Limit: 1700
Processor Information for processor 1
  Max Mhz: 1700, Current Mhz: 1700, Mhz Limit: 1700
Processor Information for processor 2
  Max Mhz: 1700, Current Mhz: 1700, Mhz Limit: 1700
Processor Information for processor 3
  Max Mhz: 1700, Current Mhz: 1700, Mhz Limit: 1700
Processor Information for processor 4
  Max Mhz: 1700, Current Mhz: 1200, Mhz Limit: 1190
Processor Information for processor 5
  Max Mhz: 1700, Current Mhz: 1200, Mhz Limit: 1190
Processor Information for processor 6
  Max Mhz: 1700, Current Mhz: 1200, Mhz Limit: 1190
Processor Information for processor 7
  Max Mhz: 1700, Current Mhz: 1200, Mhz Limit: 1190
Processor Information for processor 8
  Max Mhz: 1700, Current Mhz: 1200, Mhz Limit: 1190
Processor Information for processor 9
  Max Mhz: 1700, Current Mhz: 1200, Mhz Limit: 1190
Processor Information for processor 10
  Max Mhz: 1700, Current Mhz: 1200, Mhz Limit: 1190
Processor Information for processor 11
  Max Mhz: 1700, Current Mhz: 1200, Mhz Limit: 1190

Memory: 4k page, system-wide physical 16068M (2423M free)
TotalPageFile size 19012M (AvailPageFile size 32M)
current process WorkingSet (physical memory assigned to process): 302M, peak: 349M
current process commit charge ("private bytes"): 375M, peak: 427M

vm_info: OpenJDK 64-Bit Server VM (17.0.9+9) for windows-amd64 JRE (17.0.9+9), built on Oct 26 2023 14:01:42 by "admin" with MS VC++ 16.10 / 16.11 (VS2019)

END.
