#
# There is insufficient memory for the Java Runtime Environment to continue.
# Native memory allocation (malloc) failed to allocate 32744 bytes for ChunkPool::allocate
# Possible reasons:
#   The system is out of physical RAM or swap space
#   The process is running with CompressedOops enabled, and the Java Heap may be blocking the growth of the native heap
# Possible solutions:
#   Reduce memory load on the system
#   Increase physical memory or swap space
#   Check if swap backing store is full
#   Decrease Java heap size (-Xmx/-Xms)
#   Decrease number of Java threads
#   Decrease Java thread stack sizes (-Xss)
#   Set larger code cache with -XX:ReservedCodeCacheSize=
#   JVM is running with Zero Based Compressed Oops mode in which the Java heap is
#     placed in the first 32GB address space. The Java Heap base address is the
#     maximum limit for the native heap growth. Please use -XX:HeapBaseMinAddress
#     to set the Java Heap base and to place the Java Heap above 32GB virtual address.
# This output file may be truncated or incomplete.
#
#  Out of Memory Error (arena.cpp:79), pid=24968, tid=2268
#
# JRE version: OpenJDK Runtime Environment Temurin-17.0.9+9 (17.0.9+9) (build 17.0.9+9)
# Java VM: OpenJDK 64-Bit Server VM Temurin-17.0.9+9 (17.0.9+9, mixed mode, sharing, tiered, compressed oops, compressed class ptrs, g1 gc, windows-amd64)
# No core dump will be written. Minidumps are not enabled by default on client versions of Windows
#

---------------  S U M M A R Y ------------

Command Line: -Dclassworlds.conf=C:\Program Files\NetBeans-20\netbeans\java\maven\bin\m2.conf -Dmaven.home=C:\Program Files\NetBeans-20\netbeans\java\maven -Dlibrary.jansi.path=C:\Program Files\NetBeans-20\netbeans\java\maven\lib\jansi-native -Dmaven.multiModuleProjectDirectory=C:\DiscoD\ProeyectoSpringBoot\scsfparent\businessdomain\calrenproduction org.codehaus.plexus.classworlds.launcher.Launcher -Dmaven.ext.class.path=C:\Program Files\NetBeans-20\netbeans\java\maven-nblib\netbeans-eventspy.jar -Dfile.encoding=UTF-8 --no-transfer-progress clean install

Host: 13th Gen Intel(R) Core(TM) i7-1355U, 12 cores, 15G,  Windows 11 , 64 bit Build 22621 (10.0.22621.3374)
Time: Wed May  8 15:07:38 2024 Hora est. Pacífico, Sudamérica elapsed time: 13.489522 seconds (0d 0h 0m 13s)

---------------  T H R E A D  ---------------

Current thread (0x000001b04d412270):  JavaThread "C1 CompilerThread0" daemon [_thread_in_native, id=2268, stack(0x0000009e66100000,0x0000009e66200000)]


Current CompileTask:
C1:  13489 7867   !   3       org.apache.maven.surefire.stream.EventDecoder::decode (399 bytes)

Stack: [0x0000009e66100000,0x0000009e66200000]
Native frames: (J=compiled Java code, j=interpreted, Vv=VM code, C=native code)
V  [jvm.dll+0x67cf49]
V  [jvm.dll+0x83478a]
V  [jvm.dll+0x83624e]
V  [jvm.dll+0x8368b3]
V  [jvm.dll+0x247f1f]
V  [jvm.dll+0xac65c]
V  [jvm.dll+0xaca8c]
V  [jvm.dll+0xb808d]
V  [jvm.dll+0x17d10a]
V  [jvm.dll+0x17fb39]
V  [jvm.dll+0x180130]
V  [jvm.dll+0x178060]
V  [jvm.dll+0x177477]
V  [jvm.dll+0x180beb]
V  [jvm.dll+0x178688]
V  [jvm.dll+0x17bdaf]
V  [jvm.dll+0x136313]
V  [jvm.dll+0x135c1f]
V  [jvm.dll+0x135e56]
V  [jvm.dll+0x1352ea]
V  [jvm.dll+0x136fa1]
V  [jvm.dll+0x2297ae]
V  [jvm.dll+0x22797c]
V  [jvm.dll+0x7e9877]
V  [jvm.dll+0x7e3c3a]
V  [jvm.dll+0x67be35]
C  [ucrtbase.dll+0x29333]
C  [KERNEL32.DLL+0x1257d]
C  [ntdll.dll+0x5aa48]


---------------  P R O C E S S  ---------------

Threads class SMR info:
_java_thread_list=0x000001b095fc4ec0, length=18, elements={
0x000001b02804dfc0, 0x000001b04d3e7510, 0x000001b04d3f6480, 0x000001b04d4076a0,
0x000001b04d408260, 0x000001b04d40fc50, 0x000001b04d410610, 0x000001b04d4113b0,
0x000001b04d412270, 0x000001b04d4163b0, 0x000001b04d545330, 0x000001b04d54a6f0,
0x000001b093ae60e0, 0x000001b093ae51b0, 0x000001b093ae4790, 0x000001b093ae4ca0,
0x000001b093ae6b00, 0x000001b093ae56c0
}

Java Threads: ( => current thread )
  0x000001b02804dfc0 JavaThread "main" [_thread_in_native, id=13960, stack(0x0000009e65300000,0x0000009e65400000)]
  0x000001b04d3e7510 JavaThread "Reference Handler" daemon [_thread_blocked, id=23528, stack(0x0000009e65a00000,0x0000009e65b00000)]
  0x000001b04d3f6480 JavaThread "Finalizer" daemon [_thread_blocked, id=7952, stack(0x0000009e65b00000,0x0000009e65c00000)]
  0x000001b04d4076a0 JavaThread "Signal Dispatcher" daemon [_thread_blocked, id=1224, stack(0x0000009e65c00000,0x0000009e65d00000)]
  0x000001b04d408260 JavaThread "Attach Listener" daemon [_thread_blocked, id=17652, stack(0x0000009e65d00000,0x0000009e65e00000)]
  0x000001b04d40fc50 JavaThread "Service Thread" daemon [_thread_blocked, id=16980, stack(0x0000009e65e00000,0x0000009e65f00000)]
  0x000001b04d410610 JavaThread "Monitor Deflation Thread" daemon [_thread_blocked, id=3492, stack(0x0000009e65f00000,0x0000009e66000000)]
  0x000001b04d4113b0 JavaThread "C2 CompilerThread0" daemon [_thread_blocked, id=10592, stack(0x0000009e66000000,0x0000009e66100000)]
=>0x000001b04d412270 JavaThread "C1 CompilerThread0" daemon [_thread_in_native, id=2268, stack(0x0000009e66100000,0x0000009e66200000)]
  0x000001b04d4163b0 JavaThread "Sweeper thread" daemon [_thread_blocked, id=10568, stack(0x0000009e66200000,0x0000009e66300000)]
  0x000001b04d545330 JavaThread "Notification Thread" daemon [_thread_blocked, id=4356, stack(0x0000009e66300000,0x0000009e66400000)]
  0x000001b04d54a6f0 JavaThread "Common-Cleaner" daemon [_thread_blocked, id=12764, stack(0x0000009e66500000,0x0000009e66600000)]
  0x000001b093ae60e0 JavaThread "timeout-check-timer" daemon [_thread_blocked, id=10456, stack(0x0000009e67300000,0x0000009e67400000)]
  0x000001b093ae51b0 JavaThread "ping-timer-10s" daemon [_thread_blocked, id=23928, stack(0x0000009e67400000,0x0000009e67500000)]
  0x000001b093ae4790 JavaThread "ThreadedStreamConsumer" daemon [_thread_blocked, id=25044, stack(0x0000009e67500000,0x0000009e67600000)]
  0x000001b093ae4ca0 JavaThread "fork-1-err-thread" daemon [_thread_in_native, id=1500, stack(0x0000009e67600000,0x0000009e67700000)]
  0x000001b093ae6b00 JavaThread "commands-fork-1" daemon [_thread_blocked, id=14828, stack(0x0000009e67700000,0x0000009e67800000)]
  0x000001b093ae56c0 JavaThread "fork-1-event-thread" daemon [_thread_in_native, id=16612, stack(0x0000009e67800000,0x0000009e67900000)]

Other Threads:
  0x000001b04d3e6930 VMThread "VM Thread" [stack: 0x0000009e65900000,0x0000009e65a00000] [id=22736]
  0x000001b04d54a040 WatcherThread [stack: 0x0000009e66400000,0x0000009e66500000] [id=22524]
  0x000001b02a209f80 GCTaskThread "GC Thread#0" [stack: 0x0000009e65400000,0x0000009e65500000] [id=24328]
  0x000001b093787d20 GCTaskThread "GC Thread#1" [stack: 0x0000009e66800000,0x0000009e66900000] [id=12392]
  0x000001b04d5ae340 GCTaskThread "GC Thread#2" [stack: 0x0000009e66900000,0x0000009e66a00000] [id=4148]
  0x000001b09317a5e0 GCTaskThread "GC Thread#3" [stack: 0x0000009e66a00000,0x0000009e66b00000] [id=24972]
  0x000001b0939ca8e0 GCTaskThread "GC Thread#4" [stack: 0x0000009e66b00000,0x0000009e66c00000] [id=13512]
  0x000001b0935853d0 GCTaskThread "GC Thread#5" [stack: 0x0000009e66c00000,0x0000009e66d00000] [id=24840]
  0x000001b093585690 GCTaskThread "GC Thread#6" [stack: 0x0000009e66d00000,0x0000009e66e00000] [id=22204]
  0x000001b093a368e0 GCTaskThread "GC Thread#7" [stack: 0x0000009e66e00000,0x0000009e66f00000] [id=5608]
  0x000001b093c49720 GCTaskThread "GC Thread#8" [stack: 0x0000009e66f00000,0x0000009e67000000] [id=25440]
  0x000001b093c32db0 GCTaskThread "GC Thread#9" [stack: 0x0000009e67000000,0x0000009e67100000] [id=3684]
  0x000001b02a21a9e0 ConcurrentGCThread "G1 Main Marker" [stack: 0x0000009e65500000,0x0000009e65600000] [id=19660]
  0x000001b02a21b400 ConcurrentGCThread "G1 Conc#0" [stack: 0x0000009e65600000,0x0000009e65700000] [id=20812]
  0x000001b094f96d10 ConcurrentGCThread "G1 Conc#1" [stack: 0x0000009e67100000,0x0000009e67200000] [id=17032]
  0x000001b094f97810 ConcurrentGCThread "G1 Conc#2" [stack: 0x0000009e67200000,0x0000009e67300000] [id=5944]
  0x000001b02a24ecc0 ConcurrentGCThread "G1 Refine#0" [stack: 0x0000009e65700000,0x0000009e65800000] [id=19668]
  0x000001b04d2829a0 ConcurrentGCThread "G1 Service" [stack: 0x0000009e65800000,0x0000009e65900000] [id=2376]

Threads with active compile tasks:
C1 CompilerThread0    13512 7867   !   3       org.apache.maven.surefire.stream.EventDecoder::decode (399 bytes)

VM state: not at safepoint (normal execution)

VM Mutex/Monitor currently owned by a thread: None

Heap address: 0x0000000704e00000, size: 4018 MB, Compressed Oops mode: Zero based, Oop shift amount: 3

CDS archive(s) mapped at: [0x000001b04e000000-0x000001b04eba0000-0x000001b04eba0000), size 12189696, SharedBaseAddress: 0x000001b04e000000, ArchiveRelocationMode: 1.
Compressed class space mapped at: 0x000001b04f000000-0x000001b08f000000, reserved size: 1073741824
Narrow klass base: 0x000001b04e000000, Narrow klass shift: 0, Narrow klass range: 0x100000000

GC Precious Log:
 CPUs: 12 total, 12 available
 Memory: 16068M
 Large Page Support: Disabled
 NUMA Support: Disabled
 Compressed Oops: Enabled (Zero based)
 Heap Region Size: 2M
 Heap Min Capacity: 8M
 Heap Initial Capacity: 252M
 Heap Max Capacity: 4018M
 Pre-touch: Disabled
 Parallel Workers: 10
 Concurrent Workers: 3
 Concurrent Refinement Workers: 10
 Periodic GC: Disabled

Heap:
 garbage-first heap   total 253952K, used 92182K [0x0000000704e00000, 0x0000000800000000)
  region size 2048K, 17 young (34816K), 5 survivors (10240K)
 Metaspace       used 33890K, committed 34240K, reserved 1114112K
  class space    used 3832K, committed 4032K, reserved 1048576K

Heap Regions: E=young(eden), S=young(survivor), O=old, HS=humongous(starts), HC=humongous(continues), CS=collection set, F=free, OA=open archive, CA=closed archive, TAMS=top-at-mark-start (previous, next)
|   0|0x0000000704e00000, 0x0000000705000000, 0x0000000705000000|100%| O|  |TAMS 0x0000000705000000, 0x0000000704e00000| Untracked 
|   1|0x0000000705000000, 0x0000000705200000, 0x0000000705200000|100%| O|  |TAMS 0x0000000705200000, 0x0000000705000000| Untracked 
|   2|0x0000000705200000, 0x0000000705400000, 0x0000000705400000|100%| O|  |TAMS 0x0000000705400000, 0x0000000705200000| Untracked 
|   3|0x0000000705400000, 0x0000000705600000, 0x0000000705600000|100%| O|  |TAMS 0x0000000705600000, 0x0000000705400000| Untracked 
|   4|0x0000000705600000, 0x0000000705800000, 0x0000000705800000|100%| O|  |TAMS 0x0000000705800000, 0x0000000705600000| Untracked 
|   5|0x0000000705800000, 0x0000000705a00000, 0x0000000705a00000|100%| O|  |TAMS 0x0000000705a00000, 0x0000000705800000| Untracked 
|   6|0x0000000705a00000, 0x0000000705c00000, 0x0000000705c00000|100%| O|  |TAMS 0x0000000705c00000, 0x0000000705a00000| Untracked 
|   7|0x0000000705c00000, 0x0000000705e00000, 0x0000000705e00000|100%| O|  |TAMS 0x0000000705e00000, 0x0000000705c00000| Untracked 
|   8|0x0000000705e00000, 0x0000000706000000, 0x0000000706000000|100%| O|  |TAMS 0x0000000706000000, 0x0000000705e00000| Untracked 
|   9|0x0000000706000000, 0x0000000706000000, 0x0000000706200000|  0%| F|  |TAMS 0x0000000706000000, 0x0000000706000000| Untracked 
|  10|0x0000000706200000, 0x0000000706400000, 0x0000000706400000|100%| O|  |TAMS 0x0000000706400000, 0x0000000706200000| Untracked 
|  11|0x0000000706400000, 0x0000000706600000, 0x0000000706600000|100%| O|  |TAMS 0x0000000706600000, 0x0000000706400000| Untracked 
|  12|0x0000000706600000, 0x0000000706800000, 0x0000000706800000|100%| O|  |TAMS 0x0000000706800000, 0x0000000706600000| Untracked 
|  13|0x0000000706800000, 0x0000000706a00000, 0x0000000706a00000|100%| O|  |TAMS 0x0000000706a00000, 0x0000000706800000| Untracked 
|  14|0x0000000706a00000, 0x0000000706c00000, 0x0000000706c00000|100%| O|  |TAMS 0x0000000706c00000, 0x0000000706a00000| Untracked 
|  15|0x0000000706c00000, 0x0000000706e00000, 0x0000000706e00000|100%| O|  |TAMS 0x0000000706e00000, 0x0000000706c00000| Untracked 
|  16|0x0000000706e00000, 0x0000000707000000, 0x0000000707000000|100%| O|  |TAMS 0x0000000707000000, 0x0000000706e00000| Untracked 
|  17|0x0000000707000000, 0x0000000707000000, 0x0000000707200000|  0%| F|  |TAMS 0x0000000707000000, 0x0000000707000000| Untracked 
|  18|0x0000000707200000, 0x0000000707400000, 0x0000000707400000|100%| O|  |TAMS 0x0000000707243a00, 0x0000000707200000| Untracked 
|  19|0x0000000707400000, 0x0000000707400000, 0x0000000707600000|  0%| F|  |TAMS 0x0000000707400000, 0x0000000707400000| Untracked 
|  20|0x0000000707600000, 0x0000000707600000, 0x0000000707800000|  0%| F|  |TAMS 0x0000000707600000, 0x0000000707600000| Untracked 
|  21|0x0000000707800000, 0x0000000707800000, 0x0000000707a00000|  0%| F|  |TAMS 0x0000000707800000, 0x0000000707800000| Untracked 
|  22|0x0000000707a00000, 0x0000000707a00000, 0x0000000707c00000|  0%| F|  |TAMS 0x0000000707a00000, 0x0000000707a00000| Untracked 
|  23|0x0000000707c00000, 0x0000000707c00000, 0x0000000707e00000|  0%| F|  |TAMS 0x0000000707c00000, 0x0000000707c00000| Untracked 
|  24|0x0000000707e00000, 0x0000000708000000, 0x0000000708000000|100%| O|  |TAMS 0x0000000707e00000, 0x0000000707e00000| Untracked 
|  25|0x0000000708000000, 0x0000000708200000, 0x0000000708200000|100%| O|  |TAMS 0x0000000708000000, 0x0000000708000000| Untracked 
|  26|0x0000000708200000, 0x0000000708400000, 0x0000000708400000|100%| O|  |TAMS 0x0000000708200000, 0x0000000708200000| Untracked 
|  27|0x0000000708400000, 0x0000000708600000, 0x0000000708600000|100%| O|  |TAMS 0x0000000708400000, 0x0000000708400000| Untracked 
|  28|0x0000000708600000, 0x0000000708800000, 0x0000000708800000|100%| O|  |TAMS 0x0000000708600000, 0x0000000708600000| Untracked 
|  29|0x0000000708800000, 0x0000000708a00000, 0x0000000708a00000|100%| O|  |TAMS 0x0000000708800000, 0x0000000708800000| Untracked 
|  30|0x0000000708a00000, 0x0000000708c00000, 0x0000000708c00000|100%| O|  |TAMS 0x0000000708a00000, 0x0000000708a00000| Untracked 
|  31|0x0000000708c00000, 0x0000000708e00000, 0x0000000708e00000|100%| O|  |TAMS 0x0000000708c00000, 0x0000000708c00000| Untracked 
|  32|0x0000000708e00000, 0x0000000709000000, 0x0000000709000000|100%| O|  |TAMS 0x0000000708e00000, 0x0000000708e00000| Untracked 
|  33|0x0000000709000000, 0x0000000709200000, 0x0000000709200000|100%| O|  |TAMS 0x0000000709000000, 0x0000000709000000| Untracked 
|  34|0x0000000709200000, 0x00000007093a2a00, 0x0000000709400000| 81%| O|  |TAMS 0x0000000709200000, 0x0000000709200000| Untracked 
|  35|0x0000000709400000, 0x0000000709400000, 0x0000000709600000|  0%| F|  |TAMS 0x0000000709400000, 0x0000000709400000| Untracked 
|  36|0x0000000709600000, 0x0000000709600000, 0x0000000709800000|  0%| F|  |TAMS 0x0000000709600000, 0x0000000709600000| Untracked 
|  37|0x0000000709800000, 0x0000000709800000, 0x0000000709a00000|  0%| F|  |TAMS 0x0000000709800000, 0x0000000709800000| Untracked 
|  38|0x0000000709a00000, 0x0000000709a00000, 0x0000000709c00000|  0%| F|  |TAMS 0x0000000709a00000, 0x0000000709a00000| Untracked 
|  39|0x0000000709c00000, 0x0000000709c00000, 0x0000000709e00000|  0%| F|  |TAMS 0x0000000709c00000, 0x0000000709c00000| Untracked 
|  40|0x0000000709e00000, 0x0000000709e00000, 0x000000070a000000|  0%| F|  |TAMS 0x0000000709e00000, 0x0000000709e00000| Untracked 
|  41|0x000000070a000000, 0x000000070a000000, 0x000000070a200000|  0%| F|  |TAMS 0x000000070a000000, 0x000000070a000000| Untracked 
|  42|0x000000070a200000, 0x000000070a200000, 0x000000070a400000|  0%| F|  |TAMS 0x000000070a200000, 0x000000070a200000| Untracked 
|  43|0x000000070a400000, 0x000000070a400000, 0x000000070a600000|  0%| F|  |TAMS 0x000000070a400000, 0x000000070a400000| Untracked 
|  44|0x000000070a600000, 0x000000070a600000, 0x000000070a800000|  0%| F|  |TAMS 0x000000070a600000, 0x000000070a600000| Untracked 
|  45|0x000000070a800000, 0x000000070a800000, 0x000000070aa00000|  0%| F|  |TAMS 0x000000070a800000, 0x000000070a800000| Untracked 
|  46|0x000000070aa00000, 0x000000070aa00000, 0x000000070ac00000|  0%| F|  |TAMS 0x000000070aa00000, 0x000000070aa00000| Untracked 
|  47|0x000000070ac00000, 0x000000070ac00000, 0x000000070ae00000|  0%| F|  |TAMS 0x000000070ac00000, 0x000000070ac00000| Untracked 
|  48|0x000000070ae00000, 0x000000070ae00000, 0x000000070b000000|  0%| F|  |TAMS 0x000000070ae00000, 0x000000070ae00000| Untracked 
|  49|0x000000070b000000, 0x000000070b000000, 0x000000070b200000|  0%| F|  |TAMS 0x000000070b000000, 0x000000070b000000| Untracked 
|  50|0x000000070b200000, 0x000000070b200000, 0x000000070b400000|  0%| F|  |TAMS 0x000000070b200000, 0x000000070b200000| Untracked 
|  51|0x000000070b400000, 0x000000070b400000, 0x000000070b600000|  0%| F|  |TAMS 0x000000070b400000, 0x000000070b400000| Untracked 
|  52|0x000000070b600000, 0x000000070b600000, 0x000000070b800000|  0%| F|  |TAMS 0x000000070b600000, 0x000000070b600000| Untracked 
|  53|0x000000070b800000, 0x000000070b800000, 0x000000070ba00000|  0%| F|  |TAMS 0x000000070b800000, 0x000000070b800000| Untracked 
|  54|0x000000070ba00000, 0x000000070ba00000, 0x000000070bc00000|  0%| F|  |TAMS 0x000000070ba00000, 0x000000070ba00000| Untracked 
|  55|0x000000070bc00000, 0x000000070bc00000, 0x000000070be00000|  0%| F|  |TAMS 0x000000070bc00000, 0x000000070bc00000| Untracked 
|  56|0x000000070be00000, 0x000000070be00000, 0x000000070c000000|  0%| F|  |TAMS 0x000000070be00000, 0x000000070be00000| Untracked 
|  57|0x000000070c000000, 0x000000070c000000, 0x000000070c200000|  0%| F|  |TAMS 0x000000070c000000, 0x000000070c000000| Untracked 
|  58|0x000000070c200000, 0x000000070c200000, 0x000000070c400000|  0%| F|  |TAMS 0x000000070c200000, 0x000000070c200000| Untracked 
|  59|0x000000070c400000, 0x000000070c400000, 0x000000070c600000|  0%| F|  |TAMS 0x000000070c400000, 0x000000070c400000| Untracked 
|  60|0x000000070c600000, 0x000000070c600000, 0x000000070c800000|  0%| F|  |TAMS 0x000000070c600000, 0x000000070c600000| Untracked 
|  61|0x000000070c800000, 0x000000070c800000, 0x000000070ca00000|  0%| F|  |TAMS 0x000000070c800000, 0x000000070c800000| Untracked 
|  62|0x000000070ca00000, 0x000000070ca00000, 0x000000070cc00000|  0%| F|  |TAMS 0x000000070ca00000, 0x000000070ca00000| Untracked 
|  63|0x000000070cc00000, 0x000000070cc00000, 0x000000070ce00000|  0%| F|  |TAMS 0x000000070cc00000, 0x000000070cc00000| Untracked 
|  64|0x000000070ce00000, 0x000000070ce00000, 0x000000070d000000|  0%| F|  |TAMS 0x000000070ce00000, 0x000000070ce00000| Untracked 
|  65|0x000000070d000000, 0x000000070d000000, 0x000000070d200000|  0%| F|  |TAMS 0x000000070d000000, 0x000000070d000000| Untracked 
|  66|0x000000070d200000, 0x000000070d200000, 0x000000070d400000|  0%| F|  |TAMS 0x000000070d200000, 0x000000070d200000| Untracked 
|  67|0x000000070d400000, 0x000000070d400000, 0x000000070d600000|  0%| F|  |TAMS 0x000000070d400000, 0x000000070d400000| Untracked 
|  68|0x000000070d600000, 0x000000070d600000, 0x000000070d800000|  0%| F|  |TAMS 0x000000070d600000, 0x000000070d600000| Untracked 
|  69|0x000000070d800000, 0x000000070d800000, 0x000000070da00000|  0%| F|  |TAMS 0x000000070d800000, 0x000000070d800000| Untracked 
|  70|0x000000070da00000, 0x000000070da00000, 0x000000070dc00000|  0%| F|  |TAMS 0x000000070da00000, 0x000000070da00000| Untracked 
|  71|0x000000070dc00000, 0x000000070dc00000, 0x000000070de00000|  0%| F|  |TAMS 0x000000070dc00000, 0x000000070dc00000| Untracked 
|  72|0x000000070de00000, 0x000000070de00000, 0x000000070e000000|  0%| F|  |TAMS 0x000000070de00000, 0x000000070de00000| Untracked 
|  73|0x000000070e000000, 0x000000070e062fe8, 0x000000070e200000| 19%| S|CS|TAMS 0x000000070e000000, 0x000000070e000000| Complete 
|  74|0x000000070e200000, 0x000000070e400000, 0x000000070e400000|100%| S|CS|TAMS 0x000000070e200000, 0x000000070e200000| Complete 
|  75|0x000000070e400000, 0x000000070e600000, 0x000000070e600000|100%| S|CS|TAMS 0x000000070e400000, 0x000000070e400000| Complete 
|  76|0x000000070e600000, 0x000000070e800000, 0x000000070e800000|100%| S|CS|TAMS 0x000000070e600000, 0x000000070e600000| Complete 
|  77|0x000000070e800000, 0x000000070ea00000, 0x000000070ea00000|100%| S|CS|TAMS 0x000000070e800000, 0x000000070e800000| Complete 
|  78|0x000000070ea00000, 0x000000070ea00000, 0x000000070ec00000|  0%| F|  |TAMS 0x000000070ea00000, 0x000000070ea00000| Untracked 
|  79|0x000000070ec00000, 0x000000070ec00000, 0x000000070ee00000|  0%| F|  |TAMS 0x000000070ec00000, 0x000000070ec00000| Untracked 
|  80|0x000000070ee00000, 0x000000070ee00000, 0x000000070f000000|  0%| F|  |TAMS 0x000000070ee00000, 0x000000070ee00000| Untracked 
|  81|0x000000070f000000, 0x000000070f000000, 0x000000070f200000|  0%| F|  |TAMS 0x000000070f000000, 0x000000070f000000| Untracked 
|  82|0x000000070f200000, 0x000000070f200000, 0x000000070f400000|  0%| F|  |TAMS 0x000000070f200000, 0x000000070f200000| Untracked 
|  83|0x000000070f400000, 0x000000070f400000, 0x000000070f600000|  0%| F|  |TAMS 0x000000070f400000, 0x000000070f400000| Untracked 
|  84|0x000000070f600000, 0x000000070f600000, 0x000000070f800000|  0%| F|  |TAMS 0x000000070f600000, 0x000000070f600000| Untracked 
|  85|0x000000070f800000, 0x000000070f800000, 0x000000070fa00000|  0%| F|  |TAMS 0x000000070f800000, 0x000000070f800000| Untracked 
|  86|0x000000070fa00000, 0x000000070fa00000, 0x000000070fc00000|  0%| F|  |TAMS 0x000000070fa00000, 0x000000070fa00000| Untracked 
|  87|0x000000070fc00000, 0x000000070fc00000, 0x000000070fe00000|  0%| F|  |TAMS 0x000000070fc00000, 0x000000070fc00000| Untracked 
|  88|0x000000070fe00000, 0x000000070fe00000, 0x0000000710000000|  0%| F|  |TAMS 0x000000070fe00000, 0x000000070fe00000| Untracked 
|  89|0x0000000710000000, 0x0000000710000000, 0x0000000710200000|  0%| F|  |TAMS 0x0000000710000000, 0x0000000710000000| Untracked 
|  90|0x0000000710200000, 0x0000000710200000, 0x0000000710400000|  0%| F|  |TAMS 0x0000000710200000, 0x0000000710200000| Untracked 
|  91|0x0000000710400000, 0x0000000710400000, 0x0000000710600000|  0%| F|  |TAMS 0x0000000710400000, 0x0000000710400000| Untracked 
|  92|0x0000000710600000, 0x0000000710600000, 0x0000000710800000|  0%| F|  |TAMS 0x0000000710600000, 0x0000000710600000| Untracked 
|  93|0x0000000710800000, 0x0000000710800000, 0x0000000710a00000|  0%| F|  |TAMS 0x0000000710800000, 0x0000000710800000| Untracked 
|  94|0x0000000710a00000, 0x0000000710a00000, 0x0000000710c00000|  0%| F|  |TAMS 0x0000000710a00000, 0x0000000710a00000| Untracked 
|  95|0x0000000710c00000, 0x0000000710c00000, 0x0000000710e00000|  0%| F|  |TAMS 0x0000000710c00000, 0x0000000710c00000| Untracked 
|  96|0x0000000710e00000, 0x0000000710e00000, 0x0000000711000000|  0%| F|  |TAMS 0x0000000710e00000, 0x0000000710e00000| Untracked 
|  97|0x0000000711000000, 0x0000000711000000, 0x0000000711200000|  0%| F|  |TAMS 0x0000000711000000, 0x0000000711000000| Untracked 
|  98|0x0000000711200000, 0x0000000711200000, 0x0000000711400000|  0%| F|  |TAMS 0x0000000711200000, 0x0000000711200000| Untracked 
|  99|0x0000000711400000, 0x0000000711400000, 0x0000000711600000|  0%| F|  |TAMS 0x0000000711400000, 0x0000000711400000| Untracked 
| 100|0x0000000711600000, 0x0000000711600000, 0x0000000711800000|  0%| F|  |TAMS 0x0000000711600000, 0x0000000711600000| Untracked 
| 101|0x0000000711800000, 0x0000000711800000, 0x0000000711a00000|  0%| F|  |TAMS 0x0000000711800000, 0x0000000711800000| Untracked 
| 102|0x0000000711a00000, 0x0000000711a00000, 0x0000000711c00000|  0%| F|  |TAMS 0x0000000711a00000, 0x0000000711a00000| Untracked 
| 103|0x0000000711c00000, 0x0000000711c00000, 0x0000000711e00000|  0%| F|  |TAMS 0x0000000711c00000, 0x0000000711c00000| Untracked 
| 104|0x0000000711e00000, 0x0000000711e00000, 0x0000000712000000|  0%| F|  |TAMS 0x0000000711e00000, 0x0000000711e00000| Untracked 
| 105|0x0000000712000000, 0x0000000712000000, 0x0000000712200000|  0%| F|  |TAMS 0x0000000712000000, 0x0000000712000000| Untracked 
| 106|0x0000000712200000, 0x0000000712200000, 0x0000000712400000|  0%| F|  |TAMS 0x0000000712200000, 0x0000000712200000| Untracked 
| 107|0x0000000712400000, 0x0000000712400000, 0x0000000712600000|  0%| F|  |TAMS 0x0000000712400000, 0x0000000712400000| Untracked 
| 108|0x0000000712600000, 0x0000000712600000, 0x0000000712800000|  0%| F|  |TAMS 0x0000000712600000, 0x0000000712600000| Untracked 
| 109|0x0000000712800000, 0x0000000712800000, 0x0000000712a00000|  0%| F|  |TAMS 0x0000000712800000, 0x0000000712800000| Untracked 
| 110|0x0000000712a00000, 0x0000000712ae2588, 0x0000000712c00000| 44%| E|  |TAMS 0x0000000712a00000, 0x0000000712a00000| Complete 
| 111|0x0000000712c00000, 0x0000000712e00000, 0x0000000712e00000|100%| E|CS|TAMS 0x0000000712c00000, 0x0000000712c00000| Complete 
| 112|0x0000000712e00000, 0x0000000713000000, 0x0000000713000000|100%| E|CS|TAMS 0x0000000712e00000, 0x0000000712e00000| Complete 
| 113|0x0000000713000000, 0x0000000713200000, 0x0000000713200000|100%| E|CS|TAMS 0x0000000713000000, 0x0000000713000000| Complete 
| 114|0x0000000713200000, 0x0000000713400000, 0x0000000713400000|100%| E|CS|TAMS 0x0000000713200000, 0x0000000713200000| Complete 
| 115|0x0000000713400000, 0x0000000713600000, 0x0000000713600000|100%| E|CS|TAMS 0x0000000713400000, 0x0000000713400000| Complete 
| 116|0x0000000713600000, 0x0000000713800000, 0x0000000713800000|100%| E|CS|TAMS 0x0000000713600000, 0x0000000713600000| Complete 
| 117|0x0000000713800000, 0x0000000713a00000, 0x0000000713a00000|100%| E|CS|TAMS 0x0000000713800000, 0x0000000713800000| Complete 
| 118|0x0000000713a00000, 0x0000000713c00000, 0x0000000713c00000|100%| E|CS|TAMS 0x0000000713a00000, 0x0000000713a00000| Complete 
| 125|0x0000000714800000, 0x0000000714a00000, 0x0000000714a00000|100%| E|CS|TAMS 0x0000000714800000, 0x0000000714800000| Complete 
|2005|0x00000007ff800000, 0x00000007ffa00000, 0x00000007ffa00000|100%| E|CS|TAMS 0x00000007ff800000, 0x00000007ff800000| Complete 
|2006|0x00000007ffa00000, 0x00000007ffc00000, 0x00000007ffc00000|100%| E|CS|TAMS 0x00000007ffa00000, 0x00000007ffa00000| Complete 
|2007|0x00000007ffc00000, 0x00000007ffe00000, 0x00000007ffe00000|100%| O|  |TAMS 0x00000007ffe00000, 0x00000007ffc00000| Untracked 
|2008|0x00000007ffe00000, 0x0000000800000000, 0x0000000800000000|100%| O|  |TAMS 0x0000000800000000, 0x00000007ffe00000| Untracked 

Card table byte_map: [0x000001b0419e0000,0x000001b0421c0000] _byte_map_base: 0x000001b03e1b9000

Marking Bits (Prev, Next): (CMBitMap*) 0x000001b02a20a5a0, (CMBitMap*) 0x000001b02a20a5e0
 Prev Bits: [0x000001b0429a0000, 0x000001b046868000)
 Next Bits: [0x000001b046870000, 0x000001b04a738000)

Polling page: 0x000001b027f30000

Metaspace:

Usage:
  Non-class:     29.35 MB used.
      Class:      3.74 MB used.
       Both:     33.10 MB used.

Virtual space:
  Non-class space:       64.00 MB reserved,      29.50 MB ( 46%) committed,  1 nodes.
      Class space:        1.00 GB reserved,       3.94 MB ( <1%) committed,  1 nodes.
             Both:        1.06 GB reserved,      33.44 MB (  3%) committed. 

Chunk freelists:
   Non-Class:  2.06 MB
       Class:  12.02 MB
        Both:  14.08 MB

MaxMetaspaceSize: unlimited
CompressedClassSpaceSize: 1.00 GB
Initial GC threshold: 21.00 MB
Current GC threshold: 48.75 MB
CDS: on
MetaspaceReclaimPolicy: balanced
 - commit_granule_bytes: 65536.
 - commit_granule_words: 8192.
 - virtual_space_node_default_size: 8388608.
 - enlarge_chunks_in_place: 1.
 - new_chunks_are_fully_committed: 0.
 - uncommit_free_chunks: 1.
 - use_allocation_guard: 0.
 - handle_deallocations: 1.


Internal statistics:

num_allocs_failed_limit: 3.
num_arena_births: 270.
num_arena_deaths: 0.
num_vsnodes_births: 2.
num_vsnodes_deaths: 0.
num_space_committed: 535.
num_space_uncommitted: 0.
num_chunks_returned_to_freelist: 3.
num_chunks_taken_from_freelist: 1524.
num_chunk_merges: 3.
num_chunk_splits: 1040.
num_chunks_enlarged: 799.
num_inconsistent_stats: 0.

CodeHeap 'non-profiled nmethods': size=120000Kb used=5323Kb max_used=5323Kb free=114676Kb
 bounds [0x000001b039780000, 0x000001b039cc0000, 0x000001b040cb0000]
CodeHeap 'profiled nmethods': size=120000Kb used=15609Kb max_used=15609Kb free=104391Kb
 bounds [0x000001b031cb0000, 0x000001b032c00000, 0x000001b0391e0000]
CodeHeap 'non-nmethods': size=5760Kb used=1244Kb max_used=1324Kb free=4515Kb
 bounds [0x000001b0391e0000, 0x000001b039450000, 0x000001b039780000]
 total_blobs=7530 nmethods=6978 adapters=464
 compilation: enabled
              stopped_count=0, restarted_count=0
 full_count=0

Compilation events (20 events):
Event: 11.268 Thread 0x000001b04d4113b0 nmethod 7856 0x000001b039cb1210 code [0x000001b039cb13a0, 0x000001b039cb1658]
Event: 11.573 Thread 0x000001b04d412270 7857       3       java.util.concurrent.ThreadPoolExecutor::runStateAtLeast (11 bytes)
Event: 11.573 Thread 0x000001b04d412270 nmethod 7857 0x000001b032bf0c90 code [0x000001b032bf0e20, 0x000001b032bf0f78]
Event: 12.316 Thread 0x000001b04d412270 7858       1       org.apache.maven.surefire.api.stream.AbstractStreamDecoder$Segment::hashCode (5 bytes)
Event: 12.316 Thread 0x000001b04d412270 nmethod 7858 0x000001b039cb1890 code [0x000001b039cb1a20, 0x000001b039cb1af8]
Event: 13.482 Thread 0x000001b04d4113b0 7859       4       java.nio.charset.CoderResult::isOverflow (14 bytes)
Event: 13.483 Thread 0x000001b04d4113b0 nmethod 7859 0x000001b039cb1b90 code [0x000001b039cb1d00, 0x000001b039cb1d98]
Event: 13.484 Thread 0x000001b04d4113b0 7860       4       java.lang.invoke.MethodTypeForm::canonicalize (74 bytes)
Event: 13.484 Thread 0x000001b04d412270 7862       1       org.apache.maven.surefire.api.stream.AbstractStreamDecoder$MalformedFrameException::readFrom (5 bytes)
Event: 13.484 Thread 0x000001b04d412270 nmethod 7862 0x000001b039cb2190 code [0x000001b039cb2320, 0x000001b039cb23f8]
Event: 13.484 Thread 0x000001b04d4113b0 nmethod 7860 0x000001b039cb2490 code [0x000001b039cb2600, 0x000001b039cb26b8]
Event: 13.485 Thread 0x000001b04d412270 7863  s    1       java.lang.StringBuffer::length (5 bytes)
Event: 13.485 Thread 0x000001b04d412270 nmethod 7863 0x000001b039cb2790 code [0x000001b039cb2920, 0x000001b039cb2a98]
Event: 13.485 Thread 0x000001b04d412270 7864       1       org.apache.maven.surefire.api.stream.AbstractStreamDecoder$MalformedFrameException::readTo (5 bytes)
Event: 13.485 Thread 0x000001b04d412270 nmethod 7864 0x000001b039cb2b10 code [0x000001b039cb2ca0, 0x000001b039cb2d78]
Event: 13.485 Thread 0x000001b04d412270 7865       3       org.apache.maven.surefire.stream.EventDecoder::getEncodedMagicNumber (4 bytes)
Event: 13.485 Thread 0x000001b04d412270 nmethod 7865 0x000001b032bf1010 code [0x000001b032bf11a0, 0x000001b032bf12b8]
Event: 13.486 Thread 0x000001b04d412270 7866       3       java.util.Calendar::internalGet (7 bytes)
Event: 13.486 Thread 0x000001b04d412270 nmethod 7866 0x000001b032bf1390 code [0x000001b032bf1520, 0x000001b032bf1658]
Event: 13.487 Thread 0x000001b04d412270 7867   !   3       org.apache.maven.surefire.stream.EventDecoder::decode (399 bytes)

GC Heap History (20 events):
Event: 1.847 GC heap before
{Heap before GC invocations=2 (full 0):
 garbage-first heap   total 258048K, used 156863K [0x0000000704e00000, 0x0000000800000000)
  region size 2048K, 75 young (153600K), 1 survivors (2048K)
 Metaspace       used 16053K, committed 16256K, reserved 1114112K
  class space    used 1840K, committed 1920K, reserved 1048576K
}
Event: 1.858 GC heap after
{Heap after GC invocations=3 (full 0):
 garbage-first heap   total 258048K, used 20568K [0x0000000704e00000, 0x0000000800000000)
  region size 2048K, 9 young (18432K), 9 survivors (18432K)
 Metaspace       used 16053K, committed 16256K, reserved 1114112K
  class space    used 1840K, committed 1920K, reserved 1048576K
}
Event: 2.728 GC heap before
{Heap before GC invocations=3 (full 0):
 garbage-first heap   total 258048K, used 94296K [0x0000000704e00000, 0x0000000800000000)
  region size 2048K, 46 young (94208K), 9 survivors (18432K)
 Metaspace       used 21229K, committed 21504K, reserved 1114112K
  class space    used 2466K, committed 2624K, reserved 1048576K
}
Event: 2.738 GC heap after
{Heap after GC invocations=4 (full 0):
 garbage-first heap   total 258048K, used 25574K [0x0000000704e00000, 0x0000000800000000)
  region size 2048K, 3 young (6144K), 3 survivors (6144K)
 Metaspace       used 21229K, committed 21504K, reserved 1114112K
  class space    used 2466K, committed 2624K, reserved 1048576K
}
Event: 3.348 GC heap before
{Heap before GC invocations=5 (full 0):
 garbage-first heap   total 96256K, used 74726K [0x0000000704e00000, 0x0000000800000000)
  region size 2048K, 28 young (57344K), 3 survivors (6144K)
 Metaspace       used 25203K, committed 25536K, reserved 1114112K
  class space    used 2869K, committed 3072K, reserved 1048576K
}
Event: 3.360 GC heap after
{Heap after GC invocations=6 (full 0):
 garbage-first heap   total 104448K, used 45774K [0x0000000704e00000, 0x0000000800000000)
  region size 2048K, 4 young (8192K), 4 survivors (8192K)
 Metaspace       used 25203K, committed 25536K, reserved 1114112K
  class space    used 2869K, committed 3072K, reserved 1048576K
}
Event: 3.371 GC heap before
{Heap before GC invocations=6 (full 0):
 garbage-first heap   total 104448K, used 47822K [0x0000000704e00000, 0x0000000800000000)
  region size 2048K, 5 young (10240K), 4 survivors (8192K)
 Metaspace       used 25211K, committed 25600K, reserved 1114112K
  class space    used 2869K, committed 3072K, reserved 1048576K
}
Event: 3.376 GC heap after
{Heap after GC invocations=7 (full 0):
 garbage-first heap   total 126976K, used 48040K [0x0000000704e00000, 0x0000000800000000)
  region size 2048K, 1 young (2048K), 1 survivors (2048K)
 Metaspace       used 25211K, committed 25600K, reserved 1114112K
  class space    used 2869K, committed 3072K, reserved 1048576K
}
Event: 3.930 GC heap before
{Heap before GC invocations=7 (full 0):
 garbage-first heap   total 126976K, used 86952K [0x0000000704e00000, 0x0000000800000000)
  region size 2048K, 20 young (40960K), 1 survivors (2048K)
 Metaspace       used 26709K, committed 27072K, reserved 1114112K
  class space    used 3015K, committed 3200K, reserved 1048576K
}
Event: 3.942 GC heap after
{Heap after GC invocations=8 (full 0):
 garbage-first heap   total 126976K, used 55280K [0x0000000704e00000, 0x0000000800000000)
  region size 2048K, 3 young (6144K), 3 survivors (6144K)
 Metaspace       used 26709K, committed 27072K, reserved 1114112K
  class space    used 3015K, committed 3200K, reserved 1048576K
}
Event: 4.386 GC heap before
{Heap before GC invocations=8 (full 0):
 garbage-first heap   total 126976K, used 90096K [0x0000000704e00000, 0x0000000800000000)
  region size 2048K, 21 young (43008K), 3 survivors (6144K)
 Metaspace       used 28334K, committed 28672K, reserved 1114112K
  class space    used 3214K, committed 3392K, reserved 1048576K
}
Event: 4.392 GC heap after
{Heap after GC invocations=9 (full 0):
 garbage-first heap   total 126976K, used 56922K [0x0000000704e00000, 0x0000000800000000)
  region size 2048K, 1 young (2048K), 1 survivors (2048K)
 Metaspace       used 28334K, committed 28672K, reserved 1114112K
  class space    used 3214K, committed 3392K, reserved 1048576K
}
Event: 4.906 GC heap before
{Heap before GC invocations=9 (full 0):
 garbage-first heap   total 126976K, used 91738K [0x0000000704e00000, 0x0000000800000000)
  region size 2048K, 19 young (38912K), 1 survivors (2048K)
 Metaspace       used 29650K, committed 29952K, reserved 1114112K
  class space    used 3377K, committed 3520K, reserved 1048576K
}
Event: 4.913 GC heap after
{Heap after GC invocations=10 (full 0):
 garbage-first heap   total 126976K, used 58532K [0x0000000704e00000, 0x0000000800000000)
  region size 2048K, 2 young (4096K), 2 survivors (4096K)
 Metaspace       used 29650K, committed 29952K, reserved 1114112K
  class space    used 3377K, committed 3520K, reserved 1048576K
}
Event: 5.429 GC heap before
{Heap before GC invocations=11 (full 0):
 garbage-first heap   total 126976K, used 93348K [0x0000000704e00000, 0x0000000800000000)
  region size 2048K, 20 young (40960K), 2 survivors (4096K)
 Metaspace       used 29683K, committed 30016K, reserved 1114112K
  class space    used 3377K, committed 3520K, reserved 1048576K
}
Event: 5.438 GC heap after
{Heap after GC invocations=12 (full 0):
 garbage-first heap   total 253952K, used 74594K [0x0000000704e00000, 0x0000000800000000)
  region size 2048K, 3 young (6144K), 3 survivors (6144K)
 Metaspace       used 29683K, committed 30016K, reserved 1114112K
  class space    used 3377K, committed 3520K, reserved 1048576K
}
Event: 5.514 GC heap before
{Heap before GC invocations=12 (full 0):
 garbage-first heap   total 253952K, used 78690K [0x0000000704e00000, 0x0000000800000000)
  region size 2048K, 6 young (12288K), 3 survivors (6144K)
 Metaspace       used 29699K, committed 30016K, reserved 1114112K
  class space    used 3377K, committed 3520K, reserved 1048576K
}
Event: 5.518 GC heap after
{Heap after GC invocations=13 (full 0):
 garbage-first heap   total 253952K, used 63114K [0x0000000704e00000, 0x0000000800000000)
  region size 2048K, 1 young (2048K), 1 survivors (2048K)
 Metaspace       used 29699K, committed 30016K, reserved 1114112K
  class space    used 3377K, committed 3520K, reserved 1048576K
}
Event: 6.273 GC heap before
{Heap before GC invocations=13 (full 0):
 garbage-first heap   total 253952K, used 151178K [0x0000000704e00000, 0x0000000800000000)
  region size 2048K, 44 young (90112K), 1 survivors (2048K)
 Metaspace       used 31510K, committed 31872K, reserved 1114112K
  class space    used 3571K, committed 3712K, reserved 1048576K
}
Event: 6.278 GC heap after
{Heap after GC invocations=14 (full 0):
 garbage-first heap   total 253952K, used 69654K [0x0000000704e00000, 0x0000000800000000)
  region size 2048K, 5 young (10240K), 5 survivors (10240K)
 Metaspace       used 31510K, committed 31872K, reserved 1114112K
  class space    used 3571K, committed 3712K, reserved 1048576K
}

Dll operation events (8 events):
Event: 0.004 Loaded shared library C:\Program Files\java\jdk-17.0.9+9\bin\java.dll
Event: 0.016 Loaded shared library C:\Program Files\java\jdk-17.0.9+9\bin\jsvml.dll
Event: 0.032 Loaded shared library C:\Program Files\java\jdk-17.0.9+9\bin\net.dll
Event: 0.033 Loaded shared library C:\Program Files\java\jdk-17.0.9+9\bin\nio.dll
Event: 0.034 Loaded shared library C:\Program Files\java\jdk-17.0.9+9\bin\zip.dll
Event: 0.087 Loaded shared library C:\Program Files\java\jdk-17.0.9+9\bin\jimage.dll
Event: 0.100 Loaded shared library C:\Program Files\NetBeans-20\netbeans\java\maven\lib\jansi-native\Windows\x86_64\jansi.dll
Event: 0.107 Loaded shared library C:\Program Files\java\jdk-17.0.9+9\bin\verify.dll

Deoptimization events (20 events):
Event: 7.387 Thread 0x000001b093ae4790 Uncommon trap: trap_request=0xffffff45 fr.pc=0x000001b039bcf368 relative=0x0000000000000068
Event: 7.387 Thread 0x000001b093ae4790 Uncommon trap: reason=unstable_if action=reinterpret pc=0x000001b039bcf368 method=java.util.regex.Pattern.inRange(III)Z @ 7 c2
Event: 7.387 Thread 0x000001b093ae4790 DEOPT PACKING pc=0x000001b039bcf368 sp=0x0000009e675fdba0
Event: 7.387 Thread 0x000001b093ae4790 DEOPT UNPACKING pc=0x000001b0392369a3 sp=0x0000009e675fda48 mode 2
Event: 7.387 Thread 0x000001b093ae4790 Uncommon trap: trap_request=0xffffffde fr.pc=0x000001b039c22c5c relative=0x00000000000001bc
Event: 7.387 Thread 0x000001b093ae4790 Uncommon trap: reason=class_check action=maybe_recompile pc=0x000001b039c22c5c method=java.util.regex.Pattern$BmpCharPredicate.lambda$union$2(Ljava/util/regex/Pattern$CharPredicate;I)Z @ 12 c2
Event: 7.387 Thread 0x000001b093ae4790 DEOPT PACKING pc=0x000001b039c22c5c sp=0x0000009e675fdbd0
Event: 7.387 Thread 0x000001b093ae4790 DEOPT UNPACKING pc=0x000001b0392369a3 sp=0x0000009e675fdae8 mode 2
Event: 7.387 Thread 0x000001b093ae4790 Uncommon trap: trap_request=0xffffffde fr.pc=0x000001b039c22c5c relative=0x00000000000001bc
Event: 7.387 Thread 0x000001b093ae4790 Uncommon trap: reason=class_check action=maybe_recompile pc=0x000001b039c22c5c method=java.util.regex.Pattern$BmpCharPredicate.lambda$union$2(Ljava/util/regex/Pattern$CharPredicate;I)Z @ 12 c2
Event: 7.387 Thread 0x000001b093ae4790 DEOPT PACKING pc=0x000001b039c22c5c sp=0x0000009e675fdc90
Event: 7.387 Thread 0x000001b093ae4790 DEOPT UNPACKING pc=0x000001b0392369a3 sp=0x0000009e675fdba8 mode 2
Event: 7.609 Thread 0x000001b093ae56c0 Uncommon trap: trap_request=0xffffffde fr.pc=0x000001b039aba424 relative=0x0000000000000184
Event: 7.609 Thread 0x000001b093ae56c0 Uncommon trap: reason=class_check action=maybe_recompile pc=0x000001b039aba424 method=java.util.concurrent.locks.AbstractQueuedSynchronizer.acquireShared(I)V @ 2 c2
Event: 7.609 Thread 0x000001b093ae56c0 DEOPT PACKING pc=0x000001b039aba424 sp=0x0000009e678ff100
Event: 7.609 Thread 0x000001b093ae56c0 DEOPT UNPACKING pc=0x000001b0392369a3 sp=0x0000009e678ff0d8 mode 2
Event: 7.721 Thread 0x000001b093ae56c0 Uncommon trap: trap_request=0xffffffde fr.pc=0x000001b039aba424 relative=0x0000000000000184
Event: 7.721 Thread 0x000001b093ae56c0 Uncommon trap: reason=class_check action=maybe_recompile pc=0x000001b039aba424 method=java.util.concurrent.locks.AbstractQueuedSynchronizer.acquireShared(I)V @ 2 c2
Event: 7.721 Thread 0x000001b093ae56c0 DEOPT PACKING pc=0x000001b039aba424 sp=0x0000009e678ff100
Event: 7.721 Thread 0x000001b093ae56c0 DEOPT UNPACKING pc=0x000001b0392369a3 sp=0x0000009e678ff0d8 mode 2

Classes unloaded (0 events):
No events

Classes redefined (0 events):
No events

Internal exceptions (20 events):
Event: 6.075 Thread 0x000001b02804dfc0 Exception <a 'sun/nio/fs/WindowsException'{0x00000007104ad070}> (0x00000007104ad070) 
thrown [s\src\hotspot\share\prims\jni.cpp, line 516]
Event: 6.078 Thread 0x000001b02804dfc0 Exception <a 'sun/nio/fs/WindowsException'{0x00000007104c78b0}> (0x00000007104c78b0) 
thrown [s\src\hotspot\share\prims\jni.cpp, line 516]
Event: 6.081 Thread 0x000001b02804dfc0 Exception <a 'sun/nio/fs/WindowsException'{0x00000007104e5400}> (0x00000007104e5400) 
thrown [s\src\hotspot\share\prims\jni.cpp, line 516]
Event: 6.081 Thread 0x000001b02804dfc0 Exception <a 'sun/nio/fs/WindowsException'{0x00000007104e5bc8}> (0x00000007104e5bc8) 
thrown [s\src\hotspot\share\prims\jni.cpp, line 516]
Event: 6.081 Thread 0x000001b02804dfc0 Exception <a 'sun/nio/fs/WindowsException'{0x00000007104e6188}> (0x00000007104e6188) 
thrown [s\src\hotspot\share\prims\jni.cpp, line 516]
Event: 6.081 Thread 0x000001b02804dfc0 Exception <a 'sun/nio/fs/WindowsException'{0x00000007104e6910}> (0x00000007104e6910) 
thrown [s\src\hotspot\share\prims\jni.cpp, line 516]
Event: 6.081 Thread 0x000001b02804dfc0 Exception <a 'sun/nio/fs/WindowsException'{0x00000007104e6cd0}> (0x00000007104e6cd0) 
thrown [s\src\hotspot\share\prims\jni.cpp, line 516]
Event: 6.081 Thread 0x000001b02804dfc0 Exception <a 'sun/nio/fs/WindowsException'{0x00000007104e79c8}> (0x00000007104e79c8) 
thrown [s\src\hotspot\share\prims\jni.cpp, line 516]
Event: 6.081 Thread 0x000001b02804dfc0 Exception <a 'sun/nio/fs/WindowsException'{0x00000007104e7d68}> (0x00000007104e7d68) 
thrown [s\src\hotspot\share\prims\jni.cpp, line 516]
Event: 6.081 Thread 0x000001b02804dfc0 Exception <a 'sun/nio/fs/WindowsException'{0x00000007104e8a58}> (0x00000007104e8a58) 
thrown [s\src\hotspot\share\prims\jni.cpp, line 516]
Event: 6.081 Thread 0x000001b02804dfc0 Exception <a 'sun/nio/fs/WindowsException'{0x00000007104e8de0}> (0x00000007104e8de0) 
thrown [s\src\hotspot\share\prims\jni.cpp, line 516]
Event: 6.082 Thread 0x000001b02804dfc0 Exception <a 'sun/nio/fs/WindowsException'{0x00000007104e9ac0}> (0x00000007104e9ac0) 
thrown [s\src\hotspot\share\prims\jni.cpp, line 516]
Event: 6.082 Thread 0x000001b02804dfc0 Exception <a 'sun/nio/fs/WindowsException'{0x00000007104e9e30}> (0x00000007104e9e30) 
thrown [s\src\hotspot\share\prims\jni.cpp, line 516]
Event: 6.082 Thread 0x000001b02804dfc0 Exception <a 'sun/nio/fs/WindowsException'{0x00000007104eab08}> (0x00000007104eab08) 
thrown [s\src\hotspot\share\prims\jni.cpp, line 516]
Event: 6.319 Thread 0x000001b093ae60e0 Exception <a 'java/lang/NoSuchMethodError'{0x00000007ff93f980}: 'java.lang.Object java.lang.invoke.DirectMethodHandle$Holder.invokeStaticInit(java.lang.Object, java.lang.Object, long, java.lang.Object)'> (0x00000007ff93f980) 
thrown [s\src\hotspot\share\interpreter\linkResolver.cpp, line 759]
Event: 6.320 Thread 0x000001b093ae60e0 Exception <a 'java/lang/NoSuchMethodError'{0x00000007ff9460c0}: 'java.lang.Object java.lang.invoke.DirectMethodHandle$Holder.newInvokeSpecial(java.lang.Object, java.lang.Object, long)'> (0x00000007ff9460c0) 
thrown [s\src\hotspot\share\interpreter\linkResolver.cpp, line 759]
Event: 6.320 Thread 0x000001b093ae60e0 Exception <a 'java/lang/NoSuchMethodError'{0x00000007ff949c30}: 'java.lang.Object java.lang.invoke.Invokers$Holder.linkToTargetMethod(java.lang.Object, long, java.lang.Object)'> (0x00000007ff949c30) 
thrown [s\src\hotspot\share\interpreter\linkResolver.cpp, line 759]
Event: 6.395 Thread 0x000001b02804dfc0 Exception <a 'java/lang/NoSuchMethodError'{0x0000000713beede8}: 'java.lang.Object java.lang.invoke.DirectMethodHandle$Holder.invokeStaticInit(java.lang.Object, java.lang.Object, int, int, int, int)'> (0x0000000713beede8) 
thrown [s\src\hotspot\share\interpreter\linkResolver.cpp, line 759]
Event: 6.504 Thread 0x000001b02804dfc0 Exception <a 'java/lang/NoSuchMethodError'{0x00000007131aecc0}: 'void java.lang.invoke.DirectMethodHandle$Holder.invokeStatic(java.lang.Object, long)'> (0x00000007131aecc0) 
thrown [s\src\hotspot\share\interpreter\linkResolver.cpp, line 759]
Event: 6.505 Thread 0x000001b02804dfc0 Exception <a 'java/lang/NoSuchMethodError'{0x00000007131b4310}: 'java.lang.Object java.lang.invoke.DirectMethodHandle$Holder.newInvokeSpecial(java.lang.Object, long)'> (0x00000007131b4310) 
thrown [s\src\hotspot\share\interpreter\linkResolver.cpp, line 759]

VM Operations (20 events):
Event: 6.308 Executing VM operation: HandshakeAllThreads
Event: 6.308 Executing VM operation: HandshakeAllThreads done
Event: 6.311 Executing VM operation: HandshakeAllThreads
Event: 6.311 Executing VM operation: HandshakeAllThreads done
Event: 6.324 Executing VM operation: HandshakeAllThreads
Event: 6.324 Executing VM operation: HandshakeAllThreads done
Event: 6.361 Executing VM operation: HandshakeAllThreads
Event: 6.362 Executing VM operation: HandshakeAllThreads done
Event: 6.448 Executing VM operation: HandshakeAllThreads
Event: 6.448 Executing VM operation: HandshakeAllThreads done
Event: 6.506 Executing VM operation: HandshakeAllThreads
Event: 6.506 Executing VM operation: HandshakeAllThreads done
Event: 6.509 Executing VM operation: HandshakeAllThreads
Event: 6.509 Executing VM operation: HandshakeAllThreads done
Event: 7.515 Executing VM operation: Cleanup
Event: 7.515 Executing VM operation: Cleanup done
Event: 10.535 Executing VM operation: Cleanup
Event: 10.535 Executing VM operation: Cleanup done
Event: 11.548 Executing VM operation: Cleanup
Event: 11.548 Executing VM operation: Cleanup done

Events (20 events):
Event: 6.505 loading class java/lang/Process$PipeInputStream done
Event: 6.506 loading class jdk/internal/event/ProcessStartEvent
Event: 6.506 loading class jdk/internal/event/ProcessStartEvent done
Event: 6.507 loading class java/nio/channels/ClosedChannelException
Event: 6.507 loading class java/nio/channels/ClosedChannelException done
Event: 6.509 loading class java/nio/channels/NonReadableChannelException
Event: 6.509 loading class java/nio/channels/NonReadableChannelException done
Event: 6.511 loading class java/nio/channels/NonWritableChannelException
Event: 6.511 loading class java/nio/channels/NonWritableChannelException done
Event: 6.524 Thread 0x000001b093ae4ca0 Thread added: 0x000001b093ae4ca0
Event: 6.524 loading class java/util/Scanner
Event: 6.524 Thread 0x000001b093ae6b00 Thread added: 0x000001b093ae6b00
Event: 6.525 loading class java/util/Scanner done
Event: 6.527 loading class java/util/Scanner$PatternLRUCache
Event: 6.527 loading class java/util/Scanner$PatternLRUCache done
Event: 6.530 Thread 0x000001b093ae56c0 Thread added: 0x000001b093ae56c0
Event: 6.760 Thread 0x000001b094d37a50 Thread exited: 0x000001b094d37a50
Event: 7.198 Thread 0x000001b094d394e0 Thread exited: 0x000001b094d394e0
Event: 13.483 loading class java/util/concurrent/atomic/Striped64$1
Event: 13.483 loading class java/util/concurrent/atomic/Striped64$1 done


Dynamic libraries:
0x00007ff6b20b0000 - 0x00007ff6b20be000 	C:\Program Files\java\jdk-17.0.9+9\bin\java.exe
0x00007ffcd5f10000 - 0x00007ffcd6126000 	C:\Windows\SYSTEM32\ntdll.dll
0x00007ffcd4470000 - 0x00007ffcd4534000 	C:\Windows\System32\KERNEL32.DLL
0x00007ffcd3740000 - 0x00007ffcd3ae7000 	C:\Windows\System32\KERNELBASE.dll
0x00007ffcd3af0000 - 0x00007ffcd3c01000 	C:\Windows\System32\ucrtbase.dll
0x00007ffccf420000 - 0x00007ffccf43b000 	C:\Program Files\java\jdk-17.0.9+9\bin\VCRUNTIME140.dll
0x00007ffcbfe10000 - 0x00007ffcbfe27000 	C:\Program Files\java\jdk-17.0.9+9\bin\jli.dll
0x00007ffcd3e00000 - 0x00007ffcd3fae000 	C:\Windows\System32\USER32.dll
0x00007ffcd3c10000 - 0x00007ffcd3c36000 	C:\Windows\System32\win32u.dll
0x00007ffcd3d90000 - 0x00007ffcd3db9000 	C:\Windows\System32\GDI32.dll
0x00007ffcd3620000 - 0x00007ffcd3739000 	C:\Windows\System32\gdi32full.dll
0x00007ffcd33d0000 - 0x00007ffcd346a000 	C:\Windows\System32\msvcp_win.dll
0x00007ffca32c0000 - 0x00007ffca3553000 	C:\Windows\WinSxS\amd64_microsoft.windows.common-controls_6595b64144ccf1df_6.0.22621.3235_none_270f74e173860f98\COMCTL32.dll
0x00007ffcd3c40000 - 0x00007ffcd3ce7000 	C:\Windows\System32\msvcrt.dll
0x00007ffcd3dc0000 - 0x00007ffcd3df1000 	C:\Windows\System32\IMM32.DLL
0x00007ffccf410000 - 0x00007ffccf41c000 	C:\Program Files\java\jdk-17.0.9+9\bin\vcruntime140_1.dll
0x00007ffc79c60000 - 0x00007ffc79ced000 	C:\Program Files\java\jdk-17.0.9+9\bin\msvcp140.dll
0x00007ffc19050000 - 0x00007ffc19cb1000 	C:\Program Files\java\jdk-17.0.9+9\bin\server\jvm.dll
0x00007ffcd5840000 - 0x00007ffcd58f2000 	C:\Windows\System32\ADVAPI32.dll
0x00007ffcd5e20000 - 0x00007ffcd5ec8000 	C:\Windows\System32\sechost.dll
0x00007ffcd3230000 - 0x00007ffcd3258000 	C:\Windows\System32\bcrypt.dll
0x00007ffcd4260000 - 0x00007ffcd4375000 	C:\Windows\System32\RPCRT4.dll
0x00007ffc8c0b0000 - 0x00007ffc8c0b9000 	C:\Windows\SYSTEM32\WSOCK32.dll
0x00007ffcd3cf0000 - 0x00007ffcd3d61000 	C:\Windows\System32\WS2_32.dll
0x00007ffcd3050000 - 0x00007ffcd309d000 	C:\Windows\SYSTEM32\POWRPROF.dll
0x00007ffcc7c30000 - 0x00007ffcc7c64000 	C:\Windows\SYSTEM32\WINMM.dll
0x00007ffcc3500000 - 0x00007ffcc350a000 	C:\Windows\SYSTEM32\VERSION.dll
0x00007ffcd2f30000 - 0x00007ffcd2f43000 	C:\Windows\SYSTEM32\UMPDC.dll
0x00007ffcd2230000 - 0x00007ffcd2248000 	C:\Windows\SYSTEM32\kernel.appcore.dll
0x00007ffcc9e60000 - 0x00007ffcc9e6a000 	C:\Program Files\java\jdk-17.0.9+9\bin\jimage.dll
0x00007ffcd0950000 - 0x00007ffcd0b83000 	C:\Windows\SYSTEM32\DBGHELP.DLL
0x00007ffcd5a90000 - 0x00007ffcd5e18000 	C:\Windows\System32\combase.dll
0x00007ffcd4380000 - 0x00007ffcd4457000 	C:\Windows\System32\OLEAUT32.dll
0x00007ffcc1640000 - 0x00007ffcc1672000 	C:\Windows\SYSTEM32\dbgcore.DLL
0x00007ffcd3470000 - 0x00007ffcd34e9000 	C:\Windows\System32\bcryptPrimitives.dll
0x00007ffccf3e0000 - 0x00007ffccf405000 	C:\Program Files\java\jdk-17.0.9+9\bin\java.dll
0x00007ffc87ad0000 - 0x00007ffc87ba7000 	C:\Program Files\java\jdk-17.0.9+9\bin\jsvml.dll
0x00007ffcd4e20000 - 0x00007ffcd567c000 	C:\Windows\System32\SHELL32.dll
0x00007ffcd0f30000 - 0x00007ffcd1829000 	C:\Windows\SYSTEM32\windows.storage.dll
0x00007ffcd1860000 - 0x00007ffcd199e000 	C:\Windows\SYSTEM32\wintypes.dll
0x00007ffcd5690000 - 0x00007ffcd5783000 	C:\Windows\System32\SHCORE.dll
0x00007ffcd5a10000 - 0x00007ffcd5a6e000 	C:\Windows\System32\shlwapi.dll
0x00007ffcd3160000 - 0x00007ffcd3181000 	C:\Windows\SYSTEM32\profapi.dll
0x00007ffc7a260000 - 0x00007ffc7a279000 	C:\Program Files\java\jdk-17.0.9+9\bin\net.dll
0x00007ffcca6e0000 - 0x00007ffcca816000 	C:\Windows\SYSTEM32\WINHTTP.dll
0x00007ffcd2690000 - 0x00007ffcd26f9000 	C:\Windows\system32\mswsock.dll
0x00007ffc79e60000 - 0x00007ffc79e76000 	C:\Program Files\java\jdk-17.0.9+9\bin\nio.dll
0x00007ffc79e40000 - 0x00007ffc79e58000 	C:\Program Files\java\jdk-17.0.9+9\bin\zip.dll
0x0000000069ac0000 - 0x0000000069ae4000 	C:\Program Files\NetBeans-20\netbeans\java\maven\lib\jansi-native\Windows\x86_64\jansi.dll
0x00007ffc79d90000 - 0x00007ffc79da0000 	C:\Program Files\java\jdk-17.0.9+9\bin\verify.dll
0x00007ffcd2250000 - 0x00007ffcd2284000 	C:\Windows\SYSTEM32\ntmarta.dll
0x00007ffcd2980000 - 0x00007ffcd299b000 	C:\Windows\SYSTEM32\CRYPTSP.dll
0x00007ffcd2190000 - 0x00007ffcd21c5000 	C:\Windows\system32\rsaenh.dll
0x00007ffcd2730000 - 0x00007ffcd2758000 	C:\Windows\SYSTEM32\USERENV.dll
0x00007ffcd2960000 - 0x00007ffcd296c000 	C:\Windows\SYSTEM32\CRYPTBASE.dll
0x00007ffcd1ab0000 - 0x00007ffcd1add000 	C:\Windows\SYSTEM32\IPHLPAPI.DLL
0x00007ffcd4460000 - 0x00007ffcd4469000 	C:\Windows\System32\NSI.dll
0x00007ffcca310000 - 0x00007ffcca329000 	C:\Windows\SYSTEM32\dhcpcsvc6.DLL
0x00007ffcca110000 - 0x00007ffcca12f000 	C:\Windows\SYSTEM32\dhcpcsvc.DLL
0x00007ffcd1ae0000 - 0x00007ffcd1bd9000 	C:\Windows\SYSTEM32\DNSAPI.dll

dbghelp: loaded successfully - version: 4.0.5 - missing functions: none
symbol engine: initialized successfully - sym options: 0x614 - pdb path: .;C:\Program Files\java\jdk-17.0.9+9\bin;C:\Windows\SYSTEM32;C:\Windows\WinSxS\amd64_microsoft.windows.common-controls_6595b64144ccf1df_6.0.22621.3235_none_270f74e173860f98;C:\Program Files\java\jdk-17.0.9+9\bin\server;C:\Program Files\NetBeans-20\netbeans\java\maven\lib\jansi-native\Windows\x86_64

VM Arguments:
jvm_args: -Dclassworlds.conf=C:\Program Files\NetBeans-20\netbeans\java\maven\bin\m2.conf -Dmaven.home=C:\Program Files\NetBeans-20\netbeans\java\maven -Dlibrary.jansi.path=C:\Program Files\NetBeans-20\netbeans\java\maven\lib\jansi-native -Dmaven.multiModuleProjectDirectory=C:\DiscoD\ProeyectoSpringBoot\scsfparent\businessdomain\calrenproduction 
java_command: org.codehaus.plexus.classworlds.launcher.Launcher -Dmaven.ext.class.path=C:\Program Files\NetBeans-20\netbeans\java\maven-nblib\netbeans-eventspy.jar -Dfile.encoding=UTF-8 --no-transfer-progress clean install
java_class_path (initial): C:\Program Files\NetBeans-20\netbeans\java\maven\boot\plexus-classworlds-2.7.0.jar
Launcher Type: SUN_STANDARD

[Global flags]
     intx CICompilerCount                          = 4                                         {product} {ergonomic}
     uint ConcGCThreads                            = 3                                         {product} {ergonomic}
     uint G1ConcRefinementThreads                  = 10                                        {product} {ergonomic}
   size_t G1HeapRegionSize                         = 2097152                                   {product} {ergonomic}
    uintx GCDrainStackTargetSize                   = 64                                        {product} {ergonomic}
   size_t InitialHeapSize                          = 264241152                                 {product} {ergonomic}
   size_t MarkStackSize                            = 4194304                                   {product} {ergonomic}
   size_t MaxHeapSize                              = 4213178368                                {product} {ergonomic}
   size_t MaxNewSize                               = 2527068160                                {product} {ergonomic}
   size_t MinHeapDeltaBytes                        = 2097152                                   {product} {ergonomic}
   size_t MinHeapSize                              = 8388608                                   {product} {ergonomic}
    uintx NonNMethodCodeHeapSize                   = 5839372                                {pd product} {ergonomic}
    uintx NonProfiledCodeHeapSize                  = 122909434                              {pd product} {ergonomic}
    uintx ProfiledCodeHeapSize                     = 122909434                              {pd product} {ergonomic}
    uintx ReservedCodeCacheSize                    = 251658240                              {pd product} {ergonomic}
     bool SegmentedCodeCache                       = true                                      {product} {ergonomic}
   size_t SoftMaxHeapSize                          = 4213178368                             {manageable} {ergonomic}
     bool UseCompressedClassPointers               = true                           {product lp64_product} {ergonomic}
     bool UseCompressedOops                        = true                           {product lp64_product} {ergonomic}
     bool UseG1GC                                  = true                                      {product} {ergonomic}
     bool UseLargePagesIndividualAllocation        = false                                  {pd product} {ergonomic}

Logging:
Log output configuration:
 #0: stdout all=warning uptime,level,tags
 #1: stderr all=off uptime,level,tags

Environment Variables:
JAVA_HOME=C:\Program Files\java\jdk-17.0.9+9
PATH=C:\DevSuiteHome_1\jdk\jre\bin\classic;C:\DevSuiteHome_1\jdk\jre\bin;C:\DevSuiteHome_1\jdk\jre\bin\client;C:\DevSuiteHome_1\jlib;C:\DevSuiteHome_1\bin;C:\DevSuiteHome_1\jre\1.4.2\bin\client;C:\DevSuiteHome_1\jre\1.4.2\bin;C:\Program Files (x86)\Common Files\Oracle\Java\javapath;C:\Windows\system32;C:\Windows;C:\Windows\System32\Wbem;C:\Windows\System32\WindowsPowerShell\v1.0\;C:\Windows\System32\OpenSSH\;C:\Program Files\dotnet\;C:\Program Files\java\jdk-11.0.0.1\bin;C:\Users\yessenia.gonzalez\AppData\Roaming\nvm;C:\ambiente\node;C:\Program Files\nodejs\;C:\Program Files\PuTTY\;C:\Program Files\Git\cmd;C:\Users\yessenia.gonzalez\AppData\Local\Microsoft\WindowsApps;C:\Program Files\java\jdk-11.0.0.1\bin;C:\Users\yessenia.gonzalez\apache-maven-3.9.6;C:\Program Files\JetBrains\IntelliJ IDEA 2023.3.3\bin;;C:\Users\yessenia.gonzalez\AppData\Local\Programs\Microsoft VS Code\bin;C:\Users\yessenia.gonzalez\AppData\Roaming\nvm;C:\ambiente\node;C:\Users\yessenia.gonzalez\AppData\Roaming\npm;C:\Program Files\nodejs;
USERNAME=yessenia.gonzalez
OS=Windows_NT
PROCESSOR_IDENTIFIER=Intel64 Family 6 Model 186 Stepping 3, GenuineIntel
TMP=C:\Users\YESSEN~1.GON\AppData\Local\Temp
TEMP=C:\Users\YESSEN~1.GON\AppData\Local\Temp



Periodic native trim disabled


---------------  S Y S T E M  ---------------

OS:
 Windows 11 , 64 bit Build 22621 (10.0.22621.3374)
OS uptime: 0 days 7:04 hours
Hyper-V role detected

CPU: total 12 (initial active 12) (6 cores per cpu, 2 threads per core) family 6 model 186 stepping 3 microcode 0x4114, cx8, cmov, fxsr, ht, mmx, 3dnowpref, sse, sse2, sse3, ssse3, sse4.1, sse4.2, popcnt, lzcnt, tsc, tscinvbit, avx, avx2, aes, erms, clmul, bmi1, bmi2, adx, sha, fma, vzeroupper, clflush, clflushopt, clwb, hv
Processor Information for processor 0
  Max Mhz: 1700, Current Mhz: 1700, Mhz Limit: 1700
Processor Information for processor 1
  Max Mhz: 1700, Current Mhz: 1700, Mhz Limit: 1700
Processor Information for processor 2
  Max Mhz: 1700, Current Mhz: 1700, Mhz Limit: 1700
Processor Information for processor 3
  Max Mhz: 1700, Current Mhz: 1700, Mhz Limit: 1700
Processor Information for processor 4
  Max Mhz: 1700, Current Mhz: 1200, Mhz Limit: 1190
Processor Information for processor 5
  Max Mhz: 1700, Current Mhz: 1200, Mhz Limit: 1190
Processor Information for processor 6
  Max Mhz: 1700, Current Mhz: 1200, Mhz Limit: 1190
Processor Information for processor 7
  Max Mhz: 1700, Current Mhz: 1200, Mhz Limit: 1190
Processor Information for processor 8
  Max Mhz: 1700, Current Mhz: 1200, Mhz Limit: 1190
Processor Information for processor 9
  Max Mhz: 1700, Current Mhz: 1200, Mhz Limit: 1190
Processor Information for processor 10
  Max Mhz: 1700, Current Mhz: 1200, Mhz Limit: 1190
Processor Information for processor 11
  Max Mhz: 1700, Current Mhz: 1200, Mhz Limit: 1190

Memory: 4k page, system-wide physical 16068M (2828M free)
TotalPageFile size 19012M (AvailPageFile size 5M)
current process WorkingSet (physical memory assigned to process): 330M, peak: 395M
current process commit charge ("private bytes"): 411M, peak: 476M

vm_info: OpenJDK 64-Bit Server VM (17.0.9+9) for windows-amd64 JRE (17.0.9+9), built on Oct 26 2023 14:01:42 by "admin" with MS VC++ 16.10 / 16.11 (VS2019)

END.
