#
# There is insufficient memory for the Java Runtime Environment to continue.
# Native memory allocation (malloc) failed to allocate 2000816 bytes for Chunk::new
# Possible reasons:
#   The system is out of physical RAM or swap space
#   The process is running with CompressedOops enabled, and the Java Heap may be blocking the growth of the native heap
# Possible solutions:
#   Reduce memory load on the system
#   Increase physical memory or swap space
#   Check if swap backing store is full
#   Decrease Java heap size (-Xmx/-Xms)
#   Decrease number of Java threads
#   Decrease Java thread stack sizes (-Xss)
#   Set larger code cache with -XX:ReservedCodeCacheSize=
#   JVM is running with Zero Based Compressed Oops mode in which the Java heap is
#     placed in the first 32GB address space. The Java Heap base address is the
#     maximum limit for the native heap growth. Please use -XX:HeapBaseMinAddress
#     to set the Java Heap base and to place the Java Heap above 32GB virtual address.
# This output file may be truncated or incomplete.
#
#  Out of Memory Error (arena.cpp:191), pid=10632, tid=22780
#
# JRE version: OpenJDK Runtime Environment Temurin-17.0.9+9 (17.0.9+9) (build 17.0.9+9)
# Java VM: OpenJDK 64-Bit Server VM Temurin-17.0.9+9 (17.0.9+9, mixed mode, sharing, tiered, compressed oops, compressed class ptrs, g1 gc, windows-amd64)
# No core dump will be written. Minidumps are not enabled by default on client versions of Windows
#

---------------  S U M M A R Y ------------

Command Line: org.apache.maven.surefire.booter.ForkedBooter C:\Users\yessenia.gonzalez\AppData\Local\Temp\surefire3697939546069722889 2024-05-08T15-07-31_381-jvmRun1 surefire-20240508150731531_1tmp surefire_0-20240508150731531_2tmp

Host: 13th Gen Intel(R) Core(TM) i7-1355U, 12 cores, 15G,  Windows 11 , 64 bit Build 22621 (10.0.22621.3374)
Time: Wed May  8 15:07:38 2024 Hora est. Pacífico, Sudamérica elapsed time: 6.911480 seconds (0d 0h 0m 6s)

---------------  T H R E A D  ---------------

Current thread (0x00000191f8d83240):  JavaThread "C2 CompilerThread1" daemon [_thread_in_native, id=22780, stack(0x0000004235400000,0x0000004235500000)]


Current CompileTask:
C2:   6911 6174       4       org.aspectj.apache.bcel.classfile.Attribute::readAttribute (568 bytes)

Stack: [0x0000004235400000,0x0000004235500000]
Native frames: (J=compiled Java code, j=interpreted, Vv=VM code, C=native code)
V  [jvm.dll+0x67cf49]
V  [jvm.dll+0x83478a]
V  [jvm.dll+0x83624e]
V  [jvm.dll+0x8368b3]
V  [jvm.dll+0x247f1f]
V  [jvm.dll+0xac43c]
V  [jvm.dll+0xaca8c]
V  [jvm.dll+0x367012]
V  [jvm.dll+0x3313ba]
V  [jvm.dll+0x33085a]
V  [jvm.dll+0x21a5b1]
V  [jvm.dll+0x2199d1]
V  [jvm.dll+0x1a57cd]
V  [jvm.dll+0x2297ae]
V  [jvm.dll+0x22797c]
V  [jvm.dll+0x7e9877]
V  [jvm.dll+0x7e3c3a]
V  [jvm.dll+0x67be35]
C  [ucrtbase.dll+0x29333]
C  [KERNEL32.DLL+0x1257d]
C  [ntdll.dll+0x5aa48]


---------------  P R O C E S S  ---------------

Threads class SMR info:
_java_thread_list=0x00000191c1533460, length=20, elements={
0x00000191d4ff4a40, 0x00000191f796f730, 0x00000191f79705b0, 0x00000191f798b240,
0x00000191f798db20, 0x00000191f798e4e0, 0x00000191f798eea0, 0x00000191f798fc40,
0x00000191f79906f0, 0x00000191f7993100, 0x00000191f8527240, 0x00000191f83b4b40,
0x00000191f8d83240, 0x00000191f8bfe520, 0x00000191f8cd55a0, 0x00000191fd448fd0,
0x00000191fdefa7d0, 0x00000191fe78fe10, 0x00000191fe790d40, 0x00000191fe78f3f0
}

Java Threads: ( => current thread )
  0x00000191d4ff4a40 JavaThread "main" [_thread_in_vm, id=24796, stack(0x0000004234100000,0x0000004234200000)]
  0x00000191f796f730 JavaThread "Reference Handler" daemon [_thread_blocked, id=21888, stack(0x0000004234800000,0x0000004234900000)]
  0x00000191f79705b0 JavaThread "Finalizer" daemon [_thread_blocked, id=23996, stack(0x0000004234900000,0x0000004234a00000)]
  0x00000191f798b240 JavaThread "Signal Dispatcher" daemon [_thread_blocked, id=9476, stack(0x0000004234a00000,0x0000004234b00000)]
  0x00000191f798db20 JavaThread "Attach Listener" daemon [_thread_blocked, id=20104, stack(0x0000004234b00000,0x0000004234c00000)]
  0x00000191f798e4e0 JavaThread "Service Thread" daemon [_thread_blocked, id=22200, stack(0x0000004234c00000,0x0000004234d00000)]
  0x00000191f798eea0 JavaThread "Monitor Deflation Thread" daemon [_thread_blocked, id=22676, stack(0x0000004234d00000,0x0000004234e00000)]
  0x00000191f798fc40 JavaThread "C2 CompilerThread0" daemon [_thread_in_native, id=12812, stack(0x0000004234e00000,0x0000004234f00000)]
  0x00000191f79906f0 JavaThread "C1 CompilerThread0" daemon [_thread_blocked, id=1984, stack(0x0000004234f00000,0x0000004235000000)]
  0x00000191f7993100 JavaThread "Sweeper thread" daemon [_thread_blocked, id=23844, stack(0x0000004235000000,0x0000004235100000)]
  0x00000191f8527240 JavaThread "Notification Thread" daemon [_thread_blocked, id=5512, stack(0x0000004235100000,0x0000004235200000)]
  0x00000191f83b4b40 JavaThread "Common-Cleaner" daemon [_thread_blocked, id=13544, stack(0x0000004235300000,0x0000004235400000)]
=>0x00000191f8d83240 JavaThread "C2 CompilerThread1" daemon [_thread_in_native, id=22780, stack(0x0000004235400000,0x0000004235500000)]
  0x00000191f8bfe520 JavaThread "surefire-forkedjvm-stream-flusher" daemon [_thread_blocked, id=9464, stack(0x0000004235500000,0x0000004235600000)]
  0x00000191f8cd55a0 JavaThread "surefire-forkedjvm-command-thread" daemon [_thread_in_native, id=10696, stack(0x0000004235600000,0x0000004235700000)]
  0x00000191fd448fd0 JavaThread "C2 CompilerThread2" daemon [_thread_in_native, id=15124, stack(0x0000004235d00000,0x0000004235e00000)]
  0x00000191fdefa7d0 JavaThread "Keep-Alive-Timer" daemon [_thread_blocked, id=3932, stack(0x0000004236200000,0x0000004236300000)]
  0x00000191fe78fe10 JavaThread "PostgreSQL-JDBC-Cleaner" daemon [_thread_blocked, id=23368, stack(0x0000004236500000,0x0000004236600000)]
  0x00000191fe790d40 JavaThread "HikariPool-1 housekeeper" daemon [_thread_blocked, id=21872, stack(0x0000004236600000,0x0000004236700000)]
  0x00000191fe78f3f0 JavaThread "HikariPool-1 connection adder" daemon [_thread_blocked, id=16564, stack(0x0000004236700000,0x0000004236800000)]

Other Threads:
  0x00000191f7969060 VMThread "VM Thread" [stack: 0x0000004234700000,0x0000004234800000] [id=16652]
  0x00000191f8529b40 WatcherThread [stack: 0x0000004235200000,0x0000004235300000] [id=7604]
  0x00000191d50610e0 GCTaskThread "GC Thread#0" [stack: 0x0000004234200000,0x0000004234300000] [id=25056]
  0x00000191fd2f2350 GCTaskThread "GC Thread#1" [stack: 0x0000004235700000,0x0000004235800000] [id=21876]
  0x00000191fd714440 GCTaskThread "GC Thread#2" [stack: 0x0000004235800000,0x0000004235900000] [id=7908]
  0x00000191fd0d1cb0 GCTaskThread "GC Thread#3" [stack: 0x0000004235900000,0x0000004235a00000] [id=10492]
  0x00000191fd0d1f70 GCTaskThread "GC Thread#4" [stack: 0x0000004235a00000,0x0000004235b00000] [id=12948]
  0x00000191fd0d2640 GCTaskThread "GC Thread#5" [stack: 0x0000004235b00000,0x0000004235c00000] [id=20380]
  0x00000191fd384f30 GCTaskThread "GC Thread#6" [stack: 0x0000004235c00000,0x0000004235d00000] [id=11472]
  0x00000191fdbba360 GCTaskThread "GC Thread#7" [stack: 0x0000004235e00000,0x0000004235f00000] [id=12252]
  0x00000191fea22020 GCTaskThread "GC Thread#8" [stack: 0x0000004235f00000,0x0000004236000000] [id=3336]
  0x00000191c15d8c80 GCTaskThread "GC Thread#9" [stack: 0x0000004236000000,0x0000004236100000] [id=2360]
  0x00000191d5071b40 ConcurrentGCThread "G1 Main Marker" [stack: 0x0000004234300000,0x0000004234400000] [id=25320]
  0x00000191d5072560 ConcurrentGCThread "G1 Conc#0" [stack: 0x0000004234400000,0x0000004234500000] [id=6984]
  0x00000191fe244bb0 ConcurrentGCThread "G1 Conc#1" [stack: 0x0000004236300000,0x0000004236400000] [id=25196]
  0x00000191fe9d2e50 ConcurrentGCThread "G1 Conc#2" [stack: 0x0000004236400000,0x0000004236500000] [id=13972]
  0x00000191d507e6d0 ConcurrentGCThread "G1 Refine#0" [stack: 0x0000004234500000,0x0000004234600000] [id=12848]
  0x00000191fde2a960 ConcurrentGCThread "G1 Refine#1" [stack: 0x0000004236800000,0x0000004236900000] [id=19848]
  0x00000191f78a8d10 ConcurrentGCThread "G1 Service" [stack: 0x0000004234600000,0x0000004234700000] [id=7536]

Threads with active compile tasks:
C2 CompilerThread0     6931 6140   !   4       org.springframework.util.ClassUtils::getMostSpecificMethod (83 bytes)
C2 CompilerThread1     6931 6174       4       org.aspectj.apache.bcel.classfile.Attribute::readAttribute (568 bytes)
C2 CompilerThread2     6931 6173       4       org.springframework.transaction.interceptor.TransactionAttributeSourcePointcut::matches (27 bytes)

VM state: not at safepoint (normal execution)

VM Mutex/Monitor currently owned by a thread: None

Heap address: 0x0000000704e00000, size: 4018 MB, Compressed Oops mode: Zero based, Oop shift amount: 3

CDS archive(s) mapped at: [0x0000019180000000-0x0000019180ba0000-0x0000019180ba0000), size 12189696, SharedBaseAddress: 0x0000019180000000, ArchiveRelocationMode: 1.
Compressed class space mapped at: 0x0000019181000000-0x00000191c1000000, reserved size: 1073741824
Narrow klass base: 0x0000019180000000, Narrow klass shift: 0, Narrow klass range: 0x100000000

GC Precious Log:
 CPUs: 12 total, 12 available
 Memory: 16068M
 Large Page Support: Disabled
 NUMA Support: Disabled
 Compressed Oops: Enabled (Zero based)
 Heap Region Size: 2M
 Heap Min Capacity: 8M
 Heap Initial Capacity: 252M
 Heap Max Capacity: 4018M
 Pre-touch: Disabled
 Parallel Workers: 10
 Concurrent Workers: 3
 Concurrent Refinement Workers: 10
 Periodic GC: Disabled

Heap:
 garbage-first heap   total 116736K, used 62310K [0x0000000704e00000, 0x0000000800000000)
  region size 2048K, 18 young (36864K), 4 survivors (8192K)
 Metaspace       used 67372K, committed 67904K, reserved 1114112K
  class space    used 9289K, committed 9536K, reserved 1048576K

Heap Regions: E=young(eden), S=young(survivor), O=old, HS=humongous(starts), HC=humongous(continues), CS=collection set, F=free, OA=open archive, CA=closed archive, TAMS=top-at-mark-start (previous, next)
|   0|0x0000000704e00000, 0x0000000705000000, 0x0000000705000000|100%| O|  |TAMS 0x0000000705000000, 0x0000000704e00000| Untracked 
|   1|0x0000000705000000, 0x0000000705200000, 0x0000000705200000|100%| O|  |TAMS 0x0000000705200000, 0x0000000705000000| Untracked 
|   2|0x0000000705200000, 0x0000000705400000, 0x0000000705400000|100%| O|  |TAMS 0x0000000705400000, 0x0000000705200000| Untracked 
|   3|0x0000000705400000, 0x0000000705600000, 0x0000000705600000|100%| O|  |TAMS 0x0000000705600000, 0x0000000705400000| Untracked 
|   4|0x0000000705600000, 0x0000000705800000, 0x0000000705800000|100%| O|  |TAMS 0x0000000705800000, 0x0000000705600000| Untracked 
|   5|0x0000000705800000, 0x0000000705a00000, 0x0000000705a00000|100%| O|  |TAMS 0x0000000705a00000, 0x0000000705800000| Untracked 
|   6|0x0000000705a00000, 0x0000000705c00000, 0x0000000705c00000|100%| O|  |TAMS 0x0000000705c00000, 0x0000000705a00000| Untracked 
|   7|0x0000000705c00000, 0x0000000705e00000, 0x0000000705e00000|100%| O|  |TAMS 0x0000000705e00000, 0x0000000705c00000| Untracked 
|   8|0x0000000705e00000, 0x0000000706000000, 0x0000000706000000|100%| O|  |TAMS 0x0000000706000000, 0x0000000705e00000| Untracked 
|   9|0x0000000706000000, 0x0000000706200000, 0x0000000706200000|100%| O|  |TAMS 0x0000000706200000, 0x0000000706000000| Untracked 
|  10|0x0000000706200000, 0x0000000706400000, 0x0000000706400000|100%| O|  |TAMS 0x0000000706400000, 0x0000000706200000| Untracked 
|  11|0x0000000706400000, 0x0000000706600000, 0x0000000706600000|100%| O|  |TAMS 0x000000070645f600, 0x0000000706400000| Untracked 
|  12|0x0000000706600000, 0x00000007066eec00, 0x0000000706800000| 46%| O|  |TAMS 0x0000000706600000, 0x0000000706600000| Untracked 
|  13|0x0000000706800000, 0x00000007069eac00, 0x0000000706a00000| 95%| O|  |TAMS 0x0000000706800000, 0x0000000706800000| Untracked 
|  14|0x0000000706a00000, 0x0000000706a00000, 0x0000000706c00000|  0%| F|  |TAMS 0x0000000706a00000, 0x0000000706a00000| Untracked 
|  15|0x0000000706c00000, 0x0000000706c00000, 0x0000000706e00000|  0%| F|  |TAMS 0x0000000706c00000, 0x0000000706c00000| Untracked 
|  16|0x0000000706e00000, 0x0000000706e00000, 0x0000000707000000|  0%| F|  |TAMS 0x0000000706e00000, 0x0000000706e00000| Untracked 
|  17|0x0000000707000000, 0x0000000707000000, 0x0000000707200000|  0%| F|  |TAMS 0x0000000707000000, 0x0000000707000000| Untracked 
|  18|0x0000000707200000, 0x0000000707200000, 0x0000000707400000|  0%| F|  |TAMS 0x0000000707200000, 0x0000000707200000| Untracked 
|  19|0x0000000707400000, 0x0000000707600000, 0x0000000707600000|100%| S|CS|TAMS 0x0000000707400000, 0x0000000707400000| Complete 
|  20|0x0000000707600000, 0x0000000707800000, 0x0000000707800000|100%| S|CS|TAMS 0x0000000707600000, 0x0000000707600000| Complete 
|  21|0x0000000707800000, 0x0000000707a00000, 0x0000000707a00000|100%| S|CS|TAMS 0x0000000707800000, 0x0000000707800000| Complete 
|  22|0x0000000707a00000, 0x0000000707c00000, 0x0000000707c00000|100%| S|CS|TAMS 0x0000000707a00000, 0x0000000707a00000| Complete 
|  23|0x0000000707c00000, 0x0000000707c00000, 0x0000000707e00000|  0%| F|  |TAMS 0x0000000707c00000, 0x0000000707c00000| Untracked 
|  24|0x0000000707e00000, 0x0000000707e00000, 0x0000000708000000|  0%| F|  |TAMS 0x0000000707e00000, 0x0000000707e00000| Untracked 
|  25|0x0000000708000000, 0x0000000708000000, 0x0000000708200000|  0%| F|  |TAMS 0x0000000708000000, 0x0000000708000000| Untracked 
|  26|0x0000000708200000, 0x0000000708200000, 0x0000000708400000|  0%| F|  |TAMS 0x0000000708200000, 0x0000000708200000| Untracked 
|  27|0x0000000708400000, 0x0000000708400000, 0x0000000708600000|  0%| F|  |TAMS 0x0000000708400000, 0x0000000708400000| Untracked 
|  28|0x0000000708600000, 0x0000000708600000, 0x0000000708800000|  0%| F|  |TAMS 0x0000000708600000, 0x0000000708600000| Untracked 
|  29|0x0000000708800000, 0x0000000708800000, 0x0000000708a00000|  0%| F|  |TAMS 0x0000000708800000, 0x0000000708800000| Untracked 
|  30|0x0000000708a00000, 0x0000000708a00000, 0x0000000708c00000|  0%| F|  |TAMS 0x0000000708a00000, 0x0000000708a00000| Untracked 
|  31|0x0000000708c00000, 0x0000000708c00000, 0x0000000708e00000|  0%| F|  |TAMS 0x0000000708c00000, 0x0000000708c00000| Untracked 
|  32|0x0000000708e00000, 0x0000000708e00000, 0x0000000709000000|  0%| F|  |TAMS 0x0000000708e00000, 0x0000000708e00000| Untracked 
|  33|0x0000000709000000, 0x0000000709000000, 0x0000000709200000|  0%| F|  |TAMS 0x0000000709000000, 0x0000000709000000| Untracked 
|  34|0x0000000709200000, 0x0000000709200000, 0x0000000709400000|  0%| F|  |TAMS 0x0000000709200000, 0x0000000709200000| Untracked 
|  35|0x0000000709400000, 0x0000000709400000, 0x0000000709600000|  0%| F|  |TAMS 0x0000000709400000, 0x0000000709400000| Untracked 
|  36|0x0000000709600000, 0x0000000709600000, 0x0000000709800000|  0%| F|  |TAMS 0x0000000709600000, 0x0000000709600000| Untracked 
|  37|0x0000000709800000, 0x0000000709800000, 0x0000000709a00000|  0%| F|  |TAMS 0x0000000709800000, 0x0000000709800000| Untracked 
|  38|0x0000000709a00000, 0x0000000709a00000, 0x0000000709c00000|  0%| F|  |TAMS 0x0000000709a00000, 0x0000000709a00000| Untracked 
|  39|0x0000000709c00000, 0x0000000709c00000, 0x0000000709e00000|  0%| F|  |TAMS 0x0000000709c00000, 0x0000000709c00000| Untracked 
|  40|0x0000000709e00000, 0x0000000709e00000, 0x000000070a000000|  0%| F|  |TAMS 0x0000000709e00000, 0x0000000709e00000| Untracked 
|  41|0x000000070a000000, 0x000000070a000000, 0x000000070a200000|  0%| F|  |TAMS 0x000000070a000000, 0x000000070a000000| Untracked 
|  42|0x000000070a200000, 0x000000070a200000, 0x000000070a400000|  0%| F|  |TAMS 0x000000070a200000, 0x000000070a200000| Untracked 
|  43|0x000000070a400000, 0x000000070a500800, 0x000000070a600000| 50%| E|  |TAMS 0x000000070a400000, 0x000000070a400000| Complete 
|  44|0x000000070a600000, 0x000000070a800000, 0x000000070a800000|100%| E|CS|TAMS 0x000000070a600000, 0x000000070a600000| Complete 
|  45|0x000000070a800000, 0x000000070aa00000, 0x000000070aa00000|100%| E|CS|TAMS 0x000000070a800000, 0x000000070a800000| Complete 
|  46|0x000000070aa00000, 0x000000070ac00000, 0x000000070ac00000|100%| E|CS|TAMS 0x000000070aa00000, 0x000000070aa00000| Complete 
|  47|0x000000070ac00000, 0x000000070ae00000, 0x000000070ae00000|100%| E|CS|TAMS 0x000000070ac00000, 0x000000070ac00000| Complete 
|  48|0x000000070ae00000, 0x000000070b000000, 0x000000070b000000|100%| E|CS|TAMS 0x000000070ae00000, 0x000000070ae00000| Complete 
|  49|0x000000070b000000, 0x000000070b200000, 0x000000070b200000|100%| E|CS|TAMS 0x000000070b000000, 0x000000070b000000| Complete 
|  50|0x000000070b200000, 0x000000070b400000, 0x000000070b400000|100%| E|CS|TAMS 0x000000070b200000, 0x000000070b200000| Complete 
|  51|0x000000070b400000, 0x000000070b600000, 0x000000070b600000|100%| E|CS|TAMS 0x000000070b400000, 0x000000070b400000| Complete 
|  52|0x000000070b600000, 0x000000070b800000, 0x000000070b800000|100%| E|CS|TAMS 0x000000070b600000, 0x000000070b600000| Complete 
|  53|0x000000070b800000, 0x000000070ba00000, 0x000000070ba00000|100%| E|CS|TAMS 0x000000070b800000, 0x000000070b800000| Complete 
|  54|0x000000070ba00000, 0x000000070bc00000, 0x000000070bc00000|100%| E|CS|TAMS 0x000000070ba00000, 0x000000070ba00000| Complete 
|  55|0x000000070bc00000, 0x000000070be00000, 0x000000070be00000|100%| E|CS|TAMS 0x000000070bc00000, 0x000000070bc00000| Complete 
| 125|0x0000000714800000, 0x0000000714a00000, 0x0000000714a00000|100%| E|CS|TAMS 0x0000000714800000, 0x0000000714800000| Complete 

Card table byte_map: [0x00000191ec820000,0x00000191ed000000] _byte_map_base: 0x00000191e8ff9000

Marking Bits (Prev, Next): (CMBitMap*) 0x00000191d5061740, (CMBitMap*) 0x00000191d5061700
 Prev Bits: [0x00000191f16b0000, 0x00000191f5578000)
 Next Bits: [0x00000191ed7e0000, 0x00000191f16a8000)

Polling page: 0x00000191d2c70000

Metaspace:

Usage:
  Non-class:     56.73 MB used.
      Class:      9.07 MB used.
       Both:     65.80 MB used.

Virtual space:
  Non-class space:       64.00 MB reserved,      57.00 MB ( 89%) committed,  1 nodes.
      Class space:        1.00 GB reserved,       9.31 MB ( <1%) committed,  1 nodes.
             Both:        1.06 GB reserved,      66.31 MB (  6%) committed. 

Chunk freelists:
   Non-Class:  7.02 MB
       Class:  6.70 MB
        Both:  13.72 MB

MaxMetaspaceSize: unlimited
CompressedClassSpaceSize: 1.00 GB
Initial GC threshold: 21.00 MB
Current GC threshold: 98.25 MB
CDS: on
MetaspaceReclaimPolicy: balanced
 - commit_granule_bytes: 65536.
 - commit_granule_words: 8192.
 - virtual_space_node_default_size: 8388608.
 - enlarge_chunks_in_place: 1.
 - new_chunks_are_fully_committed: 0.
 - uncommit_free_chunks: 1.
 - use_allocation_guard: 0.
 - handle_deallocations: 1.


Internal statistics:

num_allocs_failed_limit: 9.
num_arena_births: 594.
num_arena_deaths: 0.
num_vsnodes_births: 2.
num_vsnodes_deaths: 0.
num_space_committed: 1061.
num_space_uncommitted: 0.
num_chunks_returned_to_freelist: 9.
num_chunks_taken_from_freelist: 3099.
num_chunk_merges: 9.
num_chunk_splits: 2264.
num_chunks_enlarged: 1800.
num_inconsistent_stats: 0.

CodeHeap 'non-profiled nmethods': size=120000Kb used=4859Kb max_used=4859Kb free=115140Kb
 bounds [0x00000191e45b0000, 0x00000191e4a70000, 0x00000191ebae0000]
CodeHeap 'profiled nmethods': size=120000Kb used=11535Kb max_used=11535Kb free=108464Kb
 bounds [0x00000191dcae0000, 0x00000191dd630000, 0x00000191e4010000]
CodeHeap 'non-nmethods': size=5760Kb used=1308Kb max_used=1410Kb free=4451Kb
 bounds [0x00000191e4010000, 0x00000191e4280000, 0x00000191e45b0000]
 total_blobs=6125 nmethods=5492 adapters=544
 compilation: enabled
              stopped_count=0, restarted_count=0
 full_count=0

Compilation events (20 events):
Event: 6.869 Thread 0x00000191f79906f0 6207       3       java.lang.invoke.LambdaFormEditor$TransformKey::of (51 bytes)
Event: 6.869 Thread 0x00000191f79906f0 nmethod 6207 0x00000191dd61c890 code [0x00000191dd61ca80, 0x00000191dd61d048]
Event: 6.878 Thread 0x00000191f79906f0 6208       3       org.springframework.core.BridgeMethodResolver::isBridgeMethodFor (35 bytes)
Event: 6.878 Thread 0x00000191f79906f0 nmethod 6208 0x00000191dd61d210 code [0x00000191dd61d3e0, 0x00000191dd61d668]
Event: 6.878 Thread 0x00000191f79906f0 6209       3       java.lang.Class::searchMethods (104 bytes)
Event: 6.879 Thread 0x00000191f79906f0 nmethod 6209 0x00000191dd61d790 code [0x00000191dd61da00, 0x00000191dd61e508]
Event: 6.879 Thread 0x00000191f79906f0 6210       1       org.springframework.data.repository.core.support.RepositoryFactoryBeanSupport::getObjectType (5 bytes)
Event: 6.880 Thread 0x00000191f79906f0 nmethod 6210 0x00000191e4a6dd90 code [0x00000191e4a6df20, 0x00000191e4a6dff8]
Event: 6.892 Thread 0x00000191f79906f0 6211       3       java.util.LinkedHashSet::<init> (27 bytes)
Event: 6.892 Thread 0x00000191f79906f0 nmethod 6211 0x00000191dd61e990 code [0x00000191dd61eb80, 0x00000191dd61ef28]
Event: 6.898 Thread 0x00000191f79906f0 6212       1       java.util.AbstractList$RandomAccessSpliterator::characteristics (4 bytes)
Event: 6.898 Thread 0x00000191f79906f0 nmethod 6212 0x00000191e4a6e090 code [0x00000191e4a6e220, 0x00000191e4a6e2f8]
Event: 6.899 Thread 0x00000191f79906f0 6213       3       org.springframework.expression.common.TemplateAwareExpressionParser::parseExpression (39 bytes)
Event: 6.899 Thread 0x00000191f79906f0 nmethod 6213 0x00000191dd61f090 code [0x00000191dd61f2e0, 0x00000191dd61fc28]
Event: 6.900 Thread 0x00000191f79906f0 6214       3       org.springframework.expression.common.TemplateAwareExpressionParser::parseTemplate (44 bytes)
Event: 6.900 Thread 0x00000191f79906f0 nmethod 6214 0x00000191dd61ff90 code [0x00000191dd620180, 0x00000191dd620698]
Event: 6.902 Thread 0x00000191f79906f0 6215       1       org.springframework.http.server.PathContainer$Options::separator (5 bytes)
Event: 6.902 Thread 0x00000191f79906f0 nmethod 6215 0x00000191e4a6e390 code [0x00000191e4a6e520, 0x00000191e4a6e5f8]
Event: 6.902 Thread 0x00000191f79906f0 6216       1       org.springframework.web.util.pattern.PathPatternParser::getPathOptions (5 bytes)
Event: 6.902 Thread 0x00000191f79906f0 nmethod 6216 0x00000191e4a6e690 code [0x00000191e4a6e820, 0x00000191e4a6e8f8]

GC Heap History (20 events):
Event: 2.230 GC heap before
{Heap before GC invocations=5 (full 0):
 garbage-first heap   total 69632K, used 49866K [0x0000000704e00000, 0x0000000800000000)
  region size 2048K, 20 young (40960K), 3 survivors (6144K)
 Metaspace       used 25920K, committed 26240K, reserved 1114112K
  class space    used 3297K, committed 3456K, reserved 1048576K
}
Event: 2.238 GC heap after
{Heap after GC invocations=6 (full 0):
 garbage-first heap   total 69632K, used 18862K [0x0000000704e00000, 0x0000000800000000)
  region size 2048K, 3 young (6144K), 3 survivors (6144K)
 Metaspace       used 25920K, committed 26240K, reserved 1114112K
  class space    used 3297K, committed 3456K, reserved 1048576K
}
Event: 2.258 GC heap before
{Heap before GC invocations=6 (full 0):
 garbage-first heap   total 69632K, used 20910K [0x0000000704e00000, 0x0000000800000000)
  region size 2048K, 4 young (8192K), 3 survivors (6144K)
 Metaspace       used 26003K, committed 26304K, reserved 1114112K
  class space    used 3309K, committed 3456K, reserved 1048576K
}
Event: 2.262 GC heap after
{Heap after GC invocations=7 (full 0):
 garbage-first heap   total 83968K, used 19644K [0x0000000704e00000, 0x0000000800000000)
  region size 2048K, 1 young (2048K), 1 survivors (2048K)
 Metaspace       used 26003K, committed 26304K, reserved 1114112K
  class space    used 3309K, committed 3456K, reserved 1048576K
}
Event: 2.633 GC heap before
{Heap before GC invocations=7 (full 0):
 garbage-first heap   total 83968K, used 54460K [0x0000000704e00000, 0x0000000800000000)
  region size 2048K, 18 young (36864K), 1 survivors (2048K)
 Metaspace       used 27871K, committed 28224K, reserved 1114112K
  class space    used 3539K, committed 3712K, reserved 1048576K
}
Event: 2.638 GC heap after
{Heap after GC invocations=8 (full 0):
 garbage-first heap   total 83968K, used 21191K [0x0000000704e00000, 0x0000000800000000)
  region size 2048K, 2 young (4096K), 2 survivors (4096K)
 Metaspace       used 27871K, committed 28224K, reserved 1114112K
  class space    used 3539K, committed 3712K, reserved 1048576K
}
Event: 3.149 GC heap before
{Heap before GC invocations=8 (full 0):
 garbage-first heap   total 83968K, used 56007K [0x0000000704e00000, 0x0000000800000000)
  region size 2048K, 19 young (38912K), 2 survivors (4096K)
 Metaspace       used 31556K, committed 31872K, reserved 1114112K
  class space    used 4071K, committed 4224K, reserved 1048576K
}
Event: 3.154 GC heap after
{Heap after GC invocations=9 (full 0):
 garbage-first heap   total 83968K, used 23281K [0x0000000704e00000, 0x0000000800000000)
  region size 2048K, 3 young (6144K), 3 survivors (6144K)
 Metaspace       used 31556K, committed 31872K, reserved 1114112K
  class space    used 4071K, committed 4224K, reserved 1048576K
}
Event: 3.750 GC heap before
{Heap before GC invocations=9 (full 0):
 garbage-first heap   total 83968K, used 58097K [0x0000000704e00000, 0x0000000800000000)
  region size 2048K, 20 young (40960K), 3 survivors (6144K)
 Metaspace       used 35577K, committed 35968K, reserved 1114112K
  class space    used 4746K, committed 4928K, reserved 1048576K
}
Event: 3.760 GC heap after
{Heap after GC invocations=10 (full 0):
 garbage-first heap   total 83968K, used 25942K [0x0000000704e00000, 0x0000000800000000)
  region size 2048K, 3 young (6144K), 3 survivors (6144K)
 Metaspace       used 35577K, committed 35968K, reserved 1114112K
  class space    used 4746K, committed 4928K, reserved 1048576K
}
Event: 3.764 GC heap before
{Heap before GC invocations=10 (full 0):
 garbage-first heap   total 83968K, used 25942K [0x0000000704e00000, 0x0000000800000000)
  region size 2048K, 4 young (8192K), 3 survivors (6144K)
 Metaspace       used 35644K, committed 35968K, reserved 1114112K
  class space    used 4751K, committed 4928K, reserved 1048576K
}
Event: 3.771 GC heap after
{Heap after GC invocations=11 (full 0):
 garbage-first heap   total 83968K, used 26230K [0x0000000704e00000, 0x0000000800000000)
  region size 2048K, 2 young (4096K), 2 survivors (4096K)
 Metaspace       used 35644K, committed 35968K, reserved 1114112K
  class space    used 4751K, committed 4928K, reserved 1048576K
}
Event: 4.322 GC heap before
{Heap before GC invocations=12 (full 0):
 garbage-first heap   total 83968K, used 58998K [0x0000000704e00000, 0x0000000800000000)
  region size 2048K, 19 young (38912K), 2 survivors (4096K)
 Metaspace       used 40407K, committed 40768K, reserved 1114112K
  class space    used 5354K, committed 5504K, reserved 1048576K
}
Event: 4.329 GC heap after
{Heap after GC invocations=13 (full 0):
 garbage-first heap   total 131072K, used 27923K [0x0000000704e00000, 0x0000000800000000)
  region size 2048K, 3 young (6144K), 3 survivors (6144K)
 Metaspace       used 40407K, committed 40768K, reserved 1114112K
  class space    used 5354K, committed 5504K, reserved 1048576K
}
Event: 5.375 GC heap before
{Heap before GC invocations=13 (full 0):
 garbage-first heap   total 131072K, used 99603K [0x0000000704e00000, 0x0000000800000000)
  region size 2048K, 38 young (77824K), 3 survivors (6144K)
 Metaspace       used 56367K, committed 56768K, reserved 1114112K
  class space    used 7663K, committed 7872K, reserved 1048576K
}
Event: 5.382 GC heap after
{Heap after GC invocations=14 (full 0):
 garbage-first heap   total 131072K, used 30721K [0x0000000704e00000, 0x0000000800000000)
  region size 2048K, 4 young (8192K), 4 survivors (8192K)
 Metaspace       used 56367K, committed 56768K, reserved 1114112K
  class space    used 7663K, committed 7872K, reserved 1048576K
}
Event: 5.622 GC heap before
{Heap before GC invocations=14 (full 0):
 garbage-first heap   total 131072K, used 47105K [0x0000000704e00000, 0x0000000800000000)
  region size 2048K, 13 young (26624K), 4 survivors (8192K)
 Metaspace       used 59700K, committed 60096K, reserved 1114112K
  class space    used 8256K, committed 8448K, reserved 1048576K
}
Event: 5.628 GC heap after
{Heap after GC invocations=15 (full 0):
 garbage-first heap   total 131072K, used 31381K [0x0000000704e00000, 0x0000000800000000)
  region size 2048K, 3 young (6144K), 3 survivors (6144K)
 Metaspace       used 59700K, committed 60096K, reserved 1114112K
  class space    used 8256K, committed 8448K, reserved 1048576K
}
Event: 6.548 GC heap before
{Heap before GC invocations=16 (full 0):
 garbage-first heap   total 116736K, used 94869K [0x0000000704e00000, 0x0000000800000000)
  region size 2048K, 34 young (69632K), 3 survivors (6144K)
 Metaspace       used 65495K, committed 65920K, reserved 1114112K
  class space    used 9046K, committed 9216K, reserved 1048576K
}
Event: 6.565 GC heap after
{Heap after GC invocations=17 (full 0):
 garbage-first heap   total 116736K, used 35686K [0x0000000704e00000, 0x0000000800000000)
  region size 2048K, 4 young (8192K), 4 survivors (8192K)
 Metaspace       used 65495K, committed 65920K, reserved 1114112K
  class space    used 9046K, committed 9216K, reserved 1048576K
}

Dll operation events (10 events):
Event: 0.012 Loaded shared library C:\Program Files\java\jdk-17.0.9+9\bin\java.dll
Event: 0.034 Loaded shared library C:\Program Files\java\jdk-17.0.9+9\bin\jsvml.dll
Event: 0.119 Loaded shared library C:\Program Files\java\jdk-17.0.9+9\bin\net.dll
Event: 0.120 Loaded shared library C:\Program Files\java\jdk-17.0.9+9\bin\nio.dll
Event: 0.122 Loaded shared library C:\Program Files\java\jdk-17.0.9+9\bin\zip.dll
Event: 0.150 Loaded shared library C:\Program Files\java\jdk-17.0.9+9\bin\management.dll
Event: 0.154 Loaded shared library C:\Program Files\java\jdk-17.0.9+9\bin\management_ext.dll
Event: 0.171 Loaded shared library C:\Program Files\java\jdk-17.0.9+9\bin\jimage.dll
Event: 1.876 Loaded shared library C:\Program Files\java\jdk-17.0.9+9\bin\sunmscapi.dll
Event: 4.549 Loaded shared library C:\Program Files\java\jdk-17.0.9+9\bin\verify.dll

Deoptimization events (20 events):
Event: 6.881 Thread 0x00000191d4ff4a40 Uncommon trap: trap_request=0xffffffde fr.pc=0x00000191e486b74c relative=0x00000000000000ac
Event: 6.881 Thread 0x00000191d4ff4a40 Uncommon trap: reason=class_check action=maybe_recompile pc=0x00000191e486b74c method=org.springframework.util.ObjectUtils.nullSafeHashCode(Ljava/lang/Object;)I @ 17 c2
Event: 6.881 Thread 0x00000191d4ff4a40 DEOPT PACKING pc=0x00000191e486b74c sp=0x00000042341faf80
Event: 6.881 Thread 0x00000191d4ff4a40 DEOPT UNPACKING pc=0x00000191e40669a3 sp=0x00000042341faf18 mode 2
Event: 6.901 Thread 0x00000191d4ff4a40 Uncommon trap: trap_request=0xffffffc6 fr.pc=0x00000191e4a56f78 relative=0x0000000000000f58
Event: 6.901 Thread 0x00000191d4ff4a40 Uncommon trap: reason=bimorphic_or_optimized_type_check action=maybe_recompile pc=0x00000191e4a56f78 method=org.springframework.core.annotation.AnnotationsScanner.processMethodHierarchy(Ljava/lang/Object;[ILjava/lang/Class;Lorg/springframework/core/annota
Event: 6.901 Thread 0x00000191d4ff4a40 DEOPT PACKING pc=0x00000191e4a56f78 sp=0x00000042341fb390
Event: 6.901 Thread 0x00000191d4ff4a40 DEOPT UNPACKING pc=0x00000191e40669a3 sp=0x00000042341fb240 mode 2
Event: 6.902 Thread 0x00000191d4ff4a40 Uncommon trap: trap_request=0xffffffc6 fr.pc=0x00000191e4a56f78 relative=0x0000000000000f58
Event: 6.902 Thread 0x00000191d4ff4a40 Uncommon trap: reason=bimorphic_or_optimized_type_check action=maybe_recompile pc=0x00000191e4a56f78 method=org.springframework.core.annotation.AnnotationsScanner.processMethodHierarchy(Ljava/lang/Object;[ILjava/lang/Class;Lorg/springframework/core/annota
Event: 6.902 Thread 0x00000191d4ff4a40 DEOPT PACKING pc=0x00000191e4a56f78 sp=0x00000042341fb390
Event: 6.902 Thread 0x00000191d4ff4a40 DEOPT UNPACKING pc=0x00000191e40669a3 sp=0x00000042341fb240 mode 2
Event: 6.902 Thread 0x00000191d4ff4a40 Uncommon trap: trap_request=0xffffffc6 fr.pc=0x00000191e4a56f78 relative=0x0000000000000f58
Event: 6.902 Thread 0x00000191d4ff4a40 Uncommon trap: reason=bimorphic_or_optimized_type_check action=maybe_recompile pc=0x00000191e4a56f78 method=org.springframework.core.annotation.AnnotationsScanner.processMethodHierarchy(Ljava/lang/Object;[ILjava/lang/Class;Lorg/springframework/core/annota
Event: 6.903 Thread 0x00000191d4ff4a40 DEOPT PACKING pc=0x00000191e4a56f78 sp=0x00000042341fb390
Event: 6.903 Thread 0x00000191d4ff4a40 DEOPT UNPACKING pc=0x00000191e40669a3 sp=0x00000042341fb240 mode 2
Event: 6.908 Thread 0x00000191d4ff4a40 Uncommon trap: trap_request=0xffffffde fr.pc=0x00000191e4a69f70 relative=0x0000000000000130
Event: 6.908 Thread 0x00000191d4ff4a40 Uncommon trap: reason=class_check action=maybe_recompile pc=0x00000191e4a69f70 method=org.springframework.core.annotation.TypeMappedAnnotations.scan(Ljava/lang/Object;Lorg/springframework/core/annotation/AnnotationsProcessor;)Ljava/lang/Object; @ 18 c2
Event: 6.908 Thread 0x00000191d4ff4a40 DEOPT PACKING pc=0x00000191e4a69f70 sp=0x00000042341fb570
Event: 6.909 Thread 0x00000191d4ff4a40 DEOPT UNPACKING pc=0x00000191e40669a3 sp=0x00000042341fb4e0 mode 2

Classes unloaded (0 events):
No events

Classes redefined (0 events):
No events

Internal exceptions (20 events):
Event: 5.620 Thread 0x00000191d4ff4a40 Exception <a 'java/lang/NoSuchMethodError'{0x000000070bdc1338}: 'java.lang.Object java.lang.invoke.DirectMethodHandle$Holder.newInvokeSpecial(java.lang.Object, java.lang.Object, java.lang.Object, java.lang.Object, java.lang.Object, java.lang.Object, java.lang.Object, java.lang.Object, java.lang.Object, java.lang.Object, java.lang.Object, java.lang.Object)'> (0x000000070bdc1338) 
thrown [s\src\hotspot\share\interpreter\linkResolver.cpp, line 759]
Event: 5.621 Thread 0x00000191d4ff4a40 Exception <a 'java/lang/NoSuchMethodError'{0x000000070bdc65c8}: 'java.lang.Object java.lang.invoke.DirectMethodHandle$Holder.invokeSpecial(java.lang.Object, java.lang.Object, java.lang.Object, java.lang.Object, java.lang.Object, java.lang.Object, java.lang.Object, java.lang.Object, java.lang.Object, java.lang.Object, java.lang.Object, java.lang.Object, java.lang.Object)'> (0x000000070bdc65c8) 
thrown [s\src\hotspot\share\interpreter\linkResolver.cpp, line 759]
Event: 5.621 Thread 0x00000191d4ff4a40 Exception <a 'java/lang/NoSuchMethodError'{0x000000070bdcb490}: 'java.lang.Object java.lang.invoke.Invokers$Holder.linkToTargetMethod(java.lang.Object, java.lang.Object, java.lang.Object, java.lang.Object, java.lang.Object, java.lang.Object, java.lang.Object, java.lang.Object, java.lang.Object, java.lang.Object, java.lang.Object, java.lang.Object)'> (0x000000070bdcb490) 
thrown [s\src\hotspot\share\interpreter\linkResolver.cpp, line 759]
Event: 5.656 Thread 0x00000191d4ff4a40 Exception <a 'java/lang/NoSuchMethodError'{0x000000070bc57738}: 'java.lang.Object java.lang.invoke.DirectMethodHandle$Holder.newInvokeSpecial(java.lang.Object, java.lang.Object, java.lang.Object, java.lang.Object, java.lang.Object, java.lang.Object, java.lang.Object, int)'> (0x000000070bc57738) 
thrown [s\src\hotspot\share\interpreter\linkResolver.cpp, line 759]
Event: 5.656 Thread 0x00000191d4ff4a40 Exception <a 'java/lang/NoSuchMethodError'{0x000000070bc5cee0}: 'java.lang.Object java.lang.invoke.DirectMethodHandle$Holder.invokeSpecial(java.lang.Object, java.lang.Object, java.lang.Object, java.lang.Object, java.lang.Object, java.lang.Object, java.lang.Object, java.lang.Object, int)'> (0x000000070bc5cee0) 
thrown [s\src\hotspot\share\interpreter\linkResolver.cpp, line 759]
Event: 5.656 Thread 0x00000191d4ff4a40 Exception <a 'java/lang/NoSuchMethodError'{0x000000070bc62158}: 'java.lang.Object java.lang.invoke.Invokers$Holder.linkToTargetMethod(java.lang.Object, java.lang.Object, java.lang.Object, java.lang.Object, java.lang.Object, java.lang.Object, int, java.lang.Object)'> (0x000000070bc62158) 
thrown [s\src\hotspot\share\interpreter\linkResolver.cpp, line 759]
Event: 5.829 Thread 0x00000191d4ff4a40 Exception <a 'java/lang/IncompatibleClassChangeError'{0x000000070abdc650}: Found class java.lang.Object, but interface was expected> (0x000000070abdc650) 
thrown [s\src\hotspot\share\interpreter\linkResolver.cpp, line 826]
Event: 5.846 Thread 0x00000191d4ff4a40 Exception <a 'java/lang/IncompatibleClassChangeError'{0x000000070a693ce8}: Found class java.lang.Object, but interface was expected> (0x000000070a693ce8) 
thrown [s\src\hotspot\share\interpreter\linkResolver.cpp, line 826]
Event: 5.894 Thread 0x00000191d4ff4a40 Exception <a 'java/lang/IncompatibleClassChangeError'{0x000000070a518980}: Found class java.lang.Object, but interface was expected> (0x000000070a518980) 
thrown [s\src\hotspot\share\interpreter\linkResolver.cpp, line 826]
Event: 6.087 Thread 0x00000191d4ff4a40 Exception <a 'java/lang/IncompatibleClassChangeError'{0x0000000709d21968}: Found class java.lang.Object, but interface was expected> (0x0000000709d21968) 
thrown [s\src\hotspot\share\interpreter\linkResolver.cpp, line 826]
Event: 6.096 Thread 0x00000191d4ff4a40 Exception <a 'java/lang/NoSuchMethodError'{0x0000000709d6ee78}: 'void java.lang.invoke.DirectMethodHandle$Holder.invokeSpecial(java.lang.Object, java.lang.Object, java.lang.Object, java.lang.Object, java.lang.Object, java.lang.Object, java.lang.Object)'> (0x0000000709d6ee78) 
thrown [s\src\hotspot\share\interpreter\linkResolver.cpp, line 759]
Event: 6.292 Thread 0x00000191d4ff4a40 Exception <a 'java/lang/NoSuchMethodError'{0x000000070917caf8}: 'void java.lang.invoke.DirectMethodHandle$Holder.invokeInterface(java.lang.Object, java.lang.Object, int)'> (0x000000070917caf8) 
thrown [s\src\hotspot\share\interpreter\linkResolver.cpp, line 759]
Event: 6.298 Thread 0x00000191d4ff4a40 Exception <a 'java/lang/IncompatibleClassChangeError'{0x00000007091cb2b0}: Found class java.lang.Object, but interface was expected> (0x00000007091cb2b0) 
thrown [s\src\hotspot\share\interpreter\linkResolver.cpp, line 826]
Event: 6.299 Thread 0x00000191d4ff4a40 Exception <a 'java/lang/NoSuchMethodError'{0x00000007091dbd90}: 'int java.lang.invoke.DirectMethodHandle$Holder.invokeSpecialIFC(java.lang.Object, java.lang.Object, java.lang.Object)'> (0x00000007091dbd90) 
thrown [s\src\hotspot\share\interpreter\linkResolver.cpp, line 759]
Event: 6.300 Thread 0x00000191d4ff4a40 Exception <a 'java/lang/NoSuchMethodError'{0x00000007091e9570}: 'void java.lang.invoke.DirectMethodHandle$Holder.invokeStatic(java.lang.Object, int, java.lang.Object)'> (0x00000007091e9570) 
thrown [s\src\hotspot\share\interpreter\linkResolver.cpp, line 759]
Event: 6.384 Thread 0x00000191d4ff4a40 Exception <a 'sun/nio/fs/WindowsException'{0x00000007089b20b0}> (0x00000007089b20b0) 
thrown [s\src\hotspot\share\prims\jni.cpp, line 516]
Event: 6.384 Thread 0x00000191d4ff4a40 Exception <a 'sun/nio/fs/WindowsException'{0x00000007089b63d8}> (0x00000007089b63d8) 
thrown [s\src\hotspot\share\prims\jni.cpp, line 516]
Event: 6.565 Thread 0x00000191d4ff4a40 Implicit null exception at 0x00000191e49c7a2d to 0x00000191e49c87c8
Event: 6.752 Thread 0x00000191d4ff4a40 Exception <a 'sun/nio/fs/WindowsException'{0x000000070ae59c18}> (0x000000070ae59c18) 
thrown [s\src\hotspot\share\prims\jni.cpp, line 516]
Event: 6.763 Thread 0x00000191d4ff4a40 Exception <a 'java/lang/IncompatibleClassChangeError'{0x000000070aee54e0}: Found class java.lang.Object, but interface was expected> (0x000000070aee54e0) 
thrown [s\src\hotspot\share\interpreter\linkResolver.cpp, line 826]

VM Operations (20 events):
Event: 5.646 Executing VM operation: G1PauseCleanup
Event: 5.646 Executing VM operation: G1PauseCleanup done
Event: 5.755 Executing VM operation: HandshakeAllThreads
Event: 5.755 Executing VM operation: HandshakeAllThreads done
Event: 5.876 Executing VM operation: HandshakeAllThreads
Event: 5.876 Executing VM operation: HandshakeAllThreads done
Event: 5.878 Executing VM operation: HandshakeAllThreads
Event: 5.878 Executing VM operation: HandshakeAllThreads done
Event: 6.039 Executing VM operation: HandshakeAllThreads
Event: 6.039 Executing VM operation: HandshakeAllThreads done
Event: 6.126 Executing VM operation: HandshakeAllThreads
Event: 6.126 Executing VM operation: HandshakeAllThreads done
Event: 6.147 Executing VM operation: ICBufferFull
Event: 6.147 Executing VM operation: ICBufferFull done
Event: 6.548 Executing VM operation: G1CollectForAllocation
Event: 6.565 Executing VM operation: G1CollectForAllocation done
Event: 6.906 Executing VM operation: HandshakeAllThreads
Event: 6.906 Executing VM operation: HandshakeAllThreads done
Event: 6.906 Executing VM operation: HandshakeAllThreads
Event: 6.906 Executing VM operation: HandshakeAllThreads done

Events (20 events):
Event: 6.891 loading class java/util/Comparators$NullComparator
Event: 6.891 loading class java/util/Comparators$NullComparator done
Event: 6.909 loading class sun/reflect/generics/tree/LongSignature
Event: 6.909 loading class sun/reflect/generics/tree/LongSignature done
Event: 6.909 loading class sun/reflect/annotation/TypeAnnotation$TypeAnnotationTarget
Event: 6.909 loading class sun/reflect/annotation/TypeAnnotation$TypeAnnotationTarget done
Event: 6.909 loading class sun/reflect/annotation/TypeAnnotationParser
Event: 6.909 loading class sun/reflect/annotation/TypeAnnotationParser done
Event: 6.909 loading class sun/reflect/annotation/TypeAnnotation
Event: 6.910 loading class sun/reflect/annotation/TypeAnnotation done
Event: 6.910 loading class sun/reflect/annotation/AnnotatedTypeFactory
Event: 6.910 loading class sun/reflect/annotation/AnnotatedTypeFactory done
Event: 6.910 loading class sun/reflect/annotation/AnnotatedTypeFactory$AnnotatedTypeBaseImpl
Event: 6.910 loading class sun/reflect/annotation/AnnotatedTypeFactory$AnnotatedTypeBaseImpl done
Event: 6.910 loading class sun/reflect/annotation/TypeAnnotation$LocationInfo
Event: 6.910 loading class sun/reflect/annotation/TypeAnnotation$LocationInfo done
Event: 6.910 loading class sun/reflect/annotation/TypeAnnotation$LocationInfo$Location
Event: 6.910 loading class sun/reflect/annotation/TypeAnnotation$LocationInfo$Location done
Event: 6.910 loading class java/lang/reflect/AnnotatedParameterizedType
Event: 6.910 loading class java/lang/reflect/AnnotatedParameterizedType done


Dynamic libraries:
0x00007ff6b20b0000 - 0x00007ff6b20be000 	C:\Program Files\java\jdk-17.0.9+9\bin\java.exe
0x00007ffcd5f10000 - 0x00007ffcd6126000 	C:\Windows\SYSTEM32\ntdll.dll
0x00007ffcd4470000 - 0x00007ffcd4534000 	C:\Windows\System32\KERNEL32.DLL
0x00007ffcd3740000 - 0x00007ffcd3ae7000 	C:\Windows\System32\KERNELBASE.dll
0x00007ffcd3af0000 - 0x00007ffcd3c01000 	C:\Windows\System32\ucrtbase.dll
0x00007ffccf420000 - 0x00007ffccf43b000 	C:\Program Files\java\jdk-17.0.9+9\bin\VCRUNTIME140.dll
0x00007ffcbfe10000 - 0x00007ffcbfe27000 	C:\Program Files\java\jdk-17.0.9+9\bin\jli.dll
0x00007ffcd3e00000 - 0x00007ffcd3fae000 	C:\Windows\System32\USER32.dll
0x00007ffcd3c10000 - 0x00007ffcd3c36000 	C:\Windows\System32\win32u.dll
0x00007ffcd3d90000 - 0x00007ffcd3db9000 	C:\Windows\System32\GDI32.dll
0x00007ffcd3620000 - 0x00007ffcd3739000 	C:\Windows\System32\gdi32full.dll
0x00007ffcd33d0000 - 0x00007ffcd346a000 	C:\Windows\System32\msvcp_win.dll
0x00007ffca32c0000 - 0x00007ffca3553000 	C:\Windows\WinSxS\amd64_microsoft.windows.common-controls_6595b64144ccf1df_6.0.22621.3235_none_270f74e173860f98\COMCTL32.dll
0x00007ffcd3c40000 - 0x00007ffcd3ce7000 	C:\Windows\System32\msvcrt.dll
0x00007ffcd3dc0000 - 0x00007ffcd3df1000 	C:\Windows\System32\IMM32.DLL
0x00007ffccf410000 - 0x00007ffccf41c000 	C:\Program Files\java\jdk-17.0.9+9\bin\vcruntime140_1.dll
0x00007ffc79c60000 - 0x00007ffc79ced000 	C:\Program Files\java\jdk-17.0.9+9\bin\msvcp140.dll
0x00007ffc19050000 - 0x00007ffc19cb1000 	C:\Program Files\java\jdk-17.0.9+9\bin\server\jvm.dll
0x00007ffcd5840000 - 0x00007ffcd58f2000 	C:\Windows\System32\ADVAPI32.dll
0x00007ffcd5e20000 - 0x00007ffcd5ec8000 	C:\Windows\System32\sechost.dll
0x00007ffcd3230000 - 0x00007ffcd3258000 	C:\Windows\System32\bcrypt.dll
0x00007ffcd4260000 - 0x00007ffcd4375000 	C:\Windows\System32\RPCRT4.dll
0x00007ffc8c0b0000 - 0x00007ffc8c0b9000 	C:\Windows\SYSTEM32\WSOCK32.dll
0x00007ffcd3cf0000 - 0x00007ffcd3d61000 	C:\Windows\System32\WS2_32.dll
0x00007ffcd3050000 - 0x00007ffcd309d000 	C:\Windows\SYSTEM32\POWRPROF.dll
0x00007ffcc3500000 - 0x00007ffcc350a000 	C:\Windows\SYSTEM32\VERSION.dll
0x00007ffcc7c30000 - 0x00007ffcc7c64000 	C:\Windows\SYSTEM32\WINMM.dll
0x00007ffcd2f30000 - 0x00007ffcd2f43000 	C:\Windows\SYSTEM32\UMPDC.dll
0x00007ffcd2230000 - 0x00007ffcd2248000 	C:\Windows\SYSTEM32\kernel.appcore.dll
0x00007ffcc9e60000 - 0x00007ffcc9e6a000 	C:\Program Files\java\jdk-17.0.9+9\bin\jimage.dll
0x00007ffcd0950000 - 0x00007ffcd0b83000 	C:\Windows\SYSTEM32\DBGHELP.DLL
0x00007ffcd5a90000 - 0x00007ffcd5e18000 	C:\Windows\System32\combase.dll
0x00007ffcd4380000 - 0x00007ffcd4457000 	C:\Windows\System32\OLEAUT32.dll
0x00007ffcc1640000 - 0x00007ffcc1672000 	C:\Windows\SYSTEM32\dbgcore.DLL
0x00007ffcd3470000 - 0x00007ffcd34e9000 	C:\Windows\System32\bcryptPrimitives.dll
0x00007ffccf3e0000 - 0x00007ffccf405000 	C:\Program Files\java\jdk-17.0.9+9\bin\java.dll
0x00007ffc87ad0000 - 0x00007ffc87ba7000 	C:\Program Files\java\jdk-17.0.9+9\bin\jsvml.dll
0x00007ffcd4e20000 - 0x00007ffcd567c000 	C:\Windows\System32\SHELL32.dll
0x00007ffcd0f30000 - 0x00007ffcd1829000 	C:\Windows\SYSTEM32\windows.storage.dll
0x00007ffcd1860000 - 0x00007ffcd199e000 	C:\Windows\SYSTEM32\wintypes.dll
0x00007ffcd5690000 - 0x00007ffcd5783000 	C:\Windows\System32\SHCORE.dll
0x00007ffcd5a10000 - 0x00007ffcd5a6e000 	C:\Windows\System32\shlwapi.dll
0x00007ffcd3160000 - 0x00007ffcd3181000 	C:\Windows\SYSTEM32\profapi.dll
0x00007ffc7a260000 - 0x00007ffc7a279000 	C:\Program Files\java\jdk-17.0.9+9\bin\net.dll
0x00007ffcca6e0000 - 0x00007ffcca816000 	C:\Windows\SYSTEM32\WINHTTP.dll
0x00007ffcd2690000 - 0x00007ffcd26f9000 	C:\Windows\system32\mswsock.dll
0x00007ffc79e60000 - 0x00007ffc79e76000 	C:\Program Files\java\jdk-17.0.9+9\bin\nio.dll
0x00007ffc79e40000 - 0x00007ffc79e58000 	C:\Program Files\java\jdk-17.0.9+9\bin\zip.dll
0x00007ffcc9e20000 - 0x00007ffcc9e29000 	C:\Program Files\java\jdk-17.0.9+9\bin\management.dll
0x00007ffcc9e10000 - 0x00007ffcc9e1b000 	C:\Program Files\java\jdk-17.0.9+9\bin\management_ext.dll
0x00007ffcd5680000 - 0x00007ffcd5688000 	C:\Windows\System32\PSAPI.DLL
0x00007ffcd1ab0000 - 0x00007ffcd1add000 	C:\Windows\SYSTEM32\IPHLPAPI.DLL
0x00007ffcd4460000 - 0x00007ffcd4469000 	C:\Windows\System32\NSI.dll
0x00007ffcca310000 - 0x00007ffcca329000 	C:\Windows\SYSTEM32\dhcpcsvc6.DLL
0x00007ffcca110000 - 0x00007ffcca12f000 	C:\Windows\SYSTEM32\dhcpcsvc.DLL
0x00007ffcd1ae0000 - 0x00007ffcd1bd9000 	C:\Windows\SYSTEM32\DNSAPI.dll
0x00007ffcc7d50000 - 0x00007ffcc7d5a000 	C:\Windows\System32\rasadhlp.dll
0x00007ffcc95e0000 - 0x00007ffcc9663000 	C:\Windows\System32\fwpuclnt.dll
0x00007ffc79c50000 - 0x00007ffc79c5e000 	C:\Program Files\java\jdk-17.0.9+9\bin\sunmscapi.dll
0x00007ffcd3260000 - 0x00007ffcd33c7000 	C:\Windows\System32\CRYPT32.dll
0x00007ffcd2aa0000 - 0x00007ffcd2ace000 	C:\Windows\SYSTEM32\ncrypt.dll
0x00007ffcd2a60000 - 0x00007ffcd2a97000 	C:\Windows\SYSTEM32\NTASN1.dll
0x00007ffcd2980000 - 0x00007ffcd299b000 	C:\Windows\SYSTEM32\CRYPTSP.dll
0x00007ffcd2190000 - 0x00007ffcd21c5000 	C:\Windows\system32\rsaenh.dll
0x00007ffcd2730000 - 0x00007ffcd2758000 	C:\Windows\SYSTEM32\USERENV.dll
0x00007ffcd2960000 - 0x00007ffcd296c000 	C:\Windows\SYSTEM32\CRYPTBASE.dll
0x00007ffc79d90000 - 0x00007ffc79da0000 	C:\Program Files\java\jdk-17.0.9+9\bin\verify.dll

dbghelp: loaded successfully - version: 4.0.5 - missing functions: none
symbol engine: initialized successfully - sym options: 0x614 - pdb path: .;C:\Program Files\java\jdk-17.0.9+9\bin;C:\Windows\SYSTEM32;C:\Windows\WinSxS\amd64_microsoft.windows.common-controls_6595b64144ccf1df_6.0.22621.3235_none_270f74e173860f98;C:\Program Files\java\jdk-17.0.9+9\bin\server

VM Arguments:
java_command: org.apache.maven.surefire.booter.ForkedBooter C:\Users\yessenia.gonzalez\AppData\Local\Temp\surefire3697939546069722889 2024-05-08T15-07-31_381-jvmRun1 surefire-20240508150731531_1tmp surefire_0-20240508150731531_2tmp
java_class_path (initial): C:\Users\yessenia.gonzalez\.m2\repository\org\apache\maven\surefire\surefire-booter\3.2.5\surefire-booter-3.2.5.jar;C:\Users\yessenia.gonzalez\.m2\repository\org\apache\maven\surefire\surefire-api\3.2.5\surefire-api-3.2.5.jar;C:\Users\yessenia.gonzalez\.m2\repository\org\apache\maven\surefire\surefire-logger-api\3.2.5\surefire-logger-api-3.2.5.jar;C:\Users\yessenia.gonzalez\.m2\repository\org\apache\maven\surefire\surefire-shared-utils\3.2.5\surefire-shared-utils-3.2.5.jar;C:\Users\yessenia.gonzalez\.m2\repository\org\apache\maven\surefire\surefire-extensions-spi\3.2.5\surefire-extensions-spi-3.2.5.jar;C:\DiscoD\ProeyectoSpringBoot\scsfparent\businessdomain\calrenproduction\target\test-classes;C:\DiscoD\ProeyectoSpringBoot\scsfparent\businessdomain\calrenproduction\target\classes;C:\Users\yessenia.gonzalez\.m2\repository\org\springframework\boot\spring-boot-starter-webflux\3.2.4\spring-boot-starter-webflux-3.2.4.jar;C:\Users\yessenia.gonzalez\.m2\repository\org\springframework\boot\spring-boot-starter-json\3.2.4\spring-boot-starter-json-3.2.4.jar;C:\Users\yessenia.gonzalez\.m2\repository\com\fasterxml\jackson\datatype\jackson-datatype-jdk8\2.15.4\jackson-datatype-jdk8-2.15.4.jar;C:\Users\yessenia.gonzalez\.m2\repository\com\fasterxml\jackson\datatype\jackson-datatype-jsr310\2.15.4\jackson-datatype-jsr310-2.15.4.jar;C:\Users\yessenia.gonzalez\.m2\repository\com\fasterxml\jackson\module\jackson-module-parameter-names\2.15.4\jackson-module-parameter-names-2.15.4.jar;C:\Users\yessenia.gonzalez\.m2\repository\org\springframework\boot\spring-boot-starter-reactor-netty\3.2.4\spring-boot-starter-reactor-netty-3.2.4.jar;C:\Users\yessenia.gonzalez\.m2\repository\io\projectreactor\netty\reactor-netty-http\1.1.17\reactor-netty-http-1.1.17.jar;C:\Users\yessenia.gonzalez\.m2\repository\io\netty\netty-codec-http\4.1.107.Final\netty-codec-http-4.1.107.Final.jar;C:\Users\yessenia.gonzalez\.m2\repository\io\netty\netty-common\4.1.107.Final\netty-common-4.
Launcher Type: SUN_STANDARD

[Global flags]
     intx CICompilerCount                          = 4                                         {product} {ergonomic}
     uint ConcGCThreads                            = 3                                         {product} {ergonomic}
     uint G1ConcRefinementThreads                  = 10                                        {product} {ergonomic}
   size_t G1HeapRegionSize                         = 2097152                                   {product} {ergonomic}
    uintx GCDrainStackTargetSize                   = 64                                        {product} {ergonomic}
   size_t InitialHeapSize                          = 264241152                                 {product} {ergonomic}
   size_t MarkStackSize                            = 4194304                                   {product} {ergonomic}
   size_t MaxHeapSize                              = 4213178368                                {product} {ergonomic}
   size_t MaxNewSize                               = 2527068160                                {product} {ergonomic}
   size_t MinHeapDeltaBytes                        = 2097152                                   {product} {ergonomic}
   size_t MinHeapSize                              = 8388608                                   {product} {ergonomic}
    uintx NonNMethodCodeHeapSize                   = 5839372                                {pd product} {ergonomic}
    uintx NonProfiledCodeHeapSize                  = 122909434                              {pd product} {ergonomic}
    uintx ProfiledCodeHeapSize                     = 122909434                              {pd product} {ergonomic}
    uintx ReservedCodeCacheSize                    = 251658240                              {pd product} {ergonomic}
     bool SegmentedCodeCache                       = true                                      {product} {ergonomic}
   size_t SoftMaxHeapSize                          = 4213178368                             {manageable} {ergonomic}
     bool UseCompressedClassPointers               = true                           {product lp64_product} {ergonomic}
     bool UseCompressedOops                        = true                           {product lp64_product} {ergonomic}
     bool UseG1GC                                  = true                                      {product} {ergonomic}
     bool UseLargePagesIndividualAllocation        = false                                  {pd product} {ergonomic}

Logging:
Log output configuration:
 #0: stdout all=warning uptime,level,tags
 #1: stderr all=off uptime,level,tags

Environment Variables:
JAVA_HOME=C:\Program Files\java\jdk-17.0.9+9
CLASSPATH=C:\Users\yessenia.gonzalez\.m2\repository\org\apache\maven\surefire\surefire-booter\3.2.5\surefire-booter-3.2.5.jar;C:\Users\yessenia.gonzalez\.m2\repository\org\apache\maven\surefire\surefire-api\3.2.5\surefire-api-3.2.5.jar;C:\Users\yessenia.gonzalez\.m2\repository\org\apache\maven\surefire\surefire-logger-api\3.2.5\surefire-logger-api-3.2.5.jar;C:\Users\yessenia.gonzalez\.m2\repository\org\apache\maven\surefire\surefire-shared-utils\3.2.5\surefire-shared-utils-3.2.5.jar;C:\Users\yessenia.gonzalez\.m2\repository\org\apache\maven\surefire\surefire-extensions-spi\3.2.5\surefire-extensions-spi-3.2.5.jar;C:\DiscoD\ProeyectoSpringBoot\scsfparent\businessdomain\calrenproduction\target\test-classes;C:\DiscoD\ProeyectoSpringBoot\scsfparent\businessdomain\calrenproduction\target\classes;C:\Users\yessenia.gonzalez\.m2\repository\org\springframework\boot\spring-boot-starter-webflux\3.2.4\spring-boot-starter-webflux-3.2.4.jar;C:\Users\yessenia.gonzalez\.m2\repository\org\springframework\boot\spring-boot-starter-json\3.2.4\spring-boot-starter-json-3.2.4.jar;C:\Users\yessenia.gonzalez\.m2\repository\com\fasterxml\jackson\datatype\jackson-datatype-jdk8\2.15.4\jackson-datatype-jdk8-2.15.4.jar;C:\Users\yessenia.gonzalez\.m2\repository\com\fasterxml\jackson\datatype\jackson-datatype-jsr310\2.15.4\jackson-datatype-jsr310-2.15.4.jar;C:\Users\yessenia.gonzalez\.m2\repository\com\fasterxml\jackson\module\jackson-module-parameter-names\2.15.4\jackson-module-parameter-names-2.15.4.jar;C:\Users\yessenia.gonzalez\.m2\repository\org\springframework\boot\spring-boot-starter-reactor-netty\3.2.4\spring-boot-starter-reactor-netty-3.2.4.jar;C:\Users\yessenia.gonzalez\.m2\repository\io\projectreactor\netty\reactor-netty-http\1.1.17\reactor-netty-http-1.1.17.jar;C:\Users\yessenia.gonzalez\.m2\repository\io\netty\netty-codec-http\4.1.107.Final\netty-codec-http-4.1.107.Final.jar;C:\Users\yessenia.gonzalez\.m2\repository\io\netty\netty-common\4.1.107.Final\netty-common-4.1.107.Final.jar;C:\Users\ye
PATH=C:\DevSuiteHome_1\jdk\jre\bin\classic;C:\DevSuiteHome_1\jdk\jre\bin;C:\DevSuiteHome_1\jdk\jre\bin\client;C:\DevSuiteHome_1\jlib;C:\DevSuiteHome_1\bin;C:\DevSuiteHome_1\jre\1.4.2\bin\client;C:\DevSuiteHome_1\jre\1.4.2\bin;C:\Program Files (x86)\Common Files\Oracle\Java\javapath;C:\Windows\system32;C:\Windows;C:\Windows\System32\Wbem;C:\Windows\System32\WindowsPowerShell\v1.0\;C:\Windows\System32\OpenSSH\;C:\Program Files\dotnet\;C:\Program Files\java\jdk-11.0.0.1\bin;C:\Users\yessenia.gonzalez\AppData\Roaming\nvm;C:\ambiente\node;C:\Program Files\nodejs\;C:\Program Files\PuTTY\;C:\Program Files\Git\cmd;C:\Users\yessenia.gonzalez\AppData\Local\Microsoft\WindowsApps;C:\Program Files\java\jdk-11.0.0.1\bin;C:\Users\yessenia.gonzalez\apache-maven-3.9.6;C:\Program Files\JetBrains\IntelliJ IDEA 2023.3.3\bin;;C:\Users\yessenia.gonzalez\AppData\Local\Programs\Microsoft VS Code\bin;C:\Users\yessenia.gonzalez\AppData\Roaming\nvm;C:\ambiente\node;C:\Users\yessenia.gonzalez\AppData\Roaming\npm;C:\Program Files\nodejs;
USERNAME=yessenia.gonzalez
OS=Windows_NT
PROCESSOR_IDENTIFIER=Intel64 Family 6 Model 186 Stepping 3, GenuineIntel
TMP=C:\Users\YESSEN~1.GON\AppData\Local\Temp
TEMP=C:\Users\YESSEN~1.GON\AppData\Local\Temp



Periodic native trim disabled


---------------  S Y S T E M  ---------------

OS:
 Windows 11 , 64 bit Build 22621 (10.0.22621.3374)
OS uptime: 0 days 7:04 hours
Hyper-V role detected

CPU: total 12 (initial active 12) (6 cores per cpu, 2 threads per core) family 6 model 186 stepping 3 microcode 0x4114, cx8, cmov, fxsr, ht, mmx, 3dnowpref, sse, sse2, sse3, ssse3, sse4.1, sse4.2, popcnt, lzcnt, tsc, tscinvbit, avx, avx2, aes, erms, clmul, bmi1, bmi2, adx, sha, fma, vzeroupper, clflush, clflushopt, clwb, hv
Processor Information for processor 0
  Max Mhz: 1700, Current Mhz: 1700, Mhz Limit: 1700
Processor Information for processor 1
  Max Mhz: 1700, Current Mhz: 1700, Mhz Limit: 1700
Processor Information for processor 2
  Max Mhz: 1700, Current Mhz: 1700, Mhz Limit: 1700
Processor Information for processor 3
  Max Mhz: 1700, Current Mhz: 1700, Mhz Limit: 1700
Processor Information for processor 4
  Max Mhz: 1700, Current Mhz: 1200, Mhz Limit: 1190
Processor Information for processor 5
  Max Mhz: 1700, Current Mhz: 1200, Mhz Limit: 1190
Processor Information for processor 6
  Max Mhz: 1700, Current Mhz: 1200, Mhz Limit: 1190
Processor Information for processor 7
  Max Mhz: 1700, Current Mhz: 1200, Mhz Limit: 1190
Processor Information for processor 8
  Max Mhz: 1700, Current Mhz: 1200, Mhz Limit: 1190
Processor Information for processor 9
  Max Mhz: 1700, Current Mhz: 1200, Mhz Limit: 1190
Processor Information for processor 10
  Max Mhz: 1700, Current Mhz: 1200, Mhz Limit: 1190
Processor Information for processor 11
  Max Mhz: 1700, Current Mhz: 1200, Mhz Limit: 1190

Memory: 4k page, system-wide physical 16068M (2828M free)
TotalPageFile size 19012M (AvailPageFile size 5M)
current process WorkingSet (physical memory assigned to process): 332M, peak: 339M
current process commit charge ("private bytes"): 376M, peak: 428M

vm_info: OpenJDK 64-Bit Server VM (17.0.9+9) for windows-amd64 JRE (17.0.9+9), built on Oct 26 2023 14:01:42 by "admin" with MS VC++ 16.10 / 16.11 (VS2019)

END.
